<?xml version="1.0" encoding="UTF-8" ?>
<testsuite failures="0" time="3.565" errors="0" skipped="0" tests="1" name="TestSuite">
  <properties>
    <property name="java.runtime.name" value="Java(TM) SE Runtime Environment"/>
    <property name="sun.boot.library.path" value="D:\java\jdk\jre\bin"/>
    <property name="java.vm.version" value="20.5-b03"/>
    <property name="java.vm.vendor" value="Sun Microsystems Inc."/>
    <property name="java.vendor.url" value="http://java.sun.com/"/>
    <property name="path.separator" value=";"/>
    <property name="java.vm.name" value="Java HotSpot(TM) Client VM"/>
    <property name="file.encoding.pkg" value="sun.io"/>
    <property name="user.country" value="CN"/>
    <property name="sun.java.launcher" value="SUN_STANDARD"/>
    <property name="sun.os.patch.level" value="Service Pack 1"/>
    <property name="java.vm.specification.name" value="Java Virtual Machine Specification"/>
    <property name="user.dir" value="D:\tools\MyEclipse 10\appService"/>
    <property name="java.runtime.version" value="1.6.0_30-b12"/>
    <property name="java.awt.graphicsenv" value="sun.awt.Win32GraphicsEnvironment"/>
    <property name="basedir" value="D:\tools\MyEclipse 10\appService"/>
    <property name="java.endorsed.dirs" value="D:\java\jdk\jre\lib\endorsed"/>
    <property name="os.arch" value="x86"/>
    <property name="surefire.real.class.path" value="D:\tools\MyEclipse 10\appService\target\surefire\surefirebooter6954922909452268510.jar"/>
    <property name="java.io.tmpdir" value="C:\Users\xyuser\AppData\Local\Temp\"/>
    <property name="line.separator" value="
"/>
    <property name="java.vm.specification.vendor" value="Sun Microsystems Inc."/>
    <property name="user.variant" value=""/>
    <property name="os.name" value="Windows 7"/>
    <property name="sun.jnu.encoding" value="GBK"/>
    <property name="java.library.path" value="D:\java\jdk\jre\bin;C:\Windows\Sun\Java\bin;C:\Windows\system32;C:\Windows;C:\Perl64\site\bin;C:\Perl64\bin;C:\Program Files (x86)\PC Connectivity Solution\;C:\Program Files (x86)\NVIDIA Corporation\PhysX\Common;d:\tools\oracle\product\11.2.0\dbhome_1\bin;C:\Windows\system32;C:\Windows;C:\Windows\System32\Wbem;C:\Windows\System32\WindowsPowerShell\v1.0\;C:\Program Files (x86)\Intel\Services\IPT\;C:\Program Files\Intel\WiFi\bin\;C:\Program Files\Common Files\Intel\WirelessCommon\;C:\Program Files (x86)\Lenovo\Access Connections\;C:\Program Files\ThinkPad\Bluetooth Software\;C:\Program Files\ThinkPad\Bluetooth Software\syswow64;C:\Program Files\TortoiseSVN\bin;C:\Program Files\Intel\WiFi\bin\;C:\Program Files\Common Files\Intel\WirelessCommon\;C:\Program Files (x86)\IDM Computer Solutions\UltraEdit\;D:\java\JDK\BIN;D:\TOOLS\TOMCAT\BIN;D:\tools\apache-maven-3.0.3\BIN;D:\tools\Android\android-sdk\tools;D:\tools\Android\android-sdk\platform-tools;."/>
    <property name="surefire.test.class.path" value="D:\tools\MyEclipse 10\appService\target\test-classes;D:\tools\MyEclipse 10\appService\target\classes;D:\tools\Maven\maven_lib\commons-lang\commons-lang\2.6\commons-lang-2.6.jar;D:\tools\Maven\maven_lib\commons-codec\commons-codec\1.4\commons-codec-1.4.jar;D:\tools\Maven\maven_lib\com\google\guava\guava\14.0-rc2\guava-14.0-rc2.jar;D:\tools\Maven\maven_lib\junit\junit\4.8.2\junit-4.8.2.jar;D:\tools\Maven\maven_lib\org\testng\testng\5.14\testng-5.14.jar;D:\tools\Maven\maven_lib\org\beanshell\bsh\2.0b4\bsh-2.0b4.jar;D:\tools\Maven\maven_lib\com\google\inject\guice\2.0\guice-2.0.jar;D:\tools\Maven\maven_lib\com\beust\jcommander\1.5\jcommander-1.5.jar;D:\tools\Maven\maven_lib\opencsv\opencsv\2.2\opencsv-2.2.jar;D:\tools\Maven\maven_lib\org\apache\struts\struts2-core\2.2.1\struts2-core-2.2.1.jar;D:\tools\Maven\maven_lib\org\apache\struts\xwork\xwork-core\2.2.1\xwork-core-2.2.1.jar;D:\tools\Maven\maven_lib\org\freemarker\freemarker\2.3.16\freemarker-2.3.16.jar;D:\tools\Maven\maven_lib\ognl\ognl\3.0\ognl-3.0.jar;D:\tools\Maven\maven_lib\commons-fileupload\commons-fileupload\1.2.1\commons-fileupload-1.2.1.jar;D:\tools\Maven\maven_lib\commons-io\commons-io\1.3.2\commons-io-1.3.2.jar;D:\tools\Maven\maven_lib\org\apache\struts\struts2-sitemesh-plugin\2.2.1\struts2-sitemesh-plugin-2.2.1.jar;D:\tools\Maven\maven_lib\opensymphony\sitemesh\2.4.2\sitemesh-2.4.2.jar;D:\tools\Maven\maven_lib\org\apache\struts\struts2-json-plugin\2.2.1\struts2-json-plugin-2.2.1.jar;D:\tools\Maven\maven_lib\org\apache\struts\struts2-convention-plugin\2.2.1\struts2-convention-plugin-2.2.1.jar;D:\tools\Maven\maven_lib\org\apache\struts\struts2-spring-plugin\2.2.1\struts2-spring-plugin-2.2.1.jar;D:\tools\Maven\maven_lib\org\apache\velocity\velocity\1.7\velocity-1.7.jar;D:\tools\Maven\maven_lib\commons-collections\commons-collections\3.2.1\commons-collections-3.2.1.jar;D:\tools\Maven\maven_lib\org\apache\velocity\velocity-tools\2.0\velocity-tools-2.0.jar;D:\tools\Maven\maven_lib\commons-beanutils\commons-beanutils\1.7.0\commons-beanutils-1.7.0.jar;D:\tools\Maven\maven_lib\commons-digester\commons-digester\1.8\commons-digester-1.8.jar;D:\tools\Maven\maven_lib\commons-chain\commons-chain\1.1\commons-chain-1.1.jar;D:\tools\Maven\maven_lib\commons-logging\commons-logging\1.1\commons-logging-1.1.jar;D:\tools\Maven\maven_lib\commons-validator\commons-validator\1.3.1\commons-validator-1.3.1.jar;D:\tools\Maven\maven_lib\dom4j\dom4j\1.1\dom4j-1.1.jar;D:\tools\Maven\maven_lib\oro\oro\2.0.8\oro-2.0.8.jar;D:\tools\Maven\maven_lib\sslext\sslext\1.2-0\sslext-1.2-0.jar;D:\tools\Maven\maven_lib\com\alibaba\fastjson\1.1.27\fastjson-1.1.27.jar;D:\tools\Maven\maven_lib\org\codehaus\jackson\jackson-mapper-asl\1.9.10\jackson-mapper-asl-1.9.10.jar;D:\tools\Maven\maven_lib\org\codehaus\jackson\jackson-core-asl\1.9.10\jackson-core-asl-1.9.10.jar;D:\tools\Maven\maven_lib\org\springframework\spring-core\3.2.2.RELEASE\spring-core-3.2.2.RELEASE.jar;D:\tools\Maven\maven_lib\org\springframework\spring-beans\3.2.2.RELEASE\spring-beans-3.2.2.RELEASE.jar;D:\tools\Maven\maven_lib\org\springframework\spring-tx\3.2.2.RELEASE\spring-tx-3.2.2.RELEASE.jar;D:\tools\Maven\maven_lib\aopalliance\aopalliance\1.0\aopalliance-1.0.jar;D:\tools\Maven\maven_lib\org\springframework\spring-jdbc\3.2.2.RELEASE\spring-jdbc-3.2.2.RELEASE.jar;D:\tools\Maven\maven_lib\org\springframework\spring-context\3.2.2.RELEASE\spring-context-3.2.2.RELEASE.jar;D:\tools\Maven\maven_lib\org\springframework\spring-aop\3.2.2.RELEASE\spring-aop-3.2.2.RELEASE.jar;D:\tools\Maven\maven_lib\org\springframework\spring-expression\3.2.2.RELEASE\spring-expression-3.2.2.RELEASE.jar;D:\tools\Maven\maven_lib\org\springframework\spring-context-support\3.2.2.RELEASE\spring-context-support-3.2.2.RELEASE.jar;D:\tools\Maven\maven_lib\org\springframework\spring-web\3.2.2.RELEASE\spring-web-3.2.2.RELEASE.jar;D:\tools\Maven\maven_lib\org\springframework\spring-test\3.2.2.RELEASE\spring-test-3.2.2.RELEASE.jar;D:\tools\Maven\maven_lib\org\springframework\spring-oxm\3.2.2.RELEASE\spring-oxm-3.2.2.RELEASE.jar;D:\tools\Maven\maven_lib\org\springframework\spring-webmvc\3.2.2.RELEASE\spring-webmvc-3.2.2.RELEASE.jar;D:\tools\Maven\maven_lib\org\quartz-scheduler\quartz\1.8.6\quartz-1.8.6.jar;D:\tools\Maven\maven_lib\org\quartz-scheduler\quartz-oracle\1.8.6\quartz-oracle-1.8.6.jar;D:\tools\Maven\maven_lib\org\quartz-scheduler\quartz-weblogic\1.8.6\quartz-weblogic-1.8.6.jar;D:\tools\Maven\maven_lib\org\quartz-scheduler\quartz-jboss\1.8.6\quartz-jboss-1.8.6.jar;D:\tools\Maven\maven_lib\javax\servlet\servlet-api\2.5\servlet-api-2.5.jar;D:\tools\Maven\maven_lib\javax\servlet\jsp\jsp-api\2.2\jsp-api-2.2.jar;D:\tools\Maven\maven_lib\com\sun\tools\1.5.0\tools-1.5.0.jar;D:\tools\Maven\maven_lib\cglib\cglib\2.2\cglib-2.2.jar;D:\tools\Maven\maven_lib\asm\asm\3.1\asm-3.1.jar;D:\tools\Maven\maven_lib\org\aspectj\aspectjweaver\1.6.10\aspectjweaver-1.6.10.jar;D:\tools\Maven\maven_lib\commons-dbcp\commons-dbcp\1.4\commons-dbcp-1.4.jar;D:\tools\Maven\maven_lib\commons-pool\commons-pool\1.5.4\commons-pool-1.5.4.jar;D:\tools\Maven\maven_lib\com\oracle\ojdbc\6\ojdbc-6.jar;D:\tools\Maven\maven_lib\javassist\javassist\3.8.0.GA\javassist-3.8.0.GA.jar;D:\tools\Maven\maven_lib\org\mybatis\mybatis-spring\1.2.0\mybatis-spring-1.2.0.jar;D:\tools\Maven\maven_lib\org\mybatis\mybatis\3.2.0\mybatis-3.2.0.jar;D:\tools\Maven\maven_lib\org\apache\xmlbeans\xmlbeans\2.4.0\xmlbeans-2.4.0.jar;D:\tools\Maven\maven_lib\stax\stax-api\1.0.1\stax-api-1.0.1.jar;D:\tools\Maven\maven_lib\log4j\log4j\1.2.16\log4j-1.2.16.jar;D:\tools\Maven\maven_lib\org\slf4j\slf4j-api\1.7.2\slf4j-api-1.7.2.jar;D:\tools\Maven\maven_lib\org\slf4j\slf4j-log4j12\1.7.2\slf4j-log4j12-1.7.2.jar;D:\tools\Maven\maven_lib\joda-time\joda-time\1.6.2\joda-time-1.6.2.jar;D:\tools\Maven\maven_lib\com\thoughtworks\xstream\xstream\1.3.1\xstream-1.3.1.jar;D:\tools\Maven\maven_lib\xpp3\xpp3_min\1.1.4c\xpp3_min-1.1.4c.jar;D:\tools\Maven\maven_lib\com\google\code\gson\gson\2.2.2\gson-2.2.2.jar;D:\tools\Maven\maven_lib\cn\jpush\api\jpush\2.0\jpush-2.0.jar;"/>
    <property name="java.specification.name" value="Java Platform API Specification"/>
    <property name="java.class.version" value="50.0"/>
    <property name="sun.management.compiler" value="HotSpot Client Compiler"/>
    <property name="os.version" value="6.1"/>
    <property name="user.home" value="C:\Users\xyuser"/>
    <property name="user.timezone" value="Asia/Shanghai"/>
    <property name="java.awt.printerjob" value="sun.awt.windows.WPrinterJob"/>
    <property name="java.specification.version" value="1.6"/>
    <property name="file.encoding" value="GBK"/>
    <property name="user.name" value="xyuser"/>
    <property name="java.class.path" value="D:\tools\MyEclipse 10\appService\target\test-classes;D:\tools\MyEclipse 10\appService\target\classes;D:\tools\Maven\maven_lib\commons-lang\commons-lang\2.6\commons-lang-2.6.jar;D:\tools\Maven\maven_lib\commons-codec\commons-codec\1.4\commons-codec-1.4.jar;D:\tools\Maven\maven_lib\com\google\guava\guava\14.0-rc2\guava-14.0-rc2.jar;D:\tools\Maven\maven_lib\junit\junit\4.8.2\junit-4.8.2.jar;D:\tools\Maven\maven_lib\org\testng\testng\5.14\testng-5.14.jar;D:\tools\Maven\maven_lib\org\beanshell\bsh\2.0b4\bsh-2.0b4.jar;D:\tools\Maven\maven_lib\com\google\inject\guice\2.0\guice-2.0.jar;D:\tools\Maven\maven_lib\com\beust\jcommander\1.5\jcommander-1.5.jar;D:\tools\Maven\maven_lib\opencsv\opencsv\2.2\opencsv-2.2.jar;D:\tools\Maven\maven_lib\org\apache\struts\struts2-core\2.2.1\struts2-core-2.2.1.jar;D:\tools\Maven\maven_lib\org\apache\struts\xwork\xwork-core\2.2.1\xwork-core-2.2.1.jar;D:\tools\Maven\maven_lib\org\freemarker\freemarker\2.3.16\freemarker-2.3.16.jar;D:\tools\Maven\maven_lib\ognl\ognl\3.0\ognl-3.0.jar;D:\tools\Maven\maven_lib\commons-fileupload\commons-fileupload\1.2.1\commons-fileupload-1.2.1.jar;D:\tools\Maven\maven_lib\commons-io\commons-io\1.3.2\commons-io-1.3.2.jar;D:\tools\Maven\maven_lib\org\apache\struts\struts2-sitemesh-plugin\2.2.1\struts2-sitemesh-plugin-2.2.1.jar;D:\tools\Maven\maven_lib\opensymphony\sitemesh\2.4.2\sitemesh-2.4.2.jar;D:\tools\Maven\maven_lib\org\apache\struts\struts2-json-plugin\2.2.1\struts2-json-plugin-2.2.1.jar;D:\tools\Maven\maven_lib\org\apache\struts\struts2-convention-plugin\2.2.1\struts2-convention-plugin-2.2.1.jar;D:\tools\Maven\maven_lib\org\apache\struts\struts2-spring-plugin\2.2.1\struts2-spring-plugin-2.2.1.jar;D:\tools\Maven\maven_lib\org\apache\velocity\velocity\1.7\velocity-1.7.jar;D:\tools\Maven\maven_lib\commons-collections\commons-collections\3.2.1\commons-collections-3.2.1.jar;D:\tools\Maven\maven_lib\org\apache\velocity\velocity-tools\2.0\velocity-tools-2.0.jar;D:\tools\Maven\maven_lib\commons-beanutils\commons-beanutils\1.7.0\commons-beanutils-1.7.0.jar;D:\tools\Maven\maven_lib\commons-digester\commons-digester\1.8\commons-digester-1.8.jar;D:\tools\Maven\maven_lib\commons-chain\commons-chain\1.1\commons-chain-1.1.jar;D:\tools\Maven\maven_lib\commons-logging\commons-logging\1.1\commons-logging-1.1.jar;D:\tools\Maven\maven_lib\commons-validator\commons-validator\1.3.1\commons-validator-1.3.1.jar;D:\tools\Maven\maven_lib\dom4j\dom4j\1.1\dom4j-1.1.jar;D:\tools\Maven\maven_lib\oro\oro\2.0.8\oro-2.0.8.jar;D:\tools\Maven\maven_lib\sslext\sslext\1.2-0\sslext-1.2-0.jar;D:\tools\Maven\maven_lib\com\alibaba\fastjson\1.1.27\fastjson-1.1.27.jar;D:\tools\Maven\maven_lib\org\codehaus\jackson\jackson-mapper-asl\1.9.10\jackson-mapper-asl-1.9.10.jar;D:\tools\Maven\maven_lib\org\codehaus\jackson\jackson-core-asl\1.9.10\jackson-core-asl-1.9.10.jar;D:\tools\Maven\maven_lib\org\springframework\spring-core\3.2.2.RELEASE\spring-core-3.2.2.RELEASE.jar;D:\tools\Maven\maven_lib\org\springframework\spring-beans\3.2.2.RELEASE\spring-beans-3.2.2.RELEASE.jar;D:\tools\Maven\maven_lib\org\springframework\spring-tx\3.2.2.RELEASE\spring-tx-3.2.2.RELEASE.jar;D:\tools\Maven\maven_lib\aopalliance\aopalliance\1.0\aopalliance-1.0.jar;D:\tools\Maven\maven_lib\org\springframework\spring-jdbc\3.2.2.RELEASE\spring-jdbc-3.2.2.RELEASE.jar;D:\tools\Maven\maven_lib\org\springframework\spring-context\3.2.2.RELEASE\spring-context-3.2.2.RELEASE.jar;D:\tools\Maven\maven_lib\org\springframework\spring-aop\3.2.2.RELEASE\spring-aop-3.2.2.RELEASE.jar;D:\tools\Maven\maven_lib\org\springframework\spring-expression\3.2.2.RELEASE\spring-expression-3.2.2.RELEASE.jar;D:\tools\Maven\maven_lib\org\springframework\spring-context-support\3.2.2.RELEASE\spring-context-support-3.2.2.RELEASE.jar;D:\tools\Maven\maven_lib\org\springframework\spring-web\3.2.2.RELEASE\spring-web-3.2.2.RELEASE.jar;D:\tools\Maven\maven_lib\org\springframework\spring-test\3.2.2.RELEASE\spring-test-3.2.2.RELEASE.jar;D:\tools\Maven\maven_lib\org\springframework\spring-oxm\3.2.2.RELEASE\spring-oxm-3.2.2.RELEASE.jar;D:\tools\Maven\maven_lib\org\springframework\spring-webmvc\3.2.2.RELEASE\spring-webmvc-3.2.2.RELEASE.jar;D:\tools\Maven\maven_lib\org\quartz-scheduler\quartz\1.8.6\quartz-1.8.6.jar;D:\tools\Maven\maven_lib\org\quartz-scheduler\quartz-oracle\1.8.6\quartz-oracle-1.8.6.jar;D:\tools\Maven\maven_lib\org\quartz-scheduler\quartz-weblogic\1.8.6\quartz-weblogic-1.8.6.jar;D:\tools\Maven\maven_lib\org\quartz-scheduler\quartz-jboss\1.8.6\quartz-jboss-1.8.6.jar;D:\tools\Maven\maven_lib\javax\servlet\servlet-api\2.5\servlet-api-2.5.jar;D:\tools\Maven\maven_lib\javax\servlet\jsp\jsp-api\2.2\jsp-api-2.2.jar;D:\tools\Maven\maven_lib\com\sun\tools\1.5.0\tools-1.5.0.jar;D:\tools\Maven\maven_lib\cglib\cglib\2.2\cglib-2.2.jar;D:\tools\Maven\maven_lib\asm\asm\3.1\asm-3.1.jar;D:\tools\Maven\maven_lib\org\aspectj\aspectjweaver\1.6.10\aspectjweaver-1.6.10.jar;D:\tools\Maven\maven_lib\commons-dbcp\commons-dbcp\1.4\commons-dbcp-1.4.jar;D:\tools\Maven\maven_lib\commons-pool\commons-pool\1.5.4\commons-pool-1.5.4.jar;D:\tools\Maven\maven_lib\com\oracle\ojdbc\6\ojdbc-6.jar;D:\tools\Maven\maven_lib\javassist\javassist\3.8.0.GA\javassist-3.8.0.GA.jar;D:\tools\Maven\maven_lib\org\mybatis\mybatis-spring\1.2.0\mybatis-spring-1.2.0.jar;D:\tools\Maven\maven_lib\org\mybatis\mybatis\3.2.0\mybatis-3.2.0.jar;D:\tools\Maven\maven_lib\org\apache\xmlbeans\xmlbeans\2.4.0\xmlbeans-2.4.0.jar;D:\tools\Maven\maven_lib\stax\stax-api\1.0.1\stax-api-1.0.1.jar;D:\tools\Maven\maven_lib\log4j\log4j\1.2.16\log4j-1.2.16.jar;D:\tools\Maven\maven_lib\org\slf4j\slf4j-api\1.7.2\slf4j-api-1.7.2.jar;D:\tools\Maven\maven_lib\org\slf4j\slf4j-log4j12\1.7.2\slf4j-log4j12-1.7.2.jar;D:\tools\Maven\maven_lib\joda-time\joda-time\1.6.2\joda-time-1.6.2.jar;D:\tools\Maven\maven_lib\com\thoughtworks\xstream\xstream\1.3.1\xstream-1.3.1.jar;D:\tools\Maven\maven_lib\xpp3\xpp3_min\1.1.4c\xpp3_min-1.1.4c.jar;D:\tools\Maven\maven_lib\com\google\code\gson\gson\2.2.2\gson-2.2.2.jar;D:\tools\Maven\maven_lib\cn\jpush\api\jpush\2.0\jpush-2.0.jar;"/>
    <property name="java.vm.specification.version" value="1.0"/>
    <property name="sun.arch.data.model" value="32"/>
    <property name="java.home" value="D:\java\jdk\jre"/>
    <property name="sun.java.command" value="D:\tools\MyEclipse 10\appService\target\surefire\surefirebooter6954922909452268510.jar D:\tools\MyEclipse 10\appService\target\surefire\surefire580459045880546110tmp D:\tools\MyEclipse 10\appService\target\surefire\surefire6570471109811859988tmp"/>
    <property name="java.specification.vendor" value="Sun Microsystems Inc."/>
    <property name="user.language" value="zh"/>
    <property name="awt.toolkit" value="sun.awt.windows.WToolkit"/>
    <property name="java.vm.info" value="mixed mode, sharing"/>
    <property name="java.version" value="1.6.0_30"/>
    <property name="java.ext.dirs" value="D:\java\jdk\jre\lib\ext;C:\Windows\Sun\Java\lib\ext"/>
    <property name="sun.boot.class.path" value="D:\java\jdk\jre\lib\resources.jar;D:\java\jdk\jre\lib\rt.jar;D:\java\jdk\jre\lib\sunrsasign.jar;D:\java\jdk\jre\lib\jsse.jar;D:\java\jdk\jre\lib\jce.jar;D:\java\jdk\jre\lib\charsets.jar;D:\java\jdk\jre\lib\modules\jdk.boot.jar;D:\java\jdk\jre\classes"/>
    <property name="java.vendor" value="Sun Microsystems Inc."/>
    <property name="localRepository" value="D:\tools\Maven\maven_lib"/>
    <property name="file.separator" value="\"/>
    <property name="java.vendor.url.bug" value="http://java.sun.com/cgi-bin/bugreport.cgi"/>
    <property name="sun.cpu.endian" value="little"/>
    <property name="sun.io.unicode.encoding" value="UnicodeLittle"/>
    <property name="sun.desktop" value="windows"/>
    <property name="sun.cpu.isalist" value="pentium_pro+mmx pentium_pro pentium+mmx pentium i486 i386 i86"/>
  </properties>
  <testcase time="0.25" classname="test.ProjectPlanTest" name="listProjectPlan"/>
</testsuite>