<?xml version="1.0" encoding="UTF-8" ?>
<testsuite failures="1" time="2.668" errors="0" skipped="0" tests="1" name="TestSuite">
  <properties>
    <property name="java.runtime.name" value="Java(TM) SE Runtime Environment"/>
    <property name="sun.boot.library.path" value="D:\java\jdk\jre\bin"/>
    <property name="java.vm.version" value="20.5-b03"/>
    <property name="java.vm.vendor" value="Sun Microsystems Inc."/>
    <property name="java.vendor.url" value="http://java.sun.com/"/>
    <property name="path.separator" value=";"/>
    <property name="java.vm.name" value="Java HotSpot(TM) Client VM"/>
    <property name="file.encoding.pkg" value="sun.io"/>
    <property name="user.country" value="CN"/>
    <property name="sun.java.launcher" value="SUN_STANDARD"/>
    <property name="sun.os.patch.level" value="Service Pack 1"/>
    <property name="java.vm.specification.name" value="Java Virtual Machine Specification"/>
    <property name="user.dir" value="D:\tools\MyEclipse 10\appService"/>
    <property name="java.runtime.version" value="1.6.0_30-b12"/>
    <property name="java.awt.graphicsenv" value="sun.awt.Win32GraphicsEnvironment"/>
    <property name="basedir" value="D:\tools\MyEclipse 10\appService"/>
    <property name="java.endorsed.dirs" value="D:\java\jdk\jre\lib\endorsed"/>
    <property name="os.arch" value="x86"/>
    <property name="surefire.real.class.path" value="D:\tools\MyEclipse 10\appService\target\surefire\surefirebooter9183340039932140815.jar"/>
    <property name="java.io.tmpdir" value="C:\Users\xyuser\AppData\Local\Temp\"/>
    <property name="line.separator" value="
"/>
    <property name="java.vm.specification.vendor" value="Sun Microsystems Inc."/>
    <property name="user.variant" value=""/>
    <property name="os.name" value="Windows 7"/>
    <property name="sun.jnu.encoding" value="GBK"/>
    <property name="java.library.path" value="D:\java\jdk\jre\bin;C:\Windows\Sun\Java\bin;C:\Windows\system32;C:\Windows;C:\Perl64\site\bin;C:\Perl64\bin;C:\Program Files (x86)\PC Connectivity Solution\;C:\Program Files (x86)\NVIDIA Corporation\PhysX\Common;d:\tools\oracle\product\11.2.0\dbhome_1\bin;C:\Windows\system32;C:\Windows;C:\Windows\System32\Wbem;C:\Windows\System32\WindowsPowerShell\v1.0\;C:\Program Files (x86)\Intel\Services\IPT\;C:\Program Files\Intel\WiFi\bin\;C:\Program Files\Common Files\Intel\WirelessCommon\;C:\Program Files (x86)\Lenovo\Access Connections\;C:\Program Files\ThinkPad\Bluetooth Software\;C:\Program Files\ThinkPad\Bluetooth Software\syswow64;C:\Program Files\TortoiseSVN\bin;C:\Program Files\Intel\WiFi\bin\;C:\Program Files\Common Files\Intel\WirelessCommon\;C:\Program Files (x86)\IDM Computer Solutions\UltraEdit\;D:\java\JDK\BIN;D:\TOOLS\TOMCAT\BIN;D:\tools\apache-maven-3.0.3\BIN;D:\tools\Android\android-sdk\tools;D:\tools\Android\android-sdk\platform-tools;."/>
    <property name="surefire.test.class.path" value="D:\tools\MyEclipse 10\appService\target\test-classes;D:\tools\MyEclipse 10\appService\target\classes;D:\tools\Maven\maven_lib\commons-lang\commons-lang\2.6\commons-lang-2.6.jar;D:\tools\Maven\maven_lib\commons-codec\commons-codec\1.4\commons-codec-1.4.jar;D:\tools\Maven\maven_lib\com\google\guava\guava\14.0-rc2\guava-14.0-rc2.jar;D:\tools\Maven\maven_lib\junit\junit\4.8.2\junit-4.8.2.jar;D:\tools\Maven\maven_lib\org\testng\testng\5.14\testng-5.14.jar;D:\tools\Maven\maven_lib\org\beanshell\bsh\2.0b4\bsh-2.0b4.jar;D:\tools\Maven\maven_lib\com\google\inject\guice\2.0\guice-2.0.jar;D:\tools\Maven\maven_lib\com\beust\jcommander\1.5\jcommander-1.5.jar;D:\tools\Maven\maven_lib\opencsv\opencsv\2.2\opencsv-2.2.jar;D:\tools\Maven\maven_lib\org\apache\cxf\cxf-rt-frontend-jaxws\2.4.3\cxf-rt-frontend-jaxws-2.4.3.jar;D:\tools\Maven\maven_lib\xml-resolver\xml-resolver\1.2\xml-resolver-1.2.jar;D:\tools\Maven\maven_lib\asm\asm\3.3\asm-3.3.jar;D:\tools\Maven\maven_lib\org\apache\cxf\cxf-rt-core\2.4.3\cxf-rt-core-2.4.3.jar;D:\tools\Maven\maven_lib\org\apache\geronimo\specs\geronimo-javamail_1.4_spec\1.7.1\geronimo-javamail_1.4_spec-1.7.1.jar;D:\tools\Maven\maven_lib\org\apache\cxf\cxf-rt-bindings-soap\2.4.3\cxf-rt-bindings-soap-2.4.3.jar;D:\tools\Maven\maven_lib\org\apache\cxf\cxf-tools-common\2.4.3\cxf-tools-common-2.4.3.jar;D:\tools\Maven\maven_lib\org\apache\cxf\cxf-rt-bindings-xml\2.4.3\cxf-rt-bindings-xml-2.4.3.jar;D:\tools\Maven\maven_lib\org\apache\cxf\cxf-rt-frontend-simple\2.4.3\cxf-rt-frontend-simple-2.4.3.jar;D:\tools\Maven\maven_lib\org\apache\cxf\cxf-rt-ws-addr\2.4.3\cxf-rt-ws-addr-2.4.3.jar;D:\tools\Maven\maven_lib\org\apache\cxf\cxf-rt-transports-http\2.4.3\cxf-rt-transports-http-2.4.3.jar;D:\tools\Maven\maven_lib\org\apache\cxf\cxf-rt-transports-common\2.4.3\cxf-rt-transports-common-2.4.3.jar;D:\tools\Maven\maven_lib\org\apache\cxf\cxf-rt-databinding-jaxb\2.4.3\cxf-rt-databinding-jaxb-2.4.3.jar;D:\tools\Maven\maven_lib\com\sun\xml\bind\jaxb-impl\2.1.13\jaxb-impl-2.1.13.jar;D:\tools\Maven\maven_lib\com\sun\xml\bind\jaxb-xjc\2.1.13\jaxb-xjc-2.1.13.jar;D:\tools\Maven\maven_lib\org\apache\cxf\cxf-api\2.4.3\cxf-api-2.4.3.jar;D:\tools\Maven\maven_lib\org\apache\cxf\cxf-common-utilities\2.4.3\cxf-common-utilities-2.4.3.jar;D:\tools\Maven\maven_lib\org\codehaus\woodstox\woodstox-core-asl\4.1.1\woodstox-core-asl-4.1.1.jar;D:\tools\Maven\maven_lib\org\codehaus\woodstox\stax2-api\3.1.1\stax2-api-3.1.1.jar;D:\tools\Maven\maven_lib\org\apache\ws\xmlschema\xmlschema-core\2.0.1\xmlschema-core-2.0.1.jar;D:\tools\Maven\maven_lib\org\apache\neethi\neethi\3.0.1\neethi-3.0.1.jar;D:\tools\Maven\maven_lib\wsdl4j\wsdl4j\1.6.2\wsdl4j-1.6.2.jar;D:\tools\Maven\maven_lib\org\apache\struts\struts2-core\2.2.1\struts2-core-2.2.1.jar;D:\tools\Maven\maven_lib\org\apache\struts\xwork\xwork-core\2.2.1\xwork-core-2.2.1.jar;D:\tools\Maven\maven_lib\org\freemarker\freemarker\2.3.16\freemarker-2.3.16.jar;D:\tools\Maven\maven_lib\ognl\ognl\3.0\ognl-3.0.jar;D:\tools\Maven\maven_lib\commons-fileupload\commons-fileupload\1.2.1\commons-fileupload-1.2.1.jar;D:\tools\Maven\maven_lib\commons-io\commons-io\1.3.2\commons-io-1.3.2.jar;D:\tools\Maven\maven_lib\org\apache\struts\struts2-sitemesh-plugin\2.2.1\struts2-sitemesh-plugin-2.2.1.jar;D:\tools\Maven\maven_lib\opensymphony\sitemesh\2.4.2\sitemesh-2.4.2.jar;D:\tools\Maven\maven_lib\org\apache\struts\struts2-json-plugin\2.2.1\struts2-json-plugin-2.2.1.jar;D:\tools\Maven\maven_lib\org\apache\struts\struts2-convention-plugin\2.2.1\struts2-convention-plugin-2.2.1.jar;D:\tools\Maven\maven_lib\org\apache\struts\struts2-spring-plugin\2.2.1\struts2-spring-plugin-2.2.1.jar;D:\tools\Maven\maven_lib\org\apache\velocity\velocity\1.7\velocity-1.7.jar;D:\tools\Maven\maven_lib\commons-collections\commons-collections\3.2.1\commons-collections-3.2.1.jar;D:\tools\Maven\maven_lib\org\apache\velocity\velocity-tools\2.0\velocity-tools-2.0.jar;D:\tools\Maven\maven_lib\commons-beanutils\commons-beanutils\1.7.0\commons-beanutils-1.7.0.jar;D:\tools\Maven\maven_lib\commons-digester\commons-digester\1.8\commons-digester-1.8.jar;D:\tools\Maven\maven_lib\commons-chain\commons-chain\1.1\commons-chain-1.1.jar;D:\tools\Maven\maven_lib\commons-logging\commons-logging\1.1\commons-logging-1.1.jar;D:\tools\Maven\maven_lib\commons-validator\commons-validator\1.3.1\commons-validator-1.3.1.jar;D:\tools\Maven\maven_lib\dom4j\dom4j\1.1\dom4j-1.1.jar;D:\tools\Maven\maven_lib\oro\oro\2.0.8\oro-2.0.8.jar;D:\tools\Maven\maven_lib\sslext\sslext\1.2-0\sslext-1.2-0.jar;D:\tools\Maven\maven_lib\com\alibaba\fastjson\1.1.27\fastjson-1.1.27.jar;D:\tools\Maven\maven_lib\org\codehaus\jackson\jackson-mapper-asl\1.9.10\jackson-mapper-asl-1.9.10.jar;D:\tools\Maven\maven_lib\org\codehaus\jackson\jackson-core-asl\1.9.10\jackson-core-asl-1.9.10.jar;D:\tools\Maven\maven_lib\org\springframework\spring-core\3.2.2.RELEASE\spring-core-3.2.2.RELEASE.jar;D:\tools\Maven\maven_lib\org\springframework\spring-beans\3.2.2.RELEASE\spring-beans-3.2.2.RELEASE.jar;D:\tools\Maven\maven_lib\org\springframework\spring-tx\3.2.2.RELEASE\spring-tx-3.2.2.RELEASE.jar;D:\tools\Maven\maven_lib\aopalliance\aopalliance\1.0\aopalliance-1.0.jar;D:\tools\Maven\maven_lib\org\springframework\spring-jdbc\3.2.2.RELEASE\spring-jdbc-3.2.2.RELEASE.jar;D:\tools\Maven\maven_lib\org\springframework\spring-context\3.2.2.RELEASE\spring-context-3.2.2.RELEASE.jar;D:\tools\Maven\maven_lib\org\springframework\spring-aop\3.2.2.RELEASE\spring-aop-3.2.2.RELEASE.jar;D:\tools\Maven\maven_lib\org\springframework\spring-expression\3.2.2.RELEASE\spring-expression-3.2.2.RELEASE.jar;D:\tools\Maven\maven_lib\org\springframework\spring-context-support\3.2.2.RELEASE\spring-context-support-3.2.2.RELEASE.jar;D:\tools\Maven\maven_lib\org\springframework\spring-web\3.2.2.RELEASE\spring-web-3.2.2.RELEASE.jar;D:\tools\Maven\maven_lib\org\springframework\spring-test\3.2.2.RELEASE\spring-test-3.2.2.RELEASE.jar;D:\tools\Maven\maven_lib\org\springframework\spring-oxm\3.2.2.RELEASE\spring-oxm-3.2.2.RELEASE.jar;D:\tools\Maven\maven_lib\org\springframework\spring-webmvc\3.2.2.RELEASE\spring-webmvc-3.2.2.RELEASE.jar;D:\tools\Maven\maven_lib\org\quartz-scheduler\quartz\1.8.4\quartz-1.8.4.jar;D:\tools\Maven\maven_lib\javax\transaction\jta\1.1\jta-1.1.jar;D:\tools\Maven\maven_lib\org\quartz-scheduler\quartz-oracle\1.8.4\quartz-oracle-1.8.4.jar;D:\tools\Maven\maven_lib\org\quartz-scheduler\quartz-weblogic\1.8.4\quartz-weblogic-1.8.4.jar;D:\tools\Maven\maven_lib\org\quartz-scheduler\quartz-jboss\1.8.4\quartz-jboss-1.8.4.jar;D:\tools\Maven\maven_lib\javax\servlet\servlet-api\2.5\servlet-api-2.5.jar;D:\tools\Maven\maven_lib\javax\servlet\jsp\jsp-api\2.2\jsp-api-2.2.jar;D:\tools\Maven\maven_lib\com\sun\tools\1.5.0\tools-1.5.0.jar;D:\tools\Maven\maven_lib\cglib\cglib\2.2\cglib-2.2.jar;D:\tools\Maven\maven_lib\org\aspectj\aspectjweaver\1.6.10\aspectjweaver-1.6.10.jar;D:\tools\Maven\maven_lib\commons-dbcp\commons-dbcp\1.4\commons-dbcp-1.4.jar;D:\tools\Maven\maven_lib\commons-pool\commons-pool\1.5.4\commons-pool-1.5.4.jar;D:\tools\Maven\maven_lib\com\oracle\ojdbc\6\ojdbc-6.jar;D:\tools\Maven\maven_lib\javassist\javassist\3.8.0.GA\javassist-3.8.0.GA.jar;D:\tools\Maven\maven_lib\org\mybatis\mybatis-spring\1.2.0\mybatis-spring-1.2.0.jar;D:\tools\Maven\maven_lib\org\mybatis\mybatis\3.2.0\mybatis-3.2.0.jar;D:\tools\Maven\maven_lib\org\apache\xmlbeans\xmlbeans\2.4.0\xmlbeans-2.4.0.jar;D:\tools\Maven\maven_lib\stax\stax-api\1.0.1\stax-api-1.0.1.jar;D:\tools\Maven\maven_lib\log4j\log4j\1.2.16\log4j-1.2.16.jar;D:\tools\Maven\maven_lib\org\slf4j\slf4j-api\1.7.2\slf4j-api-1.7.2.jar;D:\tools\Maven\maven_lib\org\slf4j\slf4j-log4j12\1.7.2\slf4j-log4j12-1.7.2.jar;D:\tools\Maven\maven_lib\joda-time\joda-time\1.6.2\joda-time-1.6.2.jar;D:\tools\Maven\maven_lib\com\thoughtworks\xstream\xstream\1.3.1\xstream-1.3.1.jar;D:\tools\Maven\maven_lib\xpp3\xpp3_min\1.1.4c\xpp3_min-1.1.4c.jar;"/>
    <property name="java.specification.name" value="Java Platform API Specification"/>
    <property name="java.class.version" value="50.0"/>
    <property name="sun.management.compiler" value="HotSpot Client Compiler"/>
    <property name="os.version" value="6.1"/>
    <property name="user.home" value="C:\Users\xyuser"/>
    <property name="user.timezone" value="Asia/Shanghai"/>
    <property name="java.awt.printerjob" value="sun.awt.windows.WPrinterJob"/>
    <property name="java.specification.version" value="1.6"/>
    <property name="file.encoding" value="GBK"/>
    <property name="user.name" value="xyuser"/>
    <property name="java.class.path" value="D:\tools\MyEclipse 10\appService\target\test-classes;D:\tools\MyEclipse 10\appService\target\classes;D:\tools\Maven\maven_lib\commons-lang\commons-lang\2.6\commons-lang-2.6.jar;D:\tools\Maven\maven_lib\commons-codec\commons-codec\1.4\commons-codec-1.4.jar;D:\tools\Maven\maven_lib\com\google\guava\guava\14.0-rc2\guava-14.0-rc2.jar;D:\tools\Maven\maven_lib\junit\junit\4.8.2\junit-4.8.2.jar;D:\tools\Maven\maven_lib\org\testng\testng\5.14\testng-5.14.jar;D:\tools\Maven\maven_lib\org\beanshell\bsh\2.0b4\bsh-2.0b4.jar;D:\tools\Maven\maven_lib\com\google\inject\guice\2.0\guice-2.0.jar;D:\tools\Maven\maven_lib\com\beust\jcommander\1.5\jcommander-1.5.jar;D:\tools\Maven\maven_lib\opencsv\opencsv\2.2\opencsv-2.2.jar;D:\tools\Maven\maven_lib\org\apache\cxf\cxf-rt-frontend-jaxws\2.4.3\cxf-rt-frontend-jaxws-2.4.3.jar;D:\tools\Maven\maven_lib\xml-resolver\xml-resolver\1.2\xml-resolver-1.2.jar;D:\tools\Maven\maven_lib\asm\asm\3.3\asm-3.3.jar;D:\tools\Maven\maven_lib\org\apache\cxf\cxf-rt-core\2.4.3\cxf-rt-core-2.4.3.jar;D:\tools\Maven\maven_lib\org\apache\geronimo\specs\geronimo-javamail_1.4_spec\1.7.1\geronimo-javamail_1.4_spec-1.7.1.jar;D:\tools\Maven\maven_lib\org\apache\cxf\cxf-rt-bindings-soap\2.4.3\cxf-rt-bindings-soap-2.4.3.jar;D:\tools\Maven\maven_lib\org\apache\cxf\cxf-tools-common\2.4.3\cxf-tools-common-2.4.3.jar;D:\tools\Maven\maven_lib\org\apache\cxf\cxf-rt-bindings-xml\2.4.3\cxf-rt-bindings-xml-2.4.3.jar;D:\tools\Maven\maven_lib\org\apache\cxf\cxf-rt-frontend-simple\2.4.3\cxf-rt-frontend-simple-2.4.3.jar;D:\tools\Maven\maven_lib\org\apache\cxf\cxf-rt-ws-addr\2.4.3\cxf-rt-ws-addr-2.4.3.jar;D:\tools\Maven\maven_lib\org\apache\cxf\cxf-rt-transports-http\2.4.3\cxf-rt-transports-http-2.4.3.jar;D:\tools\Maven\maven_lib\org\apache\cxf\cxf-rt-transports-common\2.4.3\cxf-rt-transports-common-2.4.3.jar;D:\tools\Maven\maven_lib\org\apache\cxf\cxf-rt-databinding-jaxb\2.4.3\cxf-rt-databinding-jaxb-2.4.3.jar;D:\tools\Maven\maven_lib\com\sun\xml\bind\jaxb-impl\2.1.13\jaxb-impl-2.1.13.jar;D:\tools\Maven\maven_lib\com\sun\xml\bind\jaxb-xjc\2.1.13\jaxb-xjc-2.1.13.jar;D:\tools\Maven\maven_lib\org\apache\cxf\cxf-api\2.4.3\cxf-api-2.4.3.jar;D:\tools\Maven\maven_lib\org\apache\cxf\cxf-common-utilities\2.4.3\cxf-common-utilities-2.4.3.jar;D:\tools\Maven\maven_lib\org\codehaus\woodstox\woodstox-core-asl\4.1.1\woodstox-core-asl-4.1.1.jar;D:\tools\Maven\maven_lib\org\codehaus\woodstox\stax2-api\3.1.1\stax2-api-3.1.1.jar;D:\tools\Maven\maven_lib\org\apache\ws\xmlschema\xmlschema-core\2.0.1\xmlschema-core-2.0.1.jar;D:\tools\Maven\maven_lib\org\apache\neethi\neethi\3.0.1\neethi-3.0.1.jar;D:\tools\Maven\maven_lib\wsdl4j\wsdl4j\1.6.2\wsdl4j-1.6.2.jar;D:\tools\Maven\maven_lib\org\apache\struts\struts2-core\2.2.1\struts2-core-2.2.1.jar;D:\tools\Maven\maven_lib\org\apache\struts\xwork\xwork-core\2.2.1\xwork-core-2.2.1.jar;D:\tools\Maven\maven_lib\org\freemarker\freemarker\2.3.16\freemarker-2.3.16.jar;D:\tools\Maven\maven_lib\ognl\ognl\3.0\ognl-3.0.jar;D:\tools\Maven\maven_lib\commons-fileupload\commons-fileupload\1.2.1\commons-fileupload-1.2.1.jar;D:\tools\Maven\maven_lib\commons-io\commons-io\1.3.2\commons-io-1.3.2.jar;D:\tools\Maven\maven_lib\org\apache\struts\struts2-sitemesh-plugin\2.2.1\struts2-sitemesh-plugin-2.2.1.jar;D:\tools\Maven\maven_lib\opensymphony\sitemesh\2.4.2\sitemesh-2.4.2.jar;D:\tools\Maven\maven_lib\org\apache\struts\struts2-json-plugin\2.2.1\struts2-json-plugin-2.2.1.jar;D:\tools\Maven\maven_lib\org\apache\struts\struts2-convention-plugin\2.2.1\struts2-convention-plugin-2.2.1.jar;D:\tools\Maven\maven_lib\org\apache\struts\struts2-spring-plugin\2.2.1\struts2-spring-plugin-2.2.1.jar;D:\tools\Maven\maven_lib\org\apache\velocity\velocity\1.7\velocity-1.7.jar;D:\tools\Maven\maven_lib\commons-collections\commons-collections\3.2.1\commons-collections-3.2.1.jar;D:\tools\Maven\maven_lib\org\apache\velocity\velocity-tools\2.0\velocity-tools-2.0.jar;D:\tools\Maven\maven_lib\commons-beanutils\commons-beanutils\1.7.0\commons-beanutils-1.7.0.jar;D:\tools\Maven\maven_lib\commons-digester\commons-digester\1.8\commons-digester-1.8.jar;D:\tools\Maven\maven_lib\commons-chain\commons-chain\1.1\commons-chain-1.1.jar;D:\tools\Maven\maven_lib\commons-logging\commons-logging\1.1\commons-logging-1.1.jar;D:\tools\Maven\maven_lib\commons-validator\commons-validator\1.3.1\commons-validator-1.3.1.jar;D:\tools\Maven\maven_lib\dom4j\dom4j\1.1\dom4j-1.1.jar;D:\tools\Maven\maven_lib\oro\oro\2.0.8\oro-2.0.8.jar;D:\tools\Maven\maven_lib\sslext\sslext\1.2-0\sslext-1.2-0.jar;D:\tools\Maven\maven_lib\com\alibaba\fastjson\1.1.27\fastjson-1.1.27.jar;D:\tools\Maven\maven_lib\org\codehaus\jackson\jackson-mapper-asl\1.9.10\jackson-mapper-asl-1.9.10.jar;D:\tools\Maven\maven_lib\org\codehaus\jackson\jackson-core-asl\1.9.10\jackson-core-asl-1.9.10.jar;D:\tools\Maven\maven_lib\org\springframework\spring-core\3.2.2.RELEASE\spring-core-3.2.2.RELEASE.jar;D:\tools\Maven\maven_lib\org\springframework\spring-beans\3.2.2.RELEASE\spring-beans-3.2.2.RELEASE.jar;D:\tools\Maven\maven_lib\org\springframework\spring-tx\3.2.2.RELEASE\spring-tx-3.2.2.RELEASE.jar;D:\tools\Maven\maven_lib\aopalliance\aopalliance\1.0\aopalliance-1.0.jar;D:\tools\Maven\maven_lib\org\springframework\spring-jdbc\3.2.2.RELEASE\spring-jdbc-3.2.2.RELEASE.jar;D:\tools\Maven\maven_lib\org\springframework\spring-context\3.2.2.RELEASE\spring-context-3.2.2.RELEASE.jar;D:\tools\Maven\maven_lib\org\springframework\spring-aop\3.2.2.RELEASE\spring-aop-3.2.2.RELEASE.jar;D:\tools\Maven\maven_lib\org\springframework\spring-expression\3.2.2.RELEASE\spring-expression-3.2.2.RELEASE.jar;D:\tools\Maven\maven_lib\org\springframework\spring-context-support\3.2.2.RELEASE\spring-context-support-3.2.2.RELEASE.jar;D:\tools\Maven\maven_lib\org\springframework\spring-web\3.2.2.RELEASE\spring-web-3.2.2.RELEASE.jar;D:\tools\Maven\maven_lib\org\springframework\spring-test\3.2.2.RELEASE\spring-test-3.2.2.RELEASE.jar;D:\tools\Maven\maven_lib\org\springframework\spring-oxm\3.2.2.RELEASE\spring-oxm-3.2.2.RELEASE.jar;D:\tools\Maven\maven_lib\org\springframework\spring-webmvc\3.2.2.RELEASE\spring-webmvc-3.2.2.RELEASE.jar;D:\tools\Maven\maven_lib\org\quartz-scheduler\quartz\1.8.4\quartz-1.8.4.jar;D:\tools\Maven\maven_lib\javax\transaction\jta\1.1\jta-1.1.jar;D:\tools\Maven\maven_lib\org\quartz-scheduler\quartz-oracle\1.8.4\quartz-oracle-1.8.4.jar;D:\tools\Maven\maven_lib\org\quartz-scheduler\quartz-weblogic\1.8.4\quartz-weblogic-1.8.4.jar;D:\tools\Maven\maven_lib\org\quartz-scheduler\quartz-jboss\1.8.4\quartz-jboss-1.8.4.jar;D:\tools\Maven\maven_lib\javax\servlet\servlet-api\2.5\servlet-api-2.5.jar;D:\tools\Maven\maven_lib\javax\servlet\jsp\jsp-api\2.2\jsp-api-2.2.jar;D:\tools\Maven\maven_lib\com\sun\tools\1.5.0\tools-1.5.0.jar;D:\tools\Maven\maven_lib\cglib\cglib\2.2\cglib-2.2.jar;D:\tools\Maven\maven_lib\org\aspectj\aspectjweaver\1.6.10\aspectjweaver-1.6.10.jar;D:\tools\Maven\maven_lib\commons-dbcp\commons-dbcp\1.4\commons-dbcp-1.4.jar;D:\tools\Maven\maven_lib\commons-pool\commons-pool\1.5.4\commons-pool-1.5.4.jar;D:\tools\Maven\maven_lib\com\oracle\ojdbc\6\ojdbc-6.jar;D:\tools\Maven\maven_lib\javassist\javassist\3.8.0.GA\javassist-3.8.0.GA.jar;D:\tools\Maven\maven_lib\org\mybatis\mybatis-spring\1.2.0\mybatis-spring-1.2.0.jar;D:\tools\Maven\maven_lib\org\mybatis\mybatis\3.2.0\mybatis-3.2.0.jar;D:\tools\Maven\maven_lib\org\apache\xmlbeans\xmlbeans\2.4.0\xmlbeans-2.4.0.jar;D:\tools\Maven\maven_lib\stax\stax-api\1.0.1\stax-api-1.0.1.jar;D:\tools\Maven\maven_lib\log4j\log4j\1.2.16\log4j-1.2.16.jar;D:\tools\Maven\maven_lib\org\slf4j\slf4j-api\1.7.2\slf4j-api-1.7.2.jar;D:\tools\Maven\maven_lib\org\slf4j\slf4j-log4j12\1.7.2\slf4j-log4j12-1.7.2.jar;D:\tools\Maven\maven_lib\joda-time\joda-time\1.6.2\joda-time-1.6.2.jar;D:\tools\Maven\maven_lib\com\thoughtworks\xstream\xstream\1.3.1\xstream-1.3.1.jar;D:\tools\Maven\maven_lib\xpp3\xpp3_min\1.1.4c\xpp3_min-1.1.4c.jar;"/>
    <property name="java.vm.specification.version" value="1.0"/>
    <property name="sun.arch.data.model" value="32"/>
    <property name="java.home" value="D:\java\jdk\jre"/>
    <property name="sun.java.command" value="D:\tools\MyEclipse 10\appService\target\surefire\surefirebooter9183340039932140815.jar D:\tools\MyEclipse 10\appService\target\surefire\surefire6156132829168334351tmp D:\tools\MyEclipse 10\appService\target\surefire\surefire4103734423627559201tmp"/>
    <property name="java.specification.vendor" value="Sun Microsystems Inc."/>
    <property name="user.language" value="zh"/>
    <property name="awt.toolkit" value="sun.awt.windows.WToolkit"/>
    <property name="java.vm.info" value="mixed mode, sharing"/>
    <property name="java.version" value="1.6.0_30"/>
    <property name="java.ext.dirs" value="D:\java\jdk\jre\lib\ext;C:\Windows\Sun\Java\lib\ext"/>
    <property name="sun.boot.class.path" value="D:\java\jdk\jre\lib\resources.jar;D:\java\jdk\jre\lib\rt.jar;D:\java\jdk\jre\lib\sunrsasign.jar;D:\java\jdk\jre\lib\jsse.jar;D:\java\jdk\jre\lib\jce.jar;D:\java\jdk\jre\lib\charsets.jar;D:\java\jdk\jre\lib\modules\jdk.boot.jar;D:\java\jdk\jre\classes"/>
    <property name="java.vendor" value="Sun Microsystems Inc."/>
    <property name="localRepository" value="D:\tools\Maven\maven_lib"/>
    <property name="file.separator" value="\"/>
    <property name="java.vendor.url.bug" value="http://java.sun.com/cgi-bin/bugreport.cgi"/>
    <property name="sun.cpu.endian" value="little"/>
    <property name="sun.io.unicode.encoding" value="UnicodeLittle"/>
    <property name="sun.desktop" value="windows"/>
    <property name="sun.cpu.isalist" value="pentium_pro+mmx pentium_pro pentium+mmx pentium i486 i386 i86"/>
  </properties>
  <testcase time="0.228" classname="test.ProjectPlanTest" name="listProjectPlan">
    <failure message="Mapper method &apos;com.qingzhou.app.client.dao.ProjectPlanDao.getPassDay attempted to return null from a method with a primitive return type (int)." type="org.apache.ibatis.binding.BindingException">org.apache.ibatis.binding.BindingException: Mapper method &apos;com.qingzhou.app.client.dao.ProjectPlanDao.getPassDay attempted to return null from a method with a primitive return type (int).
	at org.apache.ibatis.binding.MapperMethod.execute(MapperMethod.java:69)
	at org.apache.ibatis.binding.MapperProxy.invoke(MapperProxy.java:43)
	at $Proxy32.getPassDay(Unknown Source)
	at com.qingzhou.app.client.service.ProjectPlanService.getPlanStatus(ProjectPlanService.java:175)
	at com.qingzhou.app.client.service.ProjectPlanService.getProjectPlan(ProjectPlanService.java:83)
	at com.qingzhou.app.client.service.ProjectPlanService$$FastClassByCGLIB$$b0c9e5a6.invoke(&lt;generated&gt;)
	at org.springframework.cglib.proxy.MethodProxy.invoke(MethodProxy.java:204)
	at org.springframework.aop.framework.CglibAopProxy$CglibMethodInvocation.invokeJoinpoint(CglibAopProxy.java:698)
	at org.springframework.aop.framework.ReflectiveMethodInvocation.proceed(ReflectiveMethodInvocation.java:150)
	at org.springframework.transaction.interceptor.TransactionInterceptor$1.proceedWithInvocation(TransactionInterceptor.java:96)
	at org.springframework.transaction.interceptor.TransactionAspectSupport.invokeWithinTransaction(TransactionAspectSupport.java:260)
	at org.springframework.transaction.interceptor.TransactionInterceptor.invoke(TransactionInterceptor.java:94)
	at org.springframework.aop.framework.ReflectiveMethodInvocation.proceed(ReflectiveMethodInvocation.java:172)
	at org.springframework.transaction.interceptor.TransactionInterceptor$1.proceedWithInvocation(TransactionInterceptor.java:96)
	at org.springframework.transaction.interceptor.TransactionAspectSupport.invokeWithinTransaction(TransactionAspectSupport.java:260)
	at org.springframework.transaction.interceptor.TransactionInterceptor.invoke(TransactionInterceptor.java:94)
	at org.springframework.aop.framework.ReflectiveMethodInvocation.proceed(ReflectiveMethodInvocation.java:172)
	at org.springframework.aop.interceptor.ExposeInvocationInterceptor.invoke(ExposeInvocationInterceptor.java:91)
	at org.springframework.aop.framework.ReflectiveMethodInvocation.proceed(ReflectiveMethodInvocation.java:172)
	at org.springframework.aop.framework.CglibAopProxy$DynamicAdvisedInterceptor.intercept(CglibAopProxy.java:631)
	at com.qingzhou.app.client.service.ProjectPlanService$$EnhancerByCGLIB$$54f9a613.getProjectPlan(&lt;generated&gt;)
	at test.ProjectPlanTest.listProjectPlan(ProjectPlanTest.java:27)
</failure>
    <system-out>@HL
@HL-------------------------------------------------------
@HL T E S T S
@HL-------------------------------------------------------
@SLRunning TestSuite
2013-08-30 10:34:36,121 [main] DEBUG [AbstractDelegatingSmartContextLoader.java:89] Delegating to GenericXmlContextLoader to process context configuration [ContextConfigurationAttributes@b9b538 declaringClass = &apos;test.ProjectPlanTest&apos;, locations = &apos;{classpath:spring.xml}&apos;, classes = &apos;{}&apos;, inheritLocations = true, initializers = &apos;{}&apos;, inheritInitializers = true, name = [null], contextLoaderClass = &apos;org.springframework.test.context.ContextLoader&apos;].
2013-08-30 10:34:36,128 [main] DEBUG [AbstractDelegatingSmartContextLoader.java:89] Delegating to GenericXmlContextLoader to process context configuration [ContextConfigurationAttributes@d81784 declaringClass = &apos;test.core.TestBase&apos;, locations = &apos;{classpath:spring.xml}&apos;, classes = &apos;{}&apos;, inheritLocations = true, initializers = &apos;{}&apos;, inheritInitializers = true, name = [null], contextLoaderClass = &apos;org.springframework.test.context.ContextLoader&apos;].
2013-08-30 10:34:36,129 [main] DEBUG [ContextLoaderUtils.java:471] Could not find an &apos;annotation declaring class&apos; for annotation type [org.springframework.test.context.ActiveProfiles] and class [test.ProjectPlanTest]
2013-08-30 10:34:36,132 [main] DEBUG [AbstractDelegatingSmartContextLoader.java:89] Delegating to GenericXmlContextLoader to process context configuration [ContextConfigurationAttributes@c1f10e declaringClass = &apos;test.core.TestBase&apos;, locations = &apos;{classpath:spring.xml}&apos;, classes = &apos;{}&apos;, inheritLocations = true, initializers = &apos;{}&apos;, inheritInitializers = true, name = [null], contextLoaderClass = &apos;org.springframework.test.context.ContextLoader&apos;].
2013-08-30 10:34:36,132 [main] DEBUG [ContextLoaderUtils.java:471] Could not find an &apos;annotation declaring class&apos; for annotation type [org.springframework.test.context.ActiveProfiles] and class [test.core.TestBase]
2013-08-30 10:34:36,184 [pool-1-thread-1] DEBUG [DependencyInjectionTestExecutionListener.java:73] Performing dependency injection for test context [[TestContext@f39b3a testClass = ProjectPlanTest, testInstance = test.ProjectPlanTest@1d225a7, testMethod = [null], testException = [null], mergedContextConfiguration = [MergedContextConfiguration@1542a75 testClass = ProjectPlanTest, locations = &apos;{classpath:spring.xml, classpath:spring.xml}&apos;, classes = &apos;{}&apos;, contextInitializerClasses = &apos;[]&apos;, activeProfiles = &apos;{}&apos;, contextLoader = &apos;org.springframework.test.context.support.DelegatingSmartContextLoader&apos;, parent = [null]]]].
2013-08-30 10:34:36,185 [pool-1-thread-1] DEBUG [AbstractDelegatingSmartContextLoader.java:98] Delegating to GenericXmlContextLoader to load context from [MergedContextConfiguration@1542a75 testClass = ProjectPlanTest, locations = &apos;{classpath:spring.xml, classpath:spring.xml}&apos;, classes = &apos;{}&apos;, contextInitializerClasses = &apos;[]&apos;, activeProfiles = &apos;{}&apos;, contextLoader = &apos;org.springframework.test.context.support.DelegatingSmartContextLoader&apos;, parent = [null]].
2013-08-30 10:34:36,185 [pool-1-thread-1] DEBUG [AbstractGenericContextLoader.java:104] Loading ApplicationContext for merged context configuration [[MergedContextConfiguration@1542a75 testClass = ProjectPlanTest, locations = &apos;{classpath:spring.xml, classpath:spring.xml}&apos;, classes = &apos;{}&apos;, contextInitializerClasses = &apos;[]&apos;, activeProfiles = &apos;{}&apos;, contextLoader = &apos;org.springframework.test.context.support.DelegatingSmartContextLoader&apos;, parent = [null]]].
2013-08-30 10:34:36,255 [pool-1-thread-1] DEBUG [AbstractEnvironment.java:112] Initializing new StandardEnvironment
2013-08-30 10:34:36,256 [pool-1-thread-1] DEBUG [MutablePropertySources.java:107] Adding [systemProperties] PropertySource with lowest search precedence
2013-08-30 10:34:36,257 [pool-1-thread-1] DEBUG [MutablePropertySources.java:107] Adding [systemEnvironment] PropertySource with lowest search precedence
2013-08-30 10:34:36,257 [pool-1-thread-1] DEBUG [AbstractEnvironment.java:116] Initialized StandardEnvironment with PropertySources [systemProperties,systemEnvironment]
2013-08-30 10:34:36,264 [pool-1-thread-1] DEBUG [AbstractEnvironment.java:112] Initializing new StandardEnvironment
2013-08-30 10:34:36,264 [pool-1-thread-1] DEBUG [MutablePropertySources.java:107] Adding [systemProperties] PropertySource with lowest search precedence
2013-08-30 10:34:36,265 [pool-1-thread-1] DEBUG [MutablePropertySources.java:107] Adding [systemEnvironment] PropertySource with lowest search precedence
2013-08-30 10:34:36,265 [pool-1-thread-1] DEBUG [AbstractEnvironment.java:116] Initialized StandardEnvironment with PropertySources [systemProperties,systemEnvironment]
2013-08-30 10:34:36,273 [pool-1-thread-1] INFO  [XmlBeanDefinitionReader.java:315] Loading XML bean definitions from class path resource [spring.xml]
2013-08-30 10:34:36,287 [pool-1-thread-1] DEBUG [DefaultDocumentLoader.java:72] Using JAXP provider [com.sun.org.apache.xerces.internal.jaxp.DocumentBuilderFactoryImpl]
2013-08-30 10:34:36,308 [pool-1-thread-1] DEBUG [PluggableSchemaResolver.java:140] Loading schema mappings from [META-INF/spring.schemas]
2013-08-30 10:34:36,315 [pool-1-thread-1] DEBUG [PluggableSchemaResolver.java:146] Loaded schema mappings: {http://www.springframework.org/schema/tx/spring-tx-2.5.xsd=org/springframework/transaction/config/spring-tx-2.5.xsd, http://www.springframework.org/schema/context/spring-context-3.1.xsd=org/springframework/context/config/spring-context-3.1.xsd, http://www.springframework.org/schema/util/spring-util-3.0.xsd=org/springframework/beans/factory/xml/spring-util-3.0.xsd, http://cxf.apache.org/schemas/configuration/http-conf.xsd=schemas/configuration/http-conf.xsd, http://mybatis.org/schema/mybatis-spring-1.2.xsd=org/mybatis/spring/config/mybatis-spring-1.2.xsd, http://www.springframework.org/schema/tool/spring-tool.xsd=org/springframework/beans/factory/xml/spring-tool-3.2.xsd, http://www.springframework.org/schema/aop/spring-aop-3.2.xsd=org/springframework/aop/config/spring-aop-3.2.xsd, http://www.springframework.org/schema/mvc/spring-mvc-3.2.xsd=org/springframework/web/servlet/config/spring-mvc-3.2.xsd, http://www.springframework.org/schema/oxm/spring-oxm-3.0.xsd=org/springframework/oxm/config/spring-oxm-3.0.xsd, http://www.springframework.org/schema/lang/spring-lang-3.2.xsd=org/springframework/scripting/config/spring-lang-3.2.xsd, http://www.springframework.org/schema/cache/spring-cache-3.2.xsd=org/springframework/cache/config/spring-cache-3.2.xsd, http://www.springframework.org/schema/jdbc/spring-jdbc-3.1.xsd=org/springframework/jdbc/config/spring-jdbc-3.1.xsd, http://www.springframework.org/schema/util/spring-util-2.0.xsd=org/springframework/beans/factory/xml/spring-util-2.0.xsd, http://www.springframework.org/schema/tool/spring-tool-3.2.xsd=org/springframework/beans/factory/xml/spring-tool-3.2.xsd, http://www.springframework.org/schema/context/spring-context.xsd=org/springframework/context/config/spring-context-3.2.xsd, http://schemas.xmlsoap.org/ws/2004/08/addressing=schemas/wsdl/addressing.xsd, http://www.springframework.org/schema/jee/spring-jee-3.2.xsd=org/springframework/ejb/config/spring-jee-3.2.xsd, http://www.springframework.org/schema/context/spring-context-3.0.xsd=org/springframework/context/config/spring-context-3.0.xsd, http://www.springframework.org/schema/util/spring-util-2.5.xsd=org/springframework/beans/factory/xml/spring-util-2.5.xsd, http://www.springframework.org/schema/beans/spring-beans-3.2.xsd=org/springframework/beans/factory/xml/spring-beans-3.2.xsd, http://www.springframework.org/schema/aop/spring-aop-3.1.xsd=org/springframework/aop/config/spring-aop-3.1.xsd, http://schemas.xmlsoap.org/wsdl/=schemas/wsdl/wsdl.xsd, http://www.springframework.org/schema/mvc/spring-mvc.xsd=org/springframework/web/servlet/config/spring-mvc-3.2.xsd, http://www.springframework.org/schema/mvc/spring-mvc-3.1.xsd=org/springframework/web/servlet/config/spring-mvc-3.1.xsd, http://www.springframework.org/schema/lang/spring-lang-3.1.xsd=org/springframework/scripting/config/spring-lang-3.1.xsd, http://www.springframework.org/schema/tx/spring-tx-3.2.xsd=org/springframework/transaction/config/spring-tx-3.2.xsd, http://www.springframework.org/schema/cache/spring-cache-3.1.xsd=org/springframework/cache/config/spring-cache-3.1.xsd, http://www.springframework.org/schema/jdbc/spring-jdbc-3.0.xsd=org/springframework/jdbc/config/spring-jdbc-3.0.xsd, http://www.springframework.org/schema/jdbc/spring-jdbc.xsd=org/springframework/jdbc/config/spring-jdbc-3.2.xsd, http://www.springframework.org/schema/tool/spring-tool-3.1.xsd=org/springframework/beans/factory/xml/spring-tool-3.1.xsd, http://schemas.xmlsoap.org/wsdl/http/=schemas/wsdl/http.xsd, http://www.springframework.org/schema/jee/spring-jee-3.1.xsd=org/springframework/ejb/config/spring-jee-3.1.xsd, http://cxf.apache.org/schemas/configuration/parameterized-types.xsd=schemas/configuration/parameterized-types.xsd, http://www.springframework.org/schema/task/spring-task-3.2.xsd=org/springframework/scheduling/config/spring-task-3.2.xsd, http://www.springframework.org/schema/beans/spring-beans-3.1.xsd=org/springframework/beans/factory/xml/spring-beans-3.1.xsd, http://www.springframework.org/schema/util/spring-util.xsd=org/springframework/beans/factory/xml/spring-util-3.2.xsd, http://www.springframework.org/schema/aop/spring-aop-3.0.xsd=org/springframework/aop/config/spring-aop-3.0.xsd, http://www.springframework.org/schema/mvc/spring-mvc-3.0.xsd=org/springframework/web/servlet/config/spring-mvc-3.0.xsd, http://www.springframework.org/schema/beans/spring-beans.xsd=org/springframework/beans/factory/xml/spring-beans-3.2.xsd, http://mybatis.org/schema/mybatis-spring.xsd=org/mybatis/spring/config/mybatis-spring-1.2.xsd, http://www.springframework.org/schema/lang/spring-lang-3.0.xsd=org/springframework/scripting/config/spring-lang-3.0.xsd, http://www.springframework.org/schema/tx/spring-tx-3.1.xsd=org/springframework/transaction/config/spring-tx-3.1.xsd, http://schemas.xmlsoap.org/wsdl/2003-02-11.xsd=schemas/wsdl/wsdl.xsd, http://www.springframework.org/schema/context/spring-context-2.5.xsd=org/springframework/context/config/spring-context-2.5.xsd, http://cxf.apache.org/schemas/ws/addressing.xsd=schemas/ws-addr-conf.xsd, http://www.springframework.org/schema/tool/spring-tool-3.0.xsd=org/springframework/beans/factory/xml/spring-tool-3.0.xsd, http://www.springframework.org/schema/aop/spring-aop-2.0.xsd=org/springframework/aop/config/spring-aop-2.0.xsd, http://www.springframework.org/schema/jee/spring-jee-3.0.xsd=org/springframework/ejb/config/spring-jee-3.0.xsd, http://www.springframework.org/schema/task/spring-task-3.1.xsd=org/springframework/scheduling/config/spring-task-3.1.xsd, http://www.springframework.org/schema/beans/spring-beans-3.0.xsd=org/springframework/beans/factory/xml/spring-beans-3.0.xsd, http://cxf.apache.org/schemas/wsdl/http-conf.xsd=schemas/wsdl/http-conf.xsd, http://www.springframework.org/schema/jee/spring-jee.xsd=org/springframework/ejb/config/spring-jee-3.2.xsd, http://www.springframework.org/schema/aop/spring-aop-2.5.xsd=org/springframework/aop/config/spring-aop-2.5.xsd, http://www.springframework.org/schema/lang/spring-lang-2.0.xsd=org/springframework/scripting/config/spring-lang-2.0.xsd, http://www.springframework.org/schema/oxm/spring-oxm.xsd=org/springframework/oxm/config/spring-oxm-3.2.xsd, http://www.springframework.org/schema/util/spring-util-3.2.xsd=org/springframework/beans/factory/xml/spring-util-3.2.xsd, http://www.springframework.org/schema/task/spring-task.xsd=org/springframework/scheduling/config/spring-task-3.2.xsd, http://www.springframework.org/schema/tool/spring-tool-2.0.xsd=org/springframework/beans/factory/xml/spring-tool-2.0.xsd, http://www.springframework.org/schema/tx/spring-tx-3.0.xsd=org/springframework/transaction/config/spring-tx-3.0.xsd, http://www.springframework.org/schema/lang/spring-lang-2.5.xsd=org/springframework/scripting/config/spring-lang-2.5.xsd, http://www.springframework.org/schema/jee/spring-jee-2.0.xsd=org/springframework/ejb/config/spring-jee-2.0.xsd, http://www.springframework.org/schema/oxm/spring-oxm-3.2.xsd=org/springframework/oxm/config/spring-oxm-3.2.xsd, http://www.springframework.org/schema/tool/spring-tool-2.5.xsd=org/springframework/beans/factory/xml/spring-tool-2.5.xsd, http://www.springframework.org/schema/jee/spring-jee-2.5.xsd=org/springframework/ejb/config/spring-jee-2.5.xsd, http://cxf.apache.org/schemas/configuration/cxf-beans.xsd=schemas/configuration/cxf-beans.xsd, http://www.springframework.org/schema/task/spring-task-3.0.xsd=org/springframework/scheduling/config/spring-task-3.0.xsd, http://cxf.apache.org/schemas/core.xsd=schemas/core.xsd, http://www.springframework.org/schema/lang/spring-lang.xsd=org/springframework/scripting/config/spring-lang-3.2.xsd, http://www.springframework.org/schema/context/spring-context-3.2.xsd=org/springframework/context/config/spring-context-3.2.xsd, http://www.springframework.org/schema/util/spring-util-3.1.xsd=org/springframework/beans/factory/xml/spring-util-3.1.xsd, http://www.springframework.org/schema/beans/spring-beans-2.0.xsd=org/springframework/beans/factory/xml/spring-beans-2.0.xsd, http://cxf.apache.org/schemas/configuration/security.xsd=schemas/configuration/security.xsd, http://www.springframework.org/schema/cache/spring-cache.xsd=org/springframework/cache/config/spring-cache-3.2.xsd, http://www.springframework.org/schema/tx/spring-tx.xsd=org/springframework/transaction/config/spring-tx-3.2.xsd, http://cxf.apache.org/schemas/configuration/soap.xsd=schemas/configuration/soap.xsd, http://www.springframework.org/schema/beans/spring-beans-2.5.xsd=org/springframework/beans/factory/xml/spring-beans-2.5.xsd, http://cxf.apache.org/schemas/jaxws.xsd=schemas/jaxws.xsd, http://www.springframework.org/schema/oxm/spring-oxm-3.1.xsd=org/springframework/oxm/config/spring-oxm-3.1.xsd, http://cxf.apache.org/schemas/simple.xsd=schemas/simple.xsd, http://www.springframework.org/schema/tx/spring-tx-2.0.xsd=org/springframework/transaction/config/spring-tx-2.0.xsd, http://www.springframework.org/schema/jdbc/spring-jdbc-3.2.xsd=org/springframework/jdbc/config/spring-jdbc-3.2.xsd, http://www.springframework.org/schema/aop/spring-aop.xsd=org/springframework/aop/config/spring-aop-3.2.xsd}
2013-08-30 10:34:36,316 [pool-1-thread-1] DEBUG [PluggableSchemaResolver.java:118] Found XML schema [http://www.springframework.org/schema/beans/spring-beans-3.0.xsd] in classpath: org/springframework/beans/factory/xml/spring-beans-3.0.xsd
2013-08-30 10:34:36,348 [pool-1-thread-1] DEBUG [PluggableSchemaResolver.java:118] Found XML schema [http://www.springframework.org/schema/context/spring-context-3.0.xsd] in classpath: org/springframework/context/config/spring-context-3.0.xsd
2013-08-30 10:34:36,358 [pool-1-thread-1] DEBUG [PluggableSchemaResolver.java:118] Found XML schema [http://www.springframework.org/schema/tool/spring-tool-3.0.xsd] in classpath: org/springframework/beans/factory/xml/spring-tool-3.0.xsd
2013-08-30 10:34:36,365 [pool-1-thread-1] DEBUG [DefaultBeanDefinitionDocumentReader.java:106] Loading bean definitions
2013-08-30 10:34:36,375 [pool-1-thread-1] DEBUG [PathMatchingResourcePatternResolver.java:550] Looking for matching resources in directory tree [D:\tools\MyEclipse 10\appService\target\classes\spring]
2013-08-30 10:34:36,376 [pool-1-thread-1] DEBUG [PathMatchingResourcePatternResolver.java:612] Searching directory [D:\tools\MyEclipse 10\appService\target\classes\spring] for files matching pattern [D:/tools/MyEclipse 10/appService/target/classes/spring/spring*.xml]
2013-08-30 10:34:36,378 [pool-1-thread-1] DEBUG [PathMatchingResourcePatternResolver.java:351] Resolved location pattern [classpath*:spring/spring*.xml] to resources [file [D:\tools\MyEclipse 10\appService\target\classes\spring\spring-db.xml]]
2013-08-30 10:34:36,378 [pool-1-thread-1] INFO  [XmlBeanDefinitionReader.java:315] Loading XML bean definitions from file [D:\tools\MyEclipse 10\appService\target\classes\spring\spring-db.xml]
2013-08-30 10:34:36,379 [pool-1-thread-1] DEBUG [DefaultDocumentLoader.java:72] Using JAXP provider [com.sun.org.apache.xerces.internal.jaxp.DocumentBuilderFactoryImpl]
2013-08-30 10:34:36,380 [pool-1-thread-1] DEBUG [PluggableSchemaResolver.java:118] Found XML schema [http://www.springframework.org/schema/beans/spring-beans-3.0.xsd] in classpath: org/springframework/beans/factory/xml/spring-beans-3.0.xsd
2013-08-30 10:34:36,394 [pool-1-thread-1] DEBUG [PluggableSchemaResolver.java:118] Found XML schema [http://www.springframework.org/schema/aop/spring-aop-3.0.xsd] in classpath: org/springframework/aop/config/spring-aop-3.0.xsd
2013-08-30 10:34:36,398 [pool-1-thread-1] DEBUG [PluggableSchemaResolver.java:118] Found XML schema [http://www.springframework.org/schema/tool/spring-tool-3.0.xsd] in classpath: org/springframework/beans/factory/xml/spring-tool-3.0.xsd
2013-08-30 10:34:36,402 [pool-1-thread-1] DEBUG [PluggableSchemaResolver.java:118] Found XML schema [http://www.springframework.org/schema/tx/spring-tx-3.0.xsd] in classpath: org/springframework/transaction/config/spring-tx-3.0.xsd
2013-08-30 10:34:36,406 [pool-1-thread-1] DEBUG [DefaultBeanDefinitionDocumentReader.java:106] Loading bean definitions
2013-08-30 10:34:36,417 [pool-1-thread-1] DEBUG [BeanDefinitionParserDelegate.java:500] Neither XML &apos;id&apos; nor &apos;name&apos; specified - using generated bean name [org.mybatis.spring.mapper.MapperScannerConfigurer#0]
2013-08-30 10:34:36,420 [pool-1-thread-1] DEBUG [DefaultNamespaceHandlerResolver.java:156] Loaded NamespaceHandler mappings: {http://www.springframework.org/schema/task=org.springframework.scheduling.config.TaskNamespaceHandler, http://www.springframework.org/schema/p=org.springframework.beans.factory.xml.SimplePropertyNamespaceHandler, http://www.springframework.org/schema/lang=org.springframework.scripting.config.LangNamespaceHandler, http://www.springframework.org/schema/util=org.springframework.beans.factory.xml.UtilNamespaceHandler, http://www.springframework.org/schema/c=org.springframework.beans.factory.xml.SimpleConstructorNamespaceHandler, http://cxf.apache.org/jaxws=org.apache.cxf.jaxws.spring.NamespaceHandler, http://www.springframework.org/schema/jee=org.springframework.ejb.config.JeeNamespaceHandler, http://www.springframework.org/schema/oxm=org.springframework.oxm.config.OxmNamespaceHandler, http://cxf.apache.org/transports/http/configuration=org.apache.cxf.transport.http.spring.NamespaceHandler, http://www.springframework.org/schema/tx=org.springframework.transaction.config.TxNamespaceHandler, http://cxf.apache.org/ws/addressing=org.apache.cxf.ws.addressing.spring.NamespaceHandler, http://cxf.apache.org/clustering=org.apache.cxf.clustering.spring.NamespaceHandler, http://cxf.apache.org/simple=org.apache.cxf.frontend.spring.NamespaceHandler, http://www.springframework.org/schema/aop=org.springframework.aop.config.AopNamespaceHandler, http://www.springframework.org/schema/jdbc=org.springframework.jdbc.config.JdbcNamespaceHandler, http://www.springframework.org/schema/context=org.springframework.context.config.ContextNamespaceHandler, http://cxf.apache.org/core=org.apache.cxf.bus.spring.NamespaceHandler, http://www.springframework.org/schema/cache=org.springframework.cache.config.CacheNamespaceHandler, http://mybatis.org/schema/mybatis-spring=org.mybatis.spring.config.NamespaceHandler, http://www.springframework.org/schema/mvc=org.springframework.web.servlet.config.MvcNamespaceHandler, http://cxf.apache.org/bindings/soap=org.apache.cxf.binding.soap.spring.NamespaceHandler}
2013-08-30 10:34:36,453 [pool-1-thread-1] DEBUG [AbstractBeanDefinitionReader.java:216] Loaded 8 bean definitions from location pattern [classpath*:spring/spring*.xml]
2013-08-30 10:34:36,453 [pool-1-thread-1] DEBUG [DefaultBeanDefinitionDocumentReader.java:242] Imported 8 bean definitions from URL location [classpath*:spring/spring*.xml]
2013-08-30 10:34:36,454 [pool-1-thread-1] DEBUG [BeanDefinitionParserDelegate.java:500] Neither XML &apos;id&apos; nor &apos;name&apos; specified - using generated bean name [com.qingzhou.core.util.SpringContextHolder#0]
2013-08-30 10:34:36,468 [pool-1-thread-1] DEBUG [PathMatchingResourcePatternResolver.java:550] Looking for matching resources in directory tree [D:\tools\MyEclipse 10\appService\target\classes\com\qingzhou\app\client]
2013-08-30 10:34:36,468 [pool-1-thread-1] DEBUG [PathMatchingResourcePatternResolver.java:612] Searching directory [D:\tools\MyEclipse 10\appService\target\classes\com\qingzhou\app\client] for files matching pattern [D:/tools/MyEclipse 10/appService/target/classes/com/qingzhou/app/client/**/*.class]
2013-08-30 10:34:36,468 [pool-1-thread-1] DEBUG [PathMatchingResourcePatternResolver.java:612] Searching directory [D:\tools\MyEclipse 10\appService\target\classes\com\qingzhou\app\client\dao] for files matching pattern [D:/tools/MyEclipse 10/appService/target/classes/com/qingzhou/app/client/**/*.class]
2013-08-30 10:34:36,470 [pool-1-thread-1] DEBUG [PathMatchingResourcePatternResolver.java:612] Searching directory [D:\tools\MyEclipse 10\appService\target\classes\com\qingzhou\app\client\domain] for files matching pattern [D:/tools/MyEclipse 10/appService/target/classes/com/qingzhou/app/client/**/*.class]
2013-08-30 10:34:36,471 [pool-1-thread-1] DEBUG [PathMatchingResourcePatternResolver.java:612] Searching directory [D:\tools\MyEclipse 10\appService\target\classes\com\qingzhou\app\client\rest] for files matching pattern [D:/tools/MyEclipse 10/appService/target/classes/com/qingzhou/app/client/**/*.class]
2013-08-30 10:34:36,471 [pool-1-thread-1] DEBUG [PathMatchingResourcePatternResolver.java:612] Searching directory [D:\tools\MyEclipse 10\appService\target\classes\com\qingzhou\app\client\service] for files matching pattern [D:/tools/MyEclipse 10/appService/target/classes/com/qingzhou/app/client/**/*.class]
2013-08-30 10:34:36,473 [pool-1-thread-1] DEBUG [PathMatchingResourcePatternResolver.java:351] Resolved location pattern [classpath*:com/qingzhou/app/client/**/*.class] to resources [file [D:\tools\MyEclipse 10\appService\target\classes\com\qingzhou\app\client\dao\AircraftDao.class], file [D:\tools\MyEclipse 10\appService\target\classes\com\qingzhou\app\client\dao\ContractDao.class], file [D:\tools\MyEclipse 10\appService\target\classes\com\qingzhou\app\client\dao\LoginStatusDao.class], file [D:\tools\MyEclipse 10\appService\target\classes\com\qingzhou\app\client\dao\ProjectPlanDao.class], file [D:\tools\MyEclipse 10\appService\target\classes\com\qingzhou\app\client\dao\RestCommonDao.class], file [D:\tools\MyEclipse 10\appService\target\classes\com\qingzhou\app\client\dao\VersionDao.class], file [D:\tools\MyEclipse 10\appService\target\classes\com\qingzhou\app\client\domain\Aircraft.class], file [D:\tools\MyEclipse 10\appService\target\classes\com\qingzhou\app\client\domain\Contract.class], file [D:\tools\MyEclipse 10\appService\target\classes\com\qingzhou\app\client\domain\ContractDiscount.class], file [D:\tools\MyEclipse 10\appService\target\classes\com\qingzhou\app\client\domain\LoginStatus.class], file [D:\tools\MyEclipse 10\appService\target\classes\com\qingzhou\app\client\domain\ProjectPhoto.class], file [D:\tools\MyEclipse 10\appService\target\classes\com\qingzhou\app\client\domain\ProjectPlanDetail.class], file [D:\tools\MyEclipse 10\appService\target\classes\com\qingzhou\app\client\domain\RestProjectPhoto.class], file [D:\tools\MyEclipse 10\appService\target\classes\com\qingzhou\app\client\domain\RestProjectPlan.class], file [D:\tools\MyEclipse 10\appService\target\classes\com\qingzhou\app\client\domain\RestProjectPlanDetail.class], file [D:\tools\MyEclipse 10\appService\target\classes\com\qingzhou\app\client\domain\UserBase.class], file [D:\tools\MyEclipse 10\appService\target\classes\com\qingzhou\app\client\domain\Version.class], file [D:\tools\MyEclipse 10\appService\target\classes\com\qingzhou\app\client\rest\ContractController.class], file [D:\tools\MyEclipse 10\appService\target\classes\com\qingzhou\app\client\rest\LoginStatusController.class], file [D:\tools\MyEclipse 10\appService\target\classes\com\qingzhou\app\client\rest\ProjectPlanController.class], file [D:\tools\MyEclipse 10\appService\target\classes\com\qingzhou\app\client\rest\VersionController.class], file [D:\tools\MyEclipse 10\appService\target\classes\com\qingzhou\app\client\service\AircraftService.class], file [D:\tools\MyEclipse 10\appService\target\classes\com\qingzhou\app\client\service\ContractService.class], file [D:\tools\MyEclipse 10\appService\target\classes\com\qingzhou\app\client\service\LoginStatusService.class], file [D:\tools\MyEclipse 10\appService\target\classes\com\qingzhou\app\client\service\ProjectPlanService.class], file [D:\tools\MyEclipse 10\appService\target\classes\com\qingzhou\app\client\service\VersionService.class]]
2013-08-30 10:34:36,504 [pool-1-thread-1] DEBUG [ClassPathScanningCandidateComponentProvider.java:264] Identified candidate component class: file [D:\tools\MyEclipse 10\appService\target\classes\com\qingzhou\app\client\rest\ContractController.class]
2013-08-30 10:34:36,505 [pool-1-thread-1] DEBUG [ClassPathScanningCandidateComponentProvider.java:264] Identified candidate component class: file [D:\tools\MyEclipse 10\appService\target\classes\com\qingzhou\app\client\rest\LoginStatusController.class]
2013-08-30 10:34:36,506 [pool-1-thread-1] DEBUG [ClassPathScanningCandidateComponentProvider.java:264] Identified candidate component class: file [D:\tools\MyEclipse 10\appService\target\classes\com\qingzhou\app\client\rest\ProjectPlanController.class]
2013-08-30 10:34:36,508 [pool-1-thread-1] DEBUG [ClassPathScanningCandidateComponentProvider.java:264] Identified candidate component class: file [D:\tools\MyEclipse 10\appService\target\classes\com\qingzhou\app\client\rest\VersionController.class]
2013-08-30 10:34:36,510 [pool-1-thread-1] DEBUG [ClassPathScanningCandidateComponentProvider.java:264] Identified candidate component class: file [D:\tools\MyEclipse 10\appService\target\classes\com\qingzhou\app\client\service\AircraftService.class]
2013-08-30 10:34:36,513 [pool-1-thread-1] DEBUG [ClassPathScanningCandidateComponentProvider.java:264] Identified candidate component class: file [D:\tools\MyEclipse 10\appService\target\classes\com\qingzhou\app\client\service\ContractService.class]
2013-08-30 10:34:36,514 [pool-1-thread-1] DEBUG [ClassPathScanningCandidateComponentProvider.java:264] Identified candidate component class: file [D:\tools\MyEclipse 10\appService\target\classes\com\qingzhou\app\client\service\LoginStatusService.class]
2013-08-30 10:34:36,516 [pool-1-thread-1] DEBUG [ClassPathScanningCandidateComponentProvider.java:264] Identified candidate component class: file [D:\tools\MyEclipse 10\appService\target\classes\com\qingzhou\app\client\service\ProjectPlanService.class]
2013-08-30 10:34:36,516 [pool-1-thread-1] DEBUG [ClassPathScanningCandidateComponentProvider.java:264] Identified candidate component class: file [D:\tools\MyEclipse 10\appService\target\classes\com\qingzhou\app\client\service\VersionService.class]
2013-08-30 10:34:36,524 [pool-1-thread-1] DEBUG [AbstractBeanDefinitionReader.java:216] Loaded 23 bean definitions from location pattern [classpath:spring.xml]
2013-08-30 10:34:36,525 [pool-1-thread-1] INFO  [XmlBeanDefinitionReader.java:315] Loading XML bean definitions from class path resource [spring.xml]
2013-08-30 10:34:36,526 [pool-1-thread-1] DEBUG [DefaultDocumentLoader.java:72] Using JAXP provider [com.sun.org.apache.xerces.internal.jaxp.DocumentBuilderFactoryImpl]
2013-08-30 10:34:36,527 [pool-1-thread-1] DEBUG [PluggableSchemaResolver.java:118] Found XML schema [http://www.springframework.org/schema/beans/spring-beans-3.0.xsd] in classpath: org/springframework/beans/factory/xml/spring-beans-3.0.xsd
2013-08-30 10:34:36,539 [pool-1-thread-1] DEBUG [PluggableSchemaResolver.java:118] Found XML schema [http://www.springframework.org/schema/context/spring-context-3.0.xsd] in classpath: org/springframework/context/config/spring-context-3.0.xsd
2013-08-30 10:34:36,541 [pool-1-thread-1] DEBUG [PluggableSchemaResolver.java:118] Found XML schema [http://www.springframework.org/schema/tool/spring-tool-3.0.xsd] in classpath: org/springframework/beans/factory/xml/spring-tool-3.0.xsd
2013-08-30 10:34:36,544 [pool-1-thread-1] DEBUG [DefaultBeanDefinitionDocumentReader.java:106] Loading bean definitions
2013-08-30 10:34:36,545 [pool-1-thread-1] DEBUG [PathMatchingResourcePatternResolver.java:550] Looking for matching resources in directory tree [D:\tools\MyEclipse 10\appService\target\classes\spring]
2013-08-30 10:34:36,545 [pool-1-thread-1] DEBUG [PathMatchingResourcePatternResolver.java:612] Searching directory [D:\tools\MyEclipse 10\appService\target\classes\spring] for files matching pattern [D:/tools/MyEclipse 10/appService/target/classes/spring/spring*.xml]
2013-08-30 10:34:36,545 [pool-1-thread-1] DEBUG [PathMatchingResourcePatternResolver.java:351] Resolved location pattern [classpath*:spring/spring*.xml] to resources [file [D:\tools\MyEclipse 10\appService\target\classes\spring\spring-db.xml]]
2013-08-30 10:34:36,545 [pool-1-thread-1] INFO  [XmlBeanDefinitionReader.java:315] Loading XML bean definitions from file [D:\tools\MyEclipse 10\appService\target\classes\spring\spring-db.xml]
2013-08-30 10:34:36,546 [pool-1-thread-1] DEBUG [DefaultDocumentLoader.java:72] Using JAXP provider [com.sun.org.apache.xerces.internal.jaxp.DocumentBuilderFactoryImpl]
2013-08-30 10:34:36,548 [pool-1-thread-1] DEBUG [PluggableSchemaResolver.java:118] Found XML schema [http://www.springframework.org/schema/beans/spring-beans-3.0.xsd] in classpath: org/springframework/beans/factory/xml/spring-beans-3.0.xsd
2013-08-30 10:34:36,554 [pool-1-thread-1] DEBUG [PluggableSchemaResolver.java:118] Found XML schema [http://www.springframework.org/schema/aop/spring-aop-3.0.xsd] in classpath: org/springframework/aop/config/spring-aop-3.0.xsd
2013-08-30 10:34:36,556 [pool-1-thread-1] DEBUG [PluggableSchemaResolver.java:118] Found XML schema [http://www.springframework.org/schema/tool/spring-tool-3.0.xsd] in classpath: org/springframework/beans/factory/xml/spring-tool-3.0.xsd
2013-08-30 10:34:36,558 [pool-1-thread-1] DEBUG [PluggableSchemaResolver.java:118] Found XML schema [http://www.springframework.org/schema/tx/spring-tx-3.0.xsd] in classpath: org/springframework/transaction/config/spring-tx-3.0.xsd
2013-08-30 10:34:36,561 [pool-1-thread-1] DEBUG [DefaultBeanDefinitionDocumentReader.java:106] Loading bean definitions
2013-08-30 10:34:36,562 [pool-1-thread-1] INFO  [DefaultListableBeanFactory.java:663] Overriding bean definition for bean &apos;dataSource&apos;: replacing [Generic bean: class [org.apache.commons.dbcp.BasicDataSource]; scope=; abstract=false; lazyInit=false; autowireMode=0; dependencyCheck=0; autowireCandidate=true; primary=false; factoryBeanName=null; factoryMethodName=null; initMethodName=null; destroyMethodName=close; defined in file [D:\tools\MyEclipse 10\appService\target\classes\spring\spring-db.xml]] with [Generic bean: class [org.apache.commons.dbcp.BasicDataSource]; scope=; abstract=false; lazyInit=false; autowireMode=0; dependencyCheck=0; autowireCandidate=true; primary=false; factoryBeanName=null; factoryMethodName=null; initMethodName=null; destroyMethodName=close; defined in file [D:\tools\MyEclipse 10\appService\target\classes\spring\spring-db.xml]]
2013-08-30 10:34:36,562 [pool-1-thread-1] INFO  [DefaultListableBeanFactory.java:663] Overriding bean definition for bean &apos;transactionManager&apos;: replacing [Generic bean: class [org.springframework.jdbc.datasource.DataSourceTransactionManager]; scope=; abstract=false; lazyInit=false; autowireMode=0; dependencyCheck=0; autowireCandidate=true; primary=false; factoryBeanName=null; factoryMethodName=null; initMethodName=null; destroyMethodName=null; defined in file [D:\tools\MyEclipse 10\appService\target\classes\spring\spring-db.xml]] with [Generic bean: class [org.springframework.jdbc.datasource.DataSourceTransactionManager]; scope=; abstract=false; lazyInit=false; autowireMode=0; dependencyCheck=0; autowireCandidate=true; primary=false; factoryBeanName=null; factoryMethodName=null; initMethodName=null; destroyMethodName=null; defined in file [D:\tools\MyEclipse 10\appService\target\classes\spring\spring-db.xml]]
2013-08-30 10:34:36,563 [pool-1-thread-1] INFO  [DefaultListableBeanFactory.java:663] Overriding bean definition for bean &apos;sqlSessionFactory&apos;: replacing [Generic bean: class [org.mybatis.spring.SqlSessionFactoryBean]; scope=; abstract=false; lazyInit=false; autowireMode=0; dependencyCheck=0; autowireCandidate=true; primary=false; factoryBeanName=null; factoryMethodName=null; initMethodName=null; destroyMethodName=null; defined in file [D:\tools\MyEclipse 10\appService\target\classes\spring\spring-db.xml]] with [Generic bean: class [org.mybatis.spring.SqlSessionFactoryBean]; scope=; abstract=false; lazyInit=false; autowireMode=0; dependencyCheck=0; autowireCandidate=true; primary=false; factoryBeanName=null; factoryMethodName=null; initMethodName=null; destroyMethodName=null; defined in file [D:\tools\MyEclipse 10\appService\target\classes\spring\spring-db.xml]]
2013-08-30 10:34:36,563 [pool-1-thread-1] DEBUG [BeanDefinitionParserDelegate.java:500] Neither XML &apos;id&apos; nor &apos;name&apos; specified - using generated bean name [org.mybatis.spring.mapper.MapperScannerConfigurer#1]
2013-08-30 10:34:36,564 [pool-1-thread-1] INFO  [DefaultListableBeanFactory.java:663] Overriding bean definition for bean &apos;serviceMethods&apos;: replacing [Root bean: class [org.springframework.aop.aspectj.AspectJExpressionPointcut]; scope=prototype; abstract=false; lazyInit=false; autowireMode=0; dependencyCheck=0; autowireCandidate=true; primary=false; factoryBeanName=null; factoryMethodName=null; initMethodName=null; destroyMethodName=null] with [Root bean: class [org.springframework.aop.aspectj.AspectJExpressionPointcut]; scope=prototype; abstract=false; lazyInit=false; autowireMode=0; dependencyCheck=0; autowireCandidate=true; primary=false; factoryBeanName=null; factoryMethodName=null; initMethodName=null; destroyMethodName=null]
2013-08-30 10:34:36,565 [pool-1-thread-1] INFO  [DefaultListableBeanFactory.java:663] Overriding bean definition for bean &apos;txAdvice&apos;: replacing [Generic bean: class [org.springframework.transaction.interceptor.TransactionInterceptor]; scope=; abstract=false; lazyInit=false; autowireMode=0; dependencyCheck=0; autowireCandidate=true; primary=false; factoryBeanName=null; factoryMethodName=null; initMethodName=null; destroyMethodName=null] with [Generic bean: class [org.springframework.transaction.interceptor.TransactionInterceptor]; scope=; abstract=false; lazyInit=false; autowireMode=0; dependencyCheck=0; autowireCandidate=true; primary=false; factoryBeanName=null; factoryMethodName=null; initMethodName=null; destroyMethodName=null]
2013-08-30 10:34:36,565 [pool-1-thread-1] DEBUG [AbstractBeanDefinitionReader.java:216] Loaded 2 bean definitions from location pattern [classpath*:spring/spring*.xml]
2013-08-30 10:34:36,565 [pool-1-thread-1] DEBUG [DefaultBeanDefinitionDocumentReader.java:242] Imported 2 bean definitions from URL location [classpath*:spring/spring*.xml]
2013-08-30 10:34:36,565 [pool-1-thread-1] INFO  [DefaultListableBeanFactory.java:663] Overriding bean definition for bean &apos;appService&apos;: replacing [Generic bean: class [org.springframework.beans.factory.config.PropertiesFactoryBean]; scope=; abstract=false; lazyInit=false; autowireMode=0; dependencyCheck=0; autowireCandidate=true; primary=false; factoryBeanName=null; factoryMethodName=null; initMethodName=null; destroyMethodName=null; defined in class path resource [spring.xml]] with [Generic bean: class [org.springframework.beans.factory.config.PropertiesFactoryBean]; scope=; abstract=false; lazyInit=false; autowireMode=0; dependencyCheck=0; autowireCandidate=true; primary=false; factoryBeanName=null; factoryMethodName=null; initMethodName=null; destroyMethodName=null; defined in class path resource [spring.xml]]
2013-08-30 10:34:36,566 [pool-1-thread-1] DEBUG [BeanDefinitionParserDelegate.java:500] Neither XML &apos;id&apos; nor &apos;name&apos; specified - using generated bean name [com.qingzhou.core.util.SpringContextHolder#1]
2013-08-30 10:34:36,567 [pool-1-thread-1] DEBUG [PathMatchingResourcePatternResolver.java:550] Looking for matching resources in directory tree [D:\tools\MyEclipse 10\appService\target\classes\com\qingzhou\app\client]
2013-08-30 10:34:36,567 [pool-1-thread-1] DEBUG [PathMatchingResourcePatternResolver.java:612] Searching directory [D:\tools\MyEclipse 10\appService\target\classes\com\qingzhou\app\client] for files matching pattern [D:/tools/MyEclipse 10/appService/target/classes/com/qingzhou/app/client/**/*.class]
2013-08-30 10:34:36,567 [pool-1-thread-1] DEBUG [PathMatchingResourcePatternResolver.java:612] Searching directory [D:\tools\MyEclipse 10\appService\target\classes\com\qingzhou\app\client\dao] for files matching pattern [D:/tools/MyEclipse 10/appService/target/classes/com/qingzhou/app/client/**/*.class]
2013-08-30 10:34:36,568 [pool-1-thread-1] DEBUG [PathMatchingResourcePatternResolver.java:612] Searching directory [D:\tools\MyEclipse 10\appService\target\classes\com\qingzhou\app\client\domain] for files matching pattern [D:/tools/MyEclipse 10/appService/target/classes/com/qingzhou/app/client/**/*.class]
2013-08-30 10:34:36,569 [pool-1-thread-1] DEBUG [PathMatchingResourcePatternResolver.java:612] Searching directory [D:\tools\MyEclipse 10\appService\target\classes\com\qingzhou\app\client\rest] for files matching pattern [D:/tools/MyEclipse 10/appService/target/classes/com/qingzhou/app/client/**/*.class]
2013-08-30 10:34:36,570 [pool-1-thread-1] DEBUG [PathMatchingResourcePatternResolver.java:612] Searching directory [D:\tools\MyEclipse 10\appService\target\classes\com\qingzhou\app\client\service] for files matching pattern [D:/tools/MyEclipse 10/appService/target/classes/com/qingzhou/app/client/**/*.class]
2013-08-30 10:34:36,571 [pool-1-thread-1] DEBUG [PathMatchingResourcePatternResolver.java:351] Resolved location pattern [classpath*:com/qingzhou/app/client/**/*.class] to resources [file [D:\tools\MyEclipse 10\appService\target\classes\com\qingzhou\app\client\dao\AircraftDao.class], file [D:\tools\MyEclipse 10\appService\target\classes\com\qingzhou\app\client\dao\ContractDao.class], file [D:\tools\MyEclipse 10\appService\target\classes\com\qingzhou\app\client\dao\LoginStatusDao.class], file [D:\tools\MyEclipse 10\appService\target\classes\com\qingzhou\app\client\dao\ProjectPlanDao.class], file [D:\tools\MyEclipse 10\appService\target\classes\com\qingzhou\app\client\dao\RestCommonDao.class], file [D:\tools\MyEclipse 10\appService\target\classes\com\qingzhou\app\client\dao\VersionDao.class], file [D:\tools\MyEclipse 10\appService\target\classes\com\qingzhou\app\client\domain\Aircraft.class], file [D:\tools\MyEclipse 10\appService\target\classes\com\qingzhou\app\client\domain\Contract.class], file [D:\tools\MyEclipse 10\appService\target\classes\com\qingzhou\app\client\domain\ContractDiscount.class], file [D:\tools\MyEclipse 10\appService\target\classes\com\qingzhou\app\client\domain\LoginStatus.class], file [D:\tools\MyEclipse 10\appService\target\classes\com\qingzhou\app\client\domain\ProjectPhoto.class], file [D:\tools\MyEclipse 10\appService\target\classes\com\qingzhou\app\client\domain\ProjectPlanDetail.class], file [D:\tools\MyEclipse 10\appService\target\classes\com\qingzhou\app\client\domain\RestProjectPhoto.class], file [D:\tools\MyEclipse 10\appService\target\classes\com\qingzhou\app\client\domain\RestProjectPlan.class], file [D:\tools\MyEclipse 10\appService\target\classes\com\qingzhou\app\client\domain\RestProjectPlanDetail.class], file [D:\tools\MyEclipse 10\appService\target\classes\com\qingzhou\app\client\domain\UserBase.class], file [D:\tools\MyEclipse 10\appService\target\classes\com\qingzhou\app\client\domain\Version.class], file [D:\tools\MyEclipse 10\appService\target\classes\com\qingzhou\app\client\rest\ContractController.class], file [D:\tools\MyEclipse 10\appService\target\classes\com\qingzhou\app\client\rest\LoginStatusController.class], file [D:\tools\MyEclipse 10\appService\target\classes\com\qingzhou\app\client\rest\ProjectPlanController.class], file [D:\tools\MyEclipse 10\appService\target\classes\com\qingzhou\app\client\rest\VersionController.class], file [D:\tools\MyEclipse 10\appService\target\classes\com\qingzhou\app\client\service\AircraftService.class], file [D:\tools\MyEclipse 10\appService\target\classes\com\qingzhou\app\client\service\ContractService.class], file [D:\tools\MyEclipse 10\appService\target\classes\com\qingzhou\app\client\service\LoginStatusService.class], file [D:\tools\MyEclipse 10\appService\target\classes\com\qingzhou\app\client\service\ProjectPlanService.class], file [D:\tools\MyEclipse 10\appService\target\classes\com\qingzhou\app\client\service\VersionService.class]]
2013-08-30 10:34:36,576 [pool-1-thread-1] DEBUG [ClassPathScanningCandidateComponentProvider.java:264] Identified candidate component class: file [D:\tools\MyEclipse 10\appService\target\classes\com\qingzhou\app\client\rest\ContractController.class]
2013-08-30 10:34:36,577 [pool-1-thread-1] DEBUG [ClassPathScanningCandidateComponentProvider.java:264] Identified candidate component class: file [D:\tools\MyEclipse 10\appService\target\classes\com\qingzhou\app\client\rest\LoginStatusController.class]
2013-08-30 10:34:36,577 [pool-1-thread-1] DEBUG [ClassPathScanningCandidateComponentProvider.java:264] Identified candidate component class: file [D:\tools\MyEclipse 10\appService\target\classes\com\qingzhou\app\client\rest\ProjectPlanController.class]
2013-08-30 10:34:36,578 [pool-1-thread-1] DEBUG [ClassPathScanningCandidateComponentProvider.java:264] Identified candidate component class: file [D:\tools\MyEclipse 10\appService\target\classes\com\qingzhou\app\client\rest\VersionController.class]
2013-08-30 10:34:36,579 [pool-1-thread-1] DEBUG [ClassPathScanningCandidateComponentProvider.java:264] Identified candidate component class: file [D:\tools\MyEclipse 10\appService\target\classes\com\qingzhou\app\client\service\AircraftService.class]
2013-08-30 10:34:36,579 [pool-1-thread-1] DEBUG [ClassPathScanningCandidateComponentProvider.java:264] Identified candidate component class: file [D:\tools\MyEclipse 10\appService\target\classes\com\qingzhou\app\client\service\ContractService.class]
2013-08-30 10:34:36,580 [pool-1-thread-1] DEBUG [ClassPathScanningCandidateComponentProvider.java:264] Identified candidate component class: file [D:\tools\MyEclipse 10\appService\target\classes\com\qingzhou\app\client\service\LoginStatusService.class]
2013-08-30 10:34:36,580 [pool-1-thread-1] DEBUG [ClassPathScanningCandidateComponentProvider.java:264] Identified candidate component class: file [D:\tools\MyEclipse 10\appService\target\classes\com\qingzhou\app\client\service\ProjectPlanService.class]
2013-08-30 10:34:36,581 [pool-1-thread-1] DEBUG [ClassPathScanningCandidateComponentProvider.java:264] Identified candidate component class: file [D:\tools\MyEclipse 10\appService\target\classes\com\qingzhou\app\client\service\VersionService.class]
2013-08-30 10:34:36,581 [pool-1-thread-1] DEBUG [AbstractBeanDefinitionReader.java:216] Loaded 3 bean definitions from location pattern [classpath:spring.xml]
2013-08-30 10:34:36,582 [pool-1-thread-1] INFO  [AbstractApplicationContext.java:510] Refreshing org.springframework.context.support.GenericApplicationContext@145c859: startup date [Fri Aug 30 10:34:36 CST 2013]; root of context hierarchy
2013-08-30 10:34:36,582 [pool-1-thread-1] DEBUG [AbstractApplicationContext.java:540] Bean factory for org.springframework.context.support.GenericApplicationContext@145c859: org.springframework.beans.factory.support.DefaultListableBeanFactory@1bfc4fc: defining beans [dataSource,transactionManager,sqlSessionFactory,org.mybatis.spring.mapper.MapperScannerConfigurer#0,org.springframework.aop.config.internalAutoProxyCreator,serviceMethods,org.springframework.aop.support.DefaultBeanFactoryPointcutAdvisor#0,txAdvice,appService,com.qingzhou.core.util.SpringContextHolder#0,contractController,loginStatusController,projectPlanController,versionController,aircraftService,contractService,loginStatusService,projectPlanService,versionService,org.springframework.context.annotation.internalConfigurationAnnotationProcessor,org.springframework.context.annotation.internalAutowiredAnnotationProcessor,org.springframework.context.annotation.internalRequiredAnnotationProcessor,org.springframework.context.annotation.internalCommonAnnotationProcessor,org.mybatis.spring.mapper.MapperScannerConfigurer#1,org.springframework.aop.support.DefaultBeanFactoryPointcutAdvisor#1,com.qingzhou.core.util.SpringContextHolder#1]; root of factory hierarchy
2013-08-30 10:34:36,605 [pool-1-thread-1] DEBUG [DefaultSingletonBeanRegistry.java:215] Creating shared instance of singleton bean &apos;org.mybatis.spring.mapper.MapperScannerConfigurer#0&apos;
2013-08-30 10:34:36,605 [pool-1-thread-1] DEBUG [AbstractAutowireCapableBeanFactory.java:435] Creating instance of bean &apos;org.mybatis.spring.mapper.MapperScannerConfigurer#0&apos;
2013-08-30 10:34:36,618 [pool-1-thread-1] DEBUG [AbstractAutowireCapableBeanFactory.java:509] Eagerly caching bean &apos;org.mybatis.spring.mapper.MapperScannerConfigurer#0&apos; to allow for resolving potential circular references
2013-08-30 10:34:36,627 [pool-1-thread-1] DEBUG [DefaultSingletonBeanRegistry.java:215] Creating shared instance of singleton bean &apos;sqlSessionFactory&apos;
2013-08-30 10:34:36,628 [pool-1-thread-1] DEBUG [AbstractAutowireCapableBeanFactory.java:435] Creating instance of bean &apos;sqlSessionFactory&apos;
2013-08-30 10:34:36,641 [pool-1-thread-1] DEBUG [LogFactory.java:115] Logging initialized using &apos;class org.apache.ibatis.logging.slf4j.Slf4jImpl&apos; adapter.
2013-08-30 10:34:36,644 [pool-1-thread-1] DEBUG [AbstractAutowireCapableBeanFactory.java:509] Eagerly caching bean &apos;sqlSessionFactory&apos; to allow for resolving potential circular references
2013-08-30 10:34:36,644 [pool-1-thread-1] DEBUG [DefaultSingletonBeanRegistry.java:215] Creating shared instance of singleton bean &apos;dataSource&apos;
2013-08-30 10:34:36,644 [pool-1-thread-1] DEBUG [AbstractAutowireCapableBeanFactory.java:435] Creating instance of bean &apos;dataSource&apos;
2013-08-30 10:34:36,702 [pool-1-thread-1] DEBUG [AbstractAutowireCapableBeanFactory.java:509] Eagerly caching bean &apos;dataSource&apos; to allow for resolving potential circular references
2013-08-30 10:34:36,725 [pool-1-thread-1] DEBUG [DefaultSingletonBeanRegistry.java:215] Creating shared instance of singleton bean &apos;appService&apos;
2013-08-30 10:34:36,725 [pool-1-thread-1] DEBUG [AbstractAutowireCapableBeanFactory.java:435] Creating instance of bean &apos;appService&apos;
2013-08-30 10:34:36,726 [pool-1-thread-1] DEBUG [AbstractAutowireCapableBeanFactory.java:509] Eagerly caching bean &apos;appService&apos; to allow for resolving potential circular references
2013-08-30 10:34:36,741 [pool-1-thread-1] DEBUG [AbstractEnvironment.java:112] Initializing new StandardEnvironment
2013-08-30 10:34:36,742 [pool-1-thread-1] DEBUG [MutablePropertySources.java:107] Adding [systemProperties] PropertySource with lowest search precedence
2013-08-30 10:34:36,742 [pool-1-thread-1] DEBUG [MutablePropertySources.java:107] Adding [systemEnvironment] PropertySource with lowest search precedence
2013-08-30 10:34:36,742 [pool-1-thread-1] DEBUG [AbstractEnvironment.java:116] Initialized StandardEnvironment with PropertySources [systemProperties,systemEnvironment]
2013-08-30 10:34:36,743 [pool-1-thread-1] DEBUG [AbstractEnvironment.java:112] Initializing new StandardEnvironment
2013-08-30 10:34:36,743 [pool-1-thread-1] DEBUG [MutablePropertySources.java:107] Adding [systemProperties] PropertySource with lowest search precedence
2013-08-30 10:34:36,743 [pool-1-thread-1] DEBUG [MutablePropertySources.java:107] Adding [systemEnvironment] PropertySource with lowest search precedence
2013-08-30 10:34:36,743 [pool-1-thread-1] DEBUG [AbstractEnvironment.java:116] Initialized StandardEnvironment with PropertySources [systemProperties,systemEnvironment]
2013-08-30 10:34:36,744 [pool-1-thread-1] DEBUG [AbstractEnvironment.java:112] Initializing new StandardEnvironment
2013-08-30 10:34:36,744 [pool-1-thread-1] DEBUG [MutablePropertySources.java:107] Adding [systemProperties] PropertySource with lowest search precedence
2013-08-30 10:34:36,744 [pool-1-thread-1] DEBUG [MutablePropertySources.java:107] Adding [systemEnvironment] PropertySource with lowest search precedence
2013-08-30 10:34:36,745 [pool-1-thread-1] DEBUG [AbstractEnvironment.java:116] Initialized StandardEnvironment with PropertySources [systemProperties,systemEnvironment]
2013-08-30 10:34:36,746 [pool-1-thread-1] DEBUG [AbstractEnvironment.java:112] Initializing new StandardEnvironment
2013-08-30 10:34:36,747 [pool-1-thread-1] DEBUG [MutablePropertySources.java:107] Adding [systemProperties] PropertySource with lowest search precedence
2013-08-30 10:34:36,747 [pool-1-thread-1] DEBUG [MutablePropertySources.java:107] Adding [systemEnvironment] PropertySource with lowest search precedence
2013-08-30 10:34:36,747 [pool-1-thread-1] DEBUG [AbstractEnvironment.java:116] Initialized StandardEnvironment with PropertySources [systemProperties,systemEnvironment]
2013-08-30 10:34:36,748 [pool-1-thread-1] DEBUG [AbstractEnvironment.java:112] Initializing new StandardEnvironment
2013-08-30 10:34:36,748 [pool-1-thread-1] DEBUG [MutablePropertySources.java:107] Adding [systemProperties] PropertySource with lowest search precedence
2013-08-30 10:34:36,748 [pool-1-thread-1] DEBUG [MutablePropertySources.java:107] Adding [systemEnvironment] PropertySource with lowest search precedence
2013-08-30 10:34:36,749 [pool-1-thread-1] DEBUG [AbstractEnvironment.java:116] Initialized StandardEnvironment with PropertySources [systemProperties,systemEnvironment]
2013-08-30 10:34:36,753 [pool-1-thread-1] DEBUG [AbstractAutowireCapableBeanFactory.java:1531] Invoking afterPropertiesSet() on bean with name &apos;appService&apos;
2013-08-30 10:34:36,754 [pool-1-thread-1] INFO  [PropertiesLoaderSupport.java:172] Loading properties file from class path resource [application.properties]
2013-08-30 10:34:36,754 [pool-1-thread-1] INFO  [PropertiesLoaderSupport.java:172] Loading properties file from URL [file:~/temp/application.properties]
2013-08-30 10:34:36,755 [pool-1-thread-1] WARN  [PropertiesLoaderSupport.java:181] Could not load properties from URL [file:~/temp/application.properties]: ~\temp\application.properties (系统找不到指定的路径。)
2013-08-30 10:34:36,755 [pool-1-thread-1] INFO  [PropertiesLoaderSupport.java:172] Loading properties file from URL [file:/server/app/conf/application.properties]
2013-08-30 10:34:36,755 [pool-1-thread-1] WARN  [PropertiesLoaderSupport.java:181] Could not load properties from URL [file:/server/app/conf/application.properties]: \server\app\conf\application.properties (系统找不到指定的路径。)
2013-08-30 10:34:36,757 [pool-1-thread-1] DEBUG [AbstractAutowireCapableBeanFactory.java:463] Finished creating instance of bean &apos;appService&apos;
2013-08-30 10:34:36,761 [pool-1-thread-1] DEBUG [AbstractBeanFactory.java:246] Returning cached instance of singleton bean &apos;appService&apos;
2013-08-30 10:34:36,762 [pool-1-thread-1] DEBUG [AbstractBeanFactory.java:246] Returning cached instance of singleton bean &apos;appService&apos;
2013-08-30 10:34:36,762 [pool-1-thread-1] DEBUG [AbstractBeanFactory.java:246] Returning cached instance of singleton bean &apos;appService&apos;
2013-08-30 10:34:36,763 [pool-1-thread-1] DEBUG [AbstractEnvironment.java:112] Initializing new StandardEnvironment
2013-08-30 10:34:36,763 [pool-1-thread-1] DEBUG [MutablePropertySources.java:107] Adding [systemProperties] PropertySource with lowest search precedence
2013-08-30 10:34:36,763 [pool-1-thread-1] DEBUG [MutablePropertySources.java:107] Adding [systemEnvironment] PropertySource with lowest search precedence
2013-08-30 10:34:36,764 [pool-1-thread-1] DEBUG [AbstractEnvironment.java:116] Initialized StandardEnvironment with PropertySources [systemProperties,systemEnvironment]
2013-08-30 10:34:36,764 [pool-1-thread-1] DEBUG [AbstractEnvironment.java:112] Initializing new StandardEnvironment
2013-08-30 10:34:36,764 [pool-1-thread-1] DEBUG [MutablePropertySources.java:107] Adding [systemProperties] PropertySource with lowest search precedence
2013-08-30 10:34:36,764 [pool-1-thread-1] DEBUG [MutablePropertySources.java:107] Adding [systemEnvironment] PropertySource with lowest search precedence
2013-08-30 10:34:36,764 [pool-1-thread-1] DEBUG [AbstractEnvironment.java:116] Initialized StandardEnvironment with PropertySources [systemProperties,systemEnvironment]
2013-08-30 10:34:36,765 [pool-1-thread-1] DEBUG [AbstractEnvironment.java:112] Initializing new StandardEnvironment
2013-08-30 10:34:36,765 [pool-1-thread-1] DEBUG [MutablePropertySources.java:107] Adding [systemProperties] PropertySource with lowest search precedence
2013-08-30 10:34:36,765 [pool-1-thread-1] DEBUG [MutablePropertySources.java:107] Adding [systemEnvironment] PropertySource with lowest search precedence
2013-08-30 10:34:36,766 [pool-1-thread-1] DEBUG [AbstractEnvironment.java:116] Initialized StandardEnvironment with PropertySources [systemProperties,systemEnvironment]
2013-08-30 10:34:36,766 [pool-1-thread-1] DEBUG [AbstractEnvironment.java:112] Initializing new StandardEnvironment
2013-08-30 10:34:36,766 [pool-1-thread-1] DEBUG [MutablePropertySources.java:107] Adding [systemProperties] PropertySource with lowest search precedence
2013-08-30 10:34:36,766 [pool-1-thread-1] DEBUG [MutablePropertySources.java:107] Adding [systemEnvironment] PropertySource with lowest search precedence
2013-08-30 10:34:36,767 [pool-1-thread-1] DEBUG [AbstractEnvironment.java:116] Initialized StandardEnvironment with PropertySources [systemProperties,systemEnvironment]
2013-08-30 10:34:36,767 [pool-1-thread-1] DEBUG [AbstractEnvironment.java:112] Initializing new StandardEnvironment
2013-08-30 10:34:36,767 [pool-1-thread-1] DEBUG [MutablePropertySources.java:107] Adding [systemProperties] PropertySource with lowest search precedence
2013-08-30 10:34:36,767 [pool-1-thread-1] DEBUG [MutablePropertySources.java:107] Adding [systemEnvironment] PropertySource with lowest search precedence
2013-08-30 10:34:36,768 [pool-1-thread-1] DEBUG [AbstractEnvironment.java:116] Initialized StandardEnvironment with PropertySources [systemProperties,systemEnvironment]
2013-08-30 10:34:36,770 [pool-1-thread-1] DEBUG [AbstractAutowireCapableBeanFactory.java:463] Finished creating instance of bean &apos;dataSource&apos;
2013-08-30 10:34:36,773 [pool-1-thread-1] DEBUG [PathMatchingResourcePatternResolver.java:550] Looking for matching resources in directory tree [D:\tools\MyEclipse 10\appService\target\classes\mybatis]
2013-08-30 10:34:36,773 [pool-1-thread-1] DEBUG [PathMatchingResourcePatternResolver.java:612] Searching directory [D:\tools\MyEclipse 10\appService\target\classes\mybatis] for files matching pattern [D:/tools/MyEclipse 10/appService/target/classes/mybatis/*Mapper.xml]
2013-08-30 10:34:36,774 [pool-1-thread-1] DEBUG [PathMatchingResourcePatternResolver.java:351] Resolved location pattern [classpath:/mybatis/*Mapper.xml] to resources [file [D:\tools\MyEclipse 10\appService\target\classes\mybatis\aircraftMapper.xml], file [D:\tools\MyEclipse 10\appService\target\classes\mybatis\commonMapper.xml], file [D:\tools\MyEclipse 10\appService\target\classes\mybatis\contractlMapper.xml], file [D:\tools\MyEclipse 10\appService\target\classes\mybatis\loginStatusMapper.xml], file [D:\tools\MyEclipse 10\appService\target\classes\mybatis\projectPlanMapper.xml], file [D:\tools\MyEclipse 10\appService\target\classes\mybatis\restCommonMapper.xml], file [D:\tools\MyEclipse 10\appService\target\classes\mybatis\VersionMapper.xml]]
2013-08-30 10:34:36,775 [pool-1-thread-1] DEBUG [AbstractAutowireCapableBeanFactory.java:1531] Invoking afterPropertiesSet() on bean with name &apos;sqlSessionFactory&apos;
2013-08-30 10:34:36,775 [pool-1-thread-1] DEBUG [SqlSessionFactoryBean.java:358] Property &apos;configLocation&apos; not specified, using default MyBatis Configuration
2013-08-30 10:34:36,818 [pool-1-thread-1] DEBUG [VFS.java:101] Class not found: org.jboss.vfs.VFS
2013-08-30 10:34:36,818 [pool-1-thread-1] DEBUG [JBoss6VFS.java:137] JBoss 6 VFS API is not available in this environment.
2013-08-30 10:34:36,819 [pool-1-thread-1] DEBUG [VFS.java:101] Class not found: org.jboss.vfs.VirtualFile
2013-08-30 10:34:36,819 [pool-1-thread-1] DEBUG [VFS.java:68] VFS implementation org.apache.ibatis.io.JBoss6VFS is not valid in this environment.
2013-08-30 10:34:36,820 [pool-1-thread-1] DEBUG [VFS.java:80] Using VFS adapter org.apache.ibatis.io.DefaultVFS
2013-08-30 10:34:36,821 [pool-1-thread-1] DEBUG [DefaultVFS.java:197] Find JAR URL: file:/D:/tools/MyEclipse%2010/appService/target/classes/com/qingzhou/app/client/domain
2013-08-30 10:34:36,821 [pool-1-thread-1] DEBUG [DefaultVFS.java:217] Not a JAR: file:/D:/tools/MyEclipse%2010/appService/target/classes/com/qingzhou/app/client/domain
2013-08-30 10:34:36,848 [pool-1-thread-1] DEBUG [DefaultVFS.java:94] Reader entry: Aircraft.class
2013-08-30 10:34:36,848 [pool-1-thread-1] DEBUG [DefaultVFS.java:94] Reader entry: Contract.class
2013-08-30 10:34:36,849 [pool-1-thread-1] DEBUG [DefaultVFS.java:94] Reader entry: ContractDiscount.class
2013-08-30 10:34:36,849 [pool-1-thread-1] DEBUG [DefaultVFS.java:94] Reader entry: LoginStatus.class
2013-08-30 10:34:36,849 [pool-1-thread-1] DEBUG [DefaultVFS.java:94] Reader entry: ProjectPhoto.class
2013-08-30 10:34:36,850 [pool-1-thread-1] DEBUG [DefaultVFS.java:94] Reader entry: ProjectPlanDetail.class
2013-08-30 10:34:36,850 [pool-1-thread-1] DEBUG [DefaultVFS.java:94] Reader entry: RestProjectPhoto.class
2013-08-30 10:34:36,850 [pool-1-thread-1] DEBUG [DefaultVFS.java:94] Reader entry: RestProjectPlan.class
2013-08-30 10:34:36,850 [pool-1-thread-1] DEBUG [DefaultVFS.java:94] Reader entry: RestProjectPlanDetail.class
2013-08-30 10:34:36,851 [pool-1-thread-1] DEBUG [DefaultVFS.java:94] Reader entry: UserBase.class
2013-08-30 10:34:36,851 [pool-1-thread-1] DEBUG [DefaultVFS.java:94] Reader entry: Version.class
2013-08-30 10:34:36,851 [pool-1-thread-1] DEBUG [DefaultVFS.java:103] Listing file:/D:/tools/MyEclipse%2010/appService/target/classes/com/qingzhou/app/client/domain
2013-08-30 10:34:36,851 [pool-1-thread-1] DEBUG [DefaultVFS.java:197] Find JAR URL: file:/D:/tools/MyEclipse%2010/appService/target/classes/com/qingzhou/app/client/domain/Aircraft.class
2013-08-30 10:34:36,852 [pool-1-thread-1] DEBUG [DefaultVFS.java:217] Not a JAR: file:/D:/tools/MyEclipse%2010/appService/target/classes/com/qingzhou/app/client/domain/Aircraft.class
2013-08-30 10:34:36,852 [pool-1-thread-1] DEBUG [DefaultVFS.java:94] Reader entry: 漱壕&amp;#0;&amp;#0;&amp;#0;2&amp;#1;K&amp;#7;&amp;#0;&amp;#2;&amp;#1;&amp;#0;&apos;com/qingzhou/app/client/domain/Aircraft&amp;#7;&amp;#0;&amp;#4;&amp;#1;&amp;#0;&amp;#29;com/qingzhou/core/domain/Page&amp;#1;&amp;#0;&amp;#4;jxnm&amp;#1;&amp;#0;&amp;#18;Ljava/lang/String;&amp;#1;&amp;#0;&amp;#4;jxmc&amp;#1;&amp;#0;&amp;#4;jxdh&amp;#1;&amp;#0;&amp;#6;jxlxnm&amp;#1;&amp;#0;&amp;#6;wllxnm&amp;#1;&amp;#0;&amp;#6;fjlsnm&amp;#1;&amp;#0;&amp;#6;zdxhsd&amp;#1;&amp;#0;&amp;#6;zxxhsd&amp;#1;&amp;#0;&amp;#5;czssl&amp;#1;&amp;#0;&amp;#5;czxjl&amp;#1;&amp;#0;&amp;#6;zxzwbj&amp;#1;&amp;#0;&amp;#2;sx&amp;#1;&amp;#0;&amp;#4;xhsj&amp;#1;&amp;#0;&amp;#3;zzl&amp;#1;&amp;#0;&amp;#6;zdfxjl&amp;#1;&amp;#0;&amp;#5;zdjsd&amp;#1;&amp;#0;&amp;#5;zdpsl&amp;#1;&amp;#0;&amp;#6;zdzwpd&amp;#1;&amp;#0;&amp;#4;fjjc&amp;#1;&amp;#0;&amp;#4;fjgd&amp;#1;&amp;#0;&amp;#4;fjyz&amp;#1;&amp;#0;&amp;#5;fdjsl&amp;#1;&amp;#0;&amp;#7;fdjlxnm&amp;#1;&amp;#0;&amp;#6;zdqfzl&amp;#1;&amp;#0;&amp;#6;zdzlzl&amp;#1;&amp;#0;&amp;#5;xshyl&amp;#1;&amp;#0;&amp;#4;qfjl&amp;#1;&amp;#0;&amp;#4;zljl&amp;#1;&amp;#0;&amp;#6;zhjjsd&amp;#1;&amp;#0;&amp;#6;pdrksd&amp;#1;&amp;#0;&amp;#4;xhsd&amp;#1;&amp;#0;&amp;#5;qfssd&amp;#1;&amp;#0;&amp;#8;qspssssd&amp;#1;&amp;#0;&amp;#6;pssssd&amp;#1;&amp;#0;&amp;#6;zlsssd&amp;#1;&amp;#0;&amp;#7;jjssssd&amp;#1;&amp;#0;&amp;#8;zdqfzlpd&amp;#1;&amp;#0;&amp;#6;icaodm&amp;#1;&amp;#0;&amp;#6;gfyxjl&amp;#1;&amp;#0;&amp;#3;zlj&amp;#1;&amp;#0;&amp;#4;qhlj&amp;#1;&amp;#0;&amp;#6;zcqfzl&amp;#1;&amp;#0;&amp;#6;zczlzl&amp;#1;&amp;#0;&amp;#5;kcmcc&amp;#1;&amp;#0;&amp;#6;hkcmcc&amp;#1;&amp;#0;&amp;#6;kcmldg&amp;#1;&amp;#0;&amp;#5;hcmcc&amp;#1;&amp;#0;&amp;#6;hcmldg&amp;#1;&amp;#0;&amp;#4;hcrj&amp;#1;&amp;#0;&amp;#8;zdzcfxsd&amp;#1;&amp;#0;&amp;#6;zdywzz&amp;#1;&amp;#0;&amp;#4;kjzl&amp;#1;&amp;#0;&amp;#4;ryzl&amp;#1;&amp;#0;&amp;#5;zdzws&amp;#1;&amp;#0;&amp;#3;kqz&amp;#1;&amp;#0;&amp;#6;zdyxfs&amp;#1;&amp;#0;&amp;#6;sqdmsf&amp;#1;&amp;#0;&amp;#4;wqzb&amp;#1;&amp;#0;&amp;#6;fyxzyl&amp;#1;&amp;#0;&amp;#6;gfyxsj&amp;#1;&amp;#0;&amp;#4;zzbj&amp;#1;&amp;#0;&amp;#11;effect_date&amp;#1;&amp;#0;&amp;#6;&lt;init&gt;&amp;#1;&amp;#0;&amp;#3;()V&amp;#1;&amp;#0;&amp;#4;Code
2013-08-30 10:34:36,853 [pool-1-thread-1] DEBUG [DefaultVFS.java:197] Find JAR URL: file:/D:/tools/MyEclipse%2010/appService/target/classes/com/qingzhou/app/client/domain/Contract.class
2013-08-30 10:34:36,853 [pool-1-thread-1] DEBUG [DefaultVFS.java:217] Not a JAR: file:/D:/tools/MyEclipse%2010/appService/target/classes/com/qingzhou/app/client/domain/Contract.class
2013-08-30 10:34:36,854 [pool-1-thread-1] DEBUG [DefaultVFS.java:94] Reader entry: 漱壕&amp;#0;&amp;#0;&amp;#0;2&amp;#0;?&amp;#0;&amp;#2;&amp;#1;&amp;#0;&apos;com/qingzhou/app/client/domain/Contract&amp;#7;&amp;#0;&amp;#4;&amp;#1;&amp;#0;&amp;#16;java/lang/Object&amp;#1;&amp;#0;&amp;#18;formal_contract_id&amp;#1;&amp;#0;&amp;#18;Ljava/lang/String;&amp;#1;&amp;#0;&amp;#12;contract_num&amp;#1;&amp;#0;
2013-08-30 10:34:36,855 [pool-1-thread-1] DEBUG [DefaultVFS.java:197] Find JAR URL: file:/D:/tools/MyEclipse%2010/appService/target/classes/com/qingzhou/app/client/domain/ContractDiscount.class
2013-08-30 10:34:36,855 [pool-1-thread-1] DEBUG [DefaultVFS.java:217] Not a JAR: file:/D:/tools/MyEclipse%2010/appService/target/classes/com/qingzhou/app/client/domain/ContractDiscount.class
2013-08-30 10:34:36,855 [pool-1-thread-1] DEBUG [DefaultVFS.java:94] Reader entry: 漱壕&amp;#0;&amp;#0;&amp;#0;2&amp;#0;;&amp;#7;&amp;#0;&amp;#2;&amp;#1;&amp;#0;/com/qingzhou/app/client/domain/ContractDiscount&amp;#7;&amp;#0;&amp;#4;&amp;#1;&amp;#0;&amp;#16;java/lang/Object&amp;#1;&amp;#0;
2013-08-30 10:34:36,856 [pool-1-thread-1] DEBUG [DefaultVFS.java:197] Find JAR URL: file:/D:/tools/MyEclipse%2010/appService/target/classes/com/qingzhou/app/client/domain/LoginStatus.class
2013-08-30 10:34:36,856 [pool-1-thread-1] DEBUG [DefaultVFS.java:217] Not a JAR: file:/D:/tools/MyEclipse%2010/appService/target/classes/com/qingzhou/app/client/domain/LoginStatus.class
2013-08-30 10:34:36,857 [pool-1-thread-1] DEBUG [DefaultVFS.java:94] Reader entry: 漱壕&amp;#0;&amp;#0;&amp;#0;2&amp;#0;,&amp;#7;&amp;#0;&amp;#2;&amp;#1;&amp;#0;*com/qingzhou/app/client/domain/LoginStatus&amp;#7;&amp;#0;&amp;#4;&amp;#1;&amp;#0;&amp;#16;java/lang/Object&amp;#1;&amp;#0;
2013-08-30 10:34:36,857 [pool-1-thread-1] DEBUG [DefaultVFS.java:197] Find JAR URL: file:/D:/tools/MyEclipse%2010/appService/target/classes/com/qingzhou/app/client/domain/ProjectPhoto.class
2013-08-30 10:34:36,858 [pool-1-thread-1] DEBUG [DefaultVFS.java:217] Not a JAR: file:/D:/tools/MyEclipse%2010/appService/target/classes/com/qingzhou/app/client/domain/ProjectPhoto.class
2013-08-30 10:34:36,858 [pool-1-thread-1] DEBUG [DefaultVFS.java:94] Reader entry: 漱壕&amp;#0;&amp;#0;&amp;#0;2&amp;#0;8&amp;#7;&amp;#0;&amp;#2;&amp;#1;&amp;#0;+com/qingzhou/app/client/domain/ProjectPhoto&amp;#7;&amp;#0;&amp;#4;&amp;#1;&amp;#0;&amp;#16;java/lang/Object&amp;#1;&amp;#0;	file_path&amp;#1;&amp;#0;&amp;#18;Ljava/lang/String;&amp;#1;&amp;#0;&amp;#7;sche_id&amp;#1;&amp;#0;&amp;#14;sche_detail_id&amp;#1;&amp;#0;&amp;#4;path&amp;#1;&amp;#0;&amp;#6;&lt;init&gt;&amp;#1;&amp;#0;&amp;#3;()V&amp;#1;&amp;#0;&amp;#4;Code
2013-08-30 10:34:36,859 [pool-1-thread-1] DEBUG [DefaultVFS.java:197] Find JAR URL: file:/D:/tools/MyEclipse%2010/appService/target/classes/com/qingzhou/app/client/domain/ProjectPlanDetail.class
2013-08-30 10:34:36,859 [pool-1-thread-1] DEBUG [DefaultVFS.java:217] Not a JAR: file:/D:/tools/MyEclipse%2010/appService/target/classes/com/qingzhou/app/client/domain/ProjectPlanDetail.class
2013-08-30 10:34:36,859 [pool-1-thread-1] DEBUG [DefaultVFS.java:94] Reader entry: 漱壕&amp;#0;&amp;#0;&amp;#0;2&amp;#0;a&amp;#7;&amp;#0;&amp;#2;&amp;#1;&amp;#0;0com/qingzhou/app/client/domain/ProjectPlanDetail&amp;#7;&amp;#0;&amp;#4;&amp;#1;&amp;#0;&amp;#16;java/lang/Object&amp;#1;&amp;#0;&amp;#11;customer_id&amp;#1;&amp;#0;&amp;#18;Ljava/lang/String;&amp;#1;&amp;#0;
2013-08-30 10:34:36,860 [pool-1-thread-1] DEBUG [DefaultVFS.java:197] Find JAR URL: file:/D:/tools/MyEclipse%2010/appService/target/classes/com/qingzhou/app/client/domain/RestProjectPhoto.class
2013-08-30 10:34:36,860 [pool-1-thread-1] DEBUG [DefaultVFS.java:217] Not a JAR: file:/D:/tools/MyEclipse%2010/appService/target/classes/com/qingzhou/app/client/domain/RestProjectPhoto.class
2013-08-30 10:34:36,860 [pool-1-thread-1] DEBUG [DefaultVFS.java:94] Reader entry: 漱壕&amp;#0;&amp;#0;&amp;#0;2&amp;#0;&amp;#24;&amp;#7;&amp;#0;&amp;#2;&amp;#1;&amp;#0;/com/qingzhou/app/client/domain/RestProjectPhoto&amp;#7;&amp;#0;&amp;#4;&amp;#1;&amp;#0;&amp;#16;java/lang/Object&amp;#1;&amp;#0;	file_path&amp;#1;&amp;#0;&amp;#18;Ljava/lang/String;&amp;#1;&amp;#0;&amp;#6;&lt;init&gt;&amp;#1;&amp;#0;&amp;#3;()V&amp;#1;&amp;#0;&amp;#4;Code
2013-08-30 10:34:36,861 [pool-1-thread-1] DEBUG [DefaultVFS.java:197] Find JAR URL: file:/D:/tools/MyEclipse%2010/appService/target/classes/com/qingzhou/app/client/domain/RestProjectPlan.class
2013-08-30 10:34:36,861 [pool-1-thread-1] DEBUG [DefaultVFS.java:217] Not a JAR: file:/D:/tools/MyEclipse%2010/appService/target/classes/com/qingzhou/app/client/domain/RestProjectPlan.class
2013-08-30 10:34:36,862 [pool-1-thread-1] DEBUG [DefaultVFS.java:94] Reader entry: 漱壕&amp;#0;&amp;#0;&amp;#0;2&amp;#0;2&amp;#7;&amp;#0;&amp;#2;&amp;#1;&amp;#0;.com/qingzhou/app/client/domain/RestProjectPlan&amp;#7;&amp;#0;&amp;#4;&amp;#1;&amp;#0;&amp;#16;java/lang/Object&amp;#1;&amp;#0;&amp;#12;currPlanName&amp;#1;&amp;#0;&amp;#18;Ljava/lang/String;&amp;#1;&amp;#0;
2013-08-30 10:34:36,862 [pool-1-thread-1] DEBUG [DefaultVFS.java:197] Find JAR URL: file:/D:/tools/MyEclipse%2010/appService/target/classes/com/qingzhou/app/client/domain/RestProjectPlanDetail.class
2013-08-30 10:34:36,862 [pool-1-thread-1] DEBUG [DefaultVFS.java:217] Not a JAR: file:/D:/tools/MyEclipse%2010/appService/target/classes/com/qingzhou/app/client/domain/RestProjectPlanDetail.class
2013-08-30 10:34:36,863 [pool-1-thread-1] DEBUG [DefaultVFS.java:94] Reader entry: 漱壕&amp;#0;&amp;#0;&amp;#0;2&amp;#0;F&amp;#7;&amp;#0;&amp;#2;&amp;#1;&amp;#0;4com/qingzhou/app/client/domain/RestProjectPlanDetail&amp;#7;&amp;#0;&amp;#4;&amp;#1;&amp;#0;&amp;#16;java/lang/Object&amp;#1;&amp;#0;
2013-08-30 10:34:36,868 [pool-1-thread-1] DEBUG [DefaultVFS.java:197] Find JAR URL: file:/D:/tools/MyEclipse%2010/appService/target/classes/com/qingzhou/app/client/domain/UserBase.class
2013-08-30 10:34:36,868 [pool-1-thread-1] DEBUG [DefaultVFS.java:217] Not a JAR: file:/D:/tools/MyEclipse%2010/appService/target/classes/com/qingzhou/app/client/domain/UserBase.class
2013-08-30 10:34:36,869 [pool-1-thread-1] DEBUG [DefaultVFS.java:94] Reader entry: 漱壕&amp;#0;&amp;#0;&amp;#0;2&amp;#0;c&amp;#7;&amp;#0;&amp;#2;&amp;#1;&amp;#0;&apos;com/qingzhou/app/client/domain/UserBase&amp;#7;&amp;#0;&amp;#4;&amp;#1;&amp;#0;&amp;#16;java/lang/Object&amp;#1;&amp;#0;&amp;#18;formal_contract_id&amp;#1;&amp;#0;&amp;#18;Ljava/lang/String;&amp;#1;&amp;#0;&amp;#12;contract_num&amp;#1;&amp;#0;&amp;#11;customer_id&amp;#1;&amp;#0;&amp;#16;reg_village_name&amp;#1;&amp;#0;&amp;#21;reg_construct_address&amp;#1;&amp;#0;&amp;#16;reg_customer_mgr&amp;#1;&amp;#0;&amp;#21;reg_customer_mgr_name&amp;#1;&amp;#0;&amp;#23;reg_customer_mgr_mobile&amp;#1;&amp;#0;&amp;#15;reg_project_mgr&amp;#1;&amp;#0;&amp;#20;reg_project_mgr_name&amp;#1;&amp;#0;&amp;#22;reg_project_mgr_mobile&amp;#1;&amp;#0;&amp;#11;reg_stylist&amp;#1;&amp;#0;&amp;#16;reg_stylist_name&amp;#1;&amp;#0;&amp;#18;reg_stylist_mobile&amp;#1;&amp;#0;&amp;#6;quo_id&amp;#1;&amp;#0;&amp;#11;bisiness_id&amp;#1;&amp;#0;&amp;#6;&lt;init&gt;&amp;#1;&amp;#0;&amp;#3;()V&amp;#1;&amp;#0;&amp;#4;Code
2013-08-30 10:34:36,869 [pool-1-thread-1] DEBUG [DefaultVFS.java:197] Find JAR URL: file:/D:/tools/MyEclipse%2010/appService/target/classes/com/qingzhou/app/client/domain/Version.class
2013-08-30 10:34:36,870 [pool-1-thread-1] DEBUG [DefaultVFS.java:217] Not a JAR: file:/D:/tools/MyEclipse%2010/appService/target/classes/com/qingzhou/app/client/domain/Version.class
2013-08-30 10:34:36,870 [pool-1-thread-1] DEBUG [DefaultVFS.java:94] Reader entry: 漱壕&amp;#0;&amp;#0;&amp;#0;2&amp;#0;;&amp;#7;&amp;#0;&amp;#2;&amp;#1;&amp;#0;&amp;com/qingzhou/app/client/domain/Version&amp;#7;&amp;#0;&amp;#4;&amp;#1;&amp;#0;&amp;#16;java/lang/Object&amp;#1;&amp;#0;&amp;#8;ver_code&amp;#1;&amp;#0;&amp;#18;Ljava/lang/String;&amp;#1;&amp;#0;&amp;#8;ver_name&amp;#1;&amp;#0;&amp;#11;update_info&amp;#1;&amp;#0;&amp;#8;ver_date&amp;#1;&amp;#0;	file_size&amp;#1;&amp;#0;	file_name&amp;#1;&amp;#0;&amp;#7;os_type&amp;#1;&amp;#0;&amp;#8;ver_type&amp;#1;&amp;#0;&amp;#6;&lt;init&gt;&amp;#1;&amp;#0;&amp;#3;()V&amp;#1;&amp;#0;&amp;#4;Code
2013-08-30 10:34:36,871 [pool-1-thread-1] DEBUG [ResolverUtil.java:250] Checking to see if class com.qingzhou.app.client.domain.Aircraft matches criteria [is assignable to Object]
2013-08-30 10:34:36,872 [pool-1-thread-1] DEBUG [ResolverUtil.java:250] Checking to see if class com.qingzhou.app.client.domain.Contract matches criteria [is assignable to Object]
2013-08-30 10:34:36,873 [pool-1-thread-1] DEBUG [ResolverUtil.java:250] Checking to see if class com.qingzhou.app.client.domain.ContractDiscount matches criteria [is assignable to Object]
2013-08-30 10:34:36,873 [pool-1-thread-1] DEBUG [ResolverUtil.java:250] Checking to see if class com.qingzhou.app.client.domain.LoginStatus matches criteria [is assignable to Object]
2013-08-30 10:34:36,874 [pool-1-thread-1] DEBUG [ResolverUtil.java:250] Checking to see if class com.qingzhou.app.client.domain.ProjectPhoto matches criteria [is assignable to Object]
2013-08-30 10:34:36,874 [pool-1-thread-1] DEBUG [ResolverUtil.java:250] Checking to see if class com.qingzhou.app.client.domain.ProjectPlanDetail matches criteria [is assignable to Object]
2013-08-30 10:34:36,875 [pool-1-thread-1] DEBUG [ResolverUtil.java:250] Checking to see if class com.qingzhou.app.client.domain.RestProjectPhoto matches criteria [is assignable to Object]
2013-08-30 10:34:36,875 [pool-1-thread-1] DEBUG [ResolverUtil.java:250] Checking to see if class com.qingzhou.app.client.domain.RestProjectPlan matches criteria [is assignable to Object]
2013-08-30 10:34:36,875 [pool-1-thread-1] DEBUG [ResolverUtil.java:250] Checking to see if class com.qingzhou.app.client.domain.RestProjectPlanDetail matches criteria [is assignable to Object]
2013-08-30 10:34:36,876 [pool-1-thread-1] DEBUG [ResolverUtil.java:250] Checking to see if class com.qingzhou.app.client.domain.UserBase matches criteria [is assignable to Object]
2013-08-30 10:34:36,876 [pool-1-thread-1] DEBUG [ResolverUtil.java:250] Checking to see if class com.qingzhou.app.client.domain.Version matches criteria [is assignable to Object]
2013-08-30 10:34:36,880 [pool-1-thread-1] DEBUG [SqlSessionFactoryBean.java:379] Scanned package: &apos;com.qingzhou.app.client.domain&apos; for aliases
2013-08-30 10:34:37,571 [pool-1-thread-1] DEBUG [SqlSessionFactoryBean.java:468] Parsed mapper file: &apos;file [D:\tools\MyEclipse 10\appService\target\classes\mybatis\aircraftMapper.xml]&apos;
2013-08-30 10:34:37,585 [pool-1-thread-1] DEBUG [SqlSessionFactoryBean.java:468] Parsed mapper file: &apos;file [D:\tools\MyEclipse 10\appService\target\classes\mybatis\commonMapper.xml]&apos;
2013-08-30 10:34:37,595 [pool-1-thread-1] DEBUG [SqlSessionFactoryBean.java:468] Parsed mapper file: &apos;file [D:\tools\MyEclipse 10\appService\target\classes\mybatis\contractlMapper.xml]&apos;
2013-08-30 10:34:37,608 [pool-1-thread-1] DEBUG [SqlSessionFactoryBean.java:468] Parsed mapper file: &apos;file [D:\tools\MyEclipse 10\appService\target\classes\mybatis\loginStatusMapper.xml]&apos;
2013-08-30 10:34:37,619 [pool-1-thread-1] DEBUG [SqlSessionFactoryBean.java:468] Parsed mapper file: &apos;file [D:\tools\MyEclipse 10\appService\target\classes\mybatis\projectPlanMapper.xml]&apos;
2013-08-30 10:34:37,629 [pool-1-thread-1] DEBUG [SqlSessionFactoryBean.java:468] Parsed mapper file: &apos;file [D:\tools\MyEclipse 10\appService\target\classes\mybatis\restCommonMapper.xml]&apos;
2013-08-30 10:34:37,638 [pool-1-thread-1] DEBUG [SqlSessionFactoryBean.java:468] Parsed mapper file: &apos;file [D:\tools\MyEclipse 10\appService\target\classes\mybatis\VersionMapper.xml]&apos;
2013-08-30 10:34:37,639 [pool-1-thread-1] DEBUG [AbstractAutowireCapableBeanFactory.java:463] Finished creating instance of bean &apos;sqlSessionFactory&apos;
2013-08-30 10:34:37,643 [pool-1-thread-1] DEBUG [AbstractAutowireCapableBeanFactory.java:1531] Invoking afterPropertiesSet() on bean with name &apos;org.mybatis.spring.mapper.MapperScannerConfigurer#0&apos;
2013-08-30 10:34:37,643 [pool-1-thread-1] DEBUG [AbstractAutowireCapableBeanFactory.java:463] Finished creating instance of bean &apos;org.mybatis.spring.mapper.MapperScannerConfigurer#0&apos;
2013-08-30 10:34:37,643 [pool-1-thread-1] DEBUG [DefaultSingletonBeanRegistry.java:215] Creating shared instance of singleton bean &apos;org.springframework.context.annotation.internalConfigurationAnnotationProcessor&apos;
2013-08-30 10:34:37,643 [pool-1-thread-1] DEBUG [AbstractAutowireCapableBeanFactory.java:435] Creating instance of bean &apos;org.springframework.context.annotation.internalConfigurationAnnotationProcessor&apos;
2013-08-30 10:34:37,645 [pool-1-thread-1] DEBUG [AbstractAutowireCapableBeanFactory.java:509] Eagerly caching bean &apos;org.springframework.context.annotation.internalConfigurationAnnotationProcessor&apos; to allow for resolving potential circular references
2013-08-30 10:34:37,645 [pool-1-thread-1] DEBUG [AbstractAutowireCapableBeanFactory.java:463] Finished creating instance of bean &apos;org.springframework.context.annotation.internalConfigurationAnnotationProcessor&apos;
2013-08-30 10:34:37,645 [pool-1-thread-1] DEBUG [DefaultSingletonBeanRegistry.java:215] Creating shared instance of singleton bean &apos;org.mybatis.spring.mapper.MapperScannerConfigurer#1&apos;
2013-08-30 10:34:37,645 [pool-1-thread-1] DEBUG [AbstractAutowireCapableBeanFactory.java:435] Creating instance of bean &apos;org.mybatis.spring.mapper.MapperScannerConfigurer#1&apos;
2013-08-30 10:34:37,645 [pool-1-thread-1] DEBUG [AbstractAutowireCapableBeanFactory.java:509] Eagerly caching bean &apos;org.mybatis.spring.mapper.MapperScannerConfigurer#1&apos; to allow for resolving potential circular references
2013-08-30 10:34:37,645 [pool-1-thread-1] DEBUG [AbstractBeanFactory.java:246] Returning cached instance of singleton bean &apos;sqlSessionFactory&apos;
2013-08-30 10:34:37,646 [pool-1-thread-1] DEBUG [AbstractAutowireCapableBeanFactory.java:1531] Invoking afterPropertiesSet() on bean with name &apos;org.mybatis.spring.mapper.MapperScannerConfigurer#1&apos;
2013-08-30 10:34:37,646 [pool-1-thread-1] DEBUG [AbstractAutowireCapableBeanFactory.java:463] Finished creating instance of bean &apos;org.mybatis.spring.mapper.MapperScannerConfigurer#1&apos;
2013-08-30 10:34:37,647 [pool-1-thread-1] DEBUG [AbstractEnvironment.java:112] Initializing new StandardEnvironment
2013-08-30 10:34:37,647 [pool-1-thread-1] DEBUG [MutablePropertySources.java:107] Adding [systemProperties] PropertySource with lowest search precedence
2013-08-30 10:34:37,647 [pool-1-thread-1] DEBUG [MutablePropertySources.java:107] Adding [systemEnvironment] PropertySource with lowest search precedence
2013-08-30 10:34:37,648 [pool-1-thread-1] DEBUG [AbstractEnvironment.java:116] Initialized StandardEnvironment with PropertySources [systemProperties,systemEnvironment]
2013-08-30 10:34:37,648 [pool-1-thread-1] DEBUG [PathMatchingResourcePatternResolver.java:550] Looking for matching resources in directory tree [D:\tools\MyEclipse 10\appService\target\classes\com\qingzhou\app\client\dao]
2013-08-30 10:34:37,649 [pool-1-thread-1] DEBUG [PathMatchingResourcePatternResolver.java:612] Searching directory [D:\tools\MyEclipse 10\appService\target\classes\com\qingzhou\app\client\dao] for files matching pattern [D:/tools/MyEclipse 10/appService/target/classes/com/qingzhou/app/client/dao/**/*.class]
2013-08-30 10:34:37,649 [pool-1-thread-1] DEBUG [PathMatchingResourcePatternResolver.java:351] Resolved location pattern [classpath*:com/qingzhou/app/client/dao/**/*.class] to resources [file [D:\tools\MyEclipse 10\appService\target\classes\com\qingzhou\app\client\dao\AircraftDao.class], file [D:\tools\MyEclipse 10\appService\target\classes\com\qingzhou\app\client\dao\ContractDao.class], file [D:\tools\MyEclipse 10\appService\target\classes\com\qingzhou\app\client\dao\LoginStatusDao.class], file [D:\tools\MyEclipse 10\appService\target\classes\com\qingzhou\app\client\dao\ProjectPlanDao.class], file [D:\tools\MyEclipse 10\appService\target\classes\com\qingzhou\app\client\dao\RestCommonDao.class], file [D:\tools\MyEclipse 10\appService\target\classes\com\qingzhou\app\client\dao\VersionDao.class]]
2013-08-30 10:34:37,650 [pool-1-thread-1] DEBUG [ClassPathScanningCandidateComponentProvider.java:264] Identified candidate component class: file [D:\tools\MyEclipse 10\appService\target\classes\com\qingzhou\app\client\dao\AircraftDao.class]
2013-08-30 10:34:37,650 [pool-1-thread-1] DEBUG [ClassPathScanningCandidateComponentProvider.java:264] Identified candidate component class: file [D:\tools\MyEclipse 10\appService\target\classes\com\qingzhou\app\client\dao\ContractDao.class]
2013-08-30 10:34:37,650 [pool-1-thread-1] DEBUG [ClassPathScanningCandidateComponentProvider.java:264] Identified candidate component class: file [D:\tools\MyEclipse 10\appService\target\classes\com\qingzhou\app\client\dao\LoginStatusDao.class]
2013-08-30 10:34:37,651 [pool-1-thread-1] DEBUG [ClassPathScanningCandidateComponentProvider.java:264] Identified candidate component class: file [D:\tools\MyEclipse 10\appService\target\classes\com\qingzhou\app\client\dao\ProjectPlanDao.class]
2013-08-30 10:34:37,651 [pool-1-thread-1] DEBUG [ClassPathScanningCandidateComponentProvider.java:264] Identified candidate component class: file [D:\tools\MyEclipse 10\appService\target\classes\com\qingzhou\app\client\dao\RestCommonDao.class]
2013-08-30 10:34:37,651 [pool-1-thread-1] DEBUG [ClassPathScanningCandidateComponentProvider.java:264] Identified candidate component class: file [D:\tools\MyEclipse 10\appService\target\classes\com\qingzhou\app\client\dao\VersionDao.class]
2013-08-30 10:34:37,652 [pool-1-thread-1] DEBUG [ClassPathMapperScanner.java:161] Creating MapperFactoryBean with name &apos;aircraftDao&apos; and &apos;com.qingzhou.app.client.dao.AircraftDao&apos; mapperInterface
2013-08-30 10:34:37,653 [pool-1-thread-1] DEBUG [ClassPathMapperScanner.java:161] Creating MapperFactoryBean with name &apos;contractDao&apos; and &apos;com.qingzhou.app.client.dao.ContractDao&apos; mapperInterface
2013-08-30 10:34:37,653 [pool-1-thread-1] DEBUG [ClassPathMapperScanner.java:161] Creating MapperFactoryBean with name &apos;loginStatusDao&apos; and &apos;com.qingzhou.app.client.dao.LoginStatusDao&apos; mapperInterface
2013-08-30 10:34:37,653 [pool-1-thread-1] DEBUG [ClassPathMapperScanner.java:161] Creating MapperFactoryBean with name &apos;projectPlanDao&apos; and &apos;com.qingzhou.app.client.dao.ProjectPlanDao&apos; mapperInterface
2013-08-30 10:34:37,653 [pool-1-thread-1] DEBUG [ClassPathMapperScanner.java:161] Creating MapperFactoryBean with name &apos;restCommonDao&apos; and &apos;com.qingzhou.app.client.dao.RestCommonDao&apos; mapperInterface
2013-08-30 10:34:37,653 [pool-1-thread-1] DEBUG [ClassPathMapperScanner.java:161] Creating MapperFactoryBean with name &apos;versionDao&apos; and &apos;com.qingzhou.app.client.dao.VersionDao&apos; mapperInterface
2013-08-30 10:34:37,691 [pool-1-thread-1] DEBUG [AbstractEnvironment.java:112] Initializing new StandardEnvironment
2013-08-30 10:34:37,691 [pool-1-thread-1] DEBUG [MutablePropertySources.java:107] Adding [systemProperties] PropertySource with lowest search precedence
2013-08-30 10:34:37,692 [pool-1-thread-1] DEBUG [MutablePropertySources.java:107] Adding [systemEnvironment] PropertySource with lowest search precedence
2013-08-30 10:34:37,692 [pool-1-thread-1] DEBUG [AbstractEnvironment.java:116] Initialized StandardEnvironment with PropertySources [systemProperties,systemEnvironment]
2013-08-30 10:34:37,692 [pool-1-thread-1] DEBUG [PathMatchingResourcePatternResolver.java:550] Looking for matching resources in directory tree [D:\tools\MyEclipse 10\appService\target\classes\com\qingzhou\app\client\dao]
2013-08-30 10:34:37,693 [pool-1-thread-1] DEBUG [PathMatchingResourcePatternResolver.java:612] Searching directory [D:\tools\MyEclipse 10\appService\target\classes\com\qingzhou\app\client\dao] for files matching pattern [D:/tools/MyEclipse 10/appService/target/classes/com/qingzhou/app/client/dao/**/*.class]
2013-08-30 10:34:37,693 [pool-1-thread-1] DEBUG [PathMatchingResourcePatternResolver.java:351] Resolved location pattern [classpath*:com/qingzhou/app/client/dao/**/*.class] to resources [file [D:\tools\MyEclipse 10\appService\target\classes\com\qingzhou\app\client\dao\AircraftDao.class], file [D:\tools\MyEclipse 10\appService\target\classes\com\qingzhou\app\client\dao\ContractDao.class], file [D:\tools\MyEclipse 10\appService\target\classes\com\qingzhou\app\client\dao\LoginStatusDao.class], file [D:\tools\MyEclipse 10\appService\target\classes\com\qingzhou\app\client\dao\ProjectPlanDao.class], file [D:\tools\MyEclipse 10\appService\target\classes\com\qingzhou\app\client\dao\RestCommonDao.class], file [D:\tools\MyEclipse 10\appService\target\classes\com\qingzhou\app\client\dao\VersionDao.class]]
2013-08-30 10:34:37,694 [pool-1-thread-1] DEBUG [ClassPathScanningCandidateComponentProvider.java:264] Identified candidate component class: file [D:\tools\MyEclipse 10\appService\target\classes\com\qingzhou\app\client\dao\AircraftDao.class]
2013-08-30 10:34:37,694 [pool-1-thread-1] DEBUG [ClassPathScanningCandidateComponentProvider.java:264] Identified candidate component class: file [D:\tools\MyEclipse 10\appService\target\classes\com\qingzhou\app\client\dao\ContractDao.class]
2013-08-30 10:34:37,694 [pool-1-thread-1] DEBUG [ClassPathScanningCandidateComponentProvider.java:264] Identified candidate component class: file [D:\tools\MyEclipse 10\appService\target\classes\com\qingzhou\app\client\dao\LoginStatusDao.class]
2013-08-30 10:34:37,694 [pool-1-thread-1] DEBUG [ClassPathScanningCandidateComponentProvider.java:264] Identified candidate component class: file [D:\tools\MyEclipse 10\appService\target\classes\com\qingzhou\app\client\dao\ProjectPlanDao.class]
2013-08-30 10:34:37,695 [pool-1-thread-1] DEBUG [ClassPathScanningCandidateComponentProvider.java:264] Identified candidate component class: file [D:\tools\MyEclipse 10\appService\target\classes\com\qingzhou\app\client\dao\RestCommonDao.class]
2013-08-30 10:34:37,695 [pool-1-thread-1] DEBUG [ClassPathScanningCandidateComponentProvider.java:264] Identified candidate component class: file [D:\tools\MyEclipse 10\appService\target\classes\com\qingzhou\app\client\dao\VersionDao.class]
2013-08-30 10:34:37,695 [pool-1-thread-1] WARN  [ClassPathMapperScanner.java:223] Skipping MapperFactoryBean with name &apos;aircraftDao&apos; and &apos;com.qingzhou.app.client.dao.AircraftDao&apos; mapperInterface. Bean already defined with the same name!
2013-08-30 10:34:37,695 [pool-1-thread-1] WARN  [ClassPathMapperScanner.java:223] Skipping MapperFactoryBean with name &apos;contractDao&apos; and &apos;com.qingzhou.app.client.dao.ContractDao&apos; mapperInterface. Bean already defined with the same name!
2013-08-30 10:34:37,695 [pool-1-thread-1] WARN  [ClassPathMapperScanner.java:223] Skipping MapperFactoryBean with name &apos;loginStatusDao&apos; and &apos;com.qingzhou.app.client.dao.LoginStatusDao&apos; mapperInterface. Bean already defined with the same name!
2013-08-30 10:34:37,696 [pool-1-thread-1] WARN  [ClassPathMapperScanner.java:223] Skipping MapperFactoryBean with name &apos;projectPlanDao&apos; and &apos;com.qingzhou.app.client.dao.ProjectPlanDao&apos; mapperInterface. Bean already defined with the same name!
2013-08-30 10:34:37,696 [pool-1-thread-1] WARN  [ClassPathMapperScanner.java:223] Skipping MapperFactoryBean with name &apos;restCommonDao&apos; and &apos;com.qingzhou.app.client.dao.RestCommonDao&apos; mapperInterface. Bean already defined with the same name!
2013-08-30 10:34:37,696 [pool-1-thread-1] WARN  [ClassPathMapperScanner.java:223] Skipping MapperFactoryBean with name &apos;versionDao&apos; and &apos;com.qingzhou.app.client.dao.VersionDao&apos; mapperInterface. Bean already defined with the same name!
2013-08-30 10:34:37,696 [pool-1-thread-1] WARN  [ClassPathMapperScanner.java:155] No MyBatis mapper was found in &apos;[com.qingzhou.app.client.dao]&apos; package. Please check your configuration.
2013-08-30 10:34:37,701 [pool-1-thread-1] DEBUG [DefaultSingletonBeanRegistry.java:215] Creating shared instance of singleton bean &apos;org.springframework.context.annotation.internalAutowiredAnnotationProcessor&apos;
2013-08-30 10:34:37,702 [pool-1-thread-1] DEBUG [AbstractAutowireCapableBeanFactory.java:435] Creating instance of bean &apos;org.springframework.context.annotation.internalAutowiredAnnotationProcessor&apos;
2013-08-30 10:34:37,702 [pool-1-thread-1] DEBUG [AbstractAutowireCapableBeanFactory.java:509] Eagerly caching bean &apos;org.springframework.context.annotation.internalAutowiredAnnotationProcessor&apos; to allow for resolving potential circular references
2013-08-30 10:34:37,703 [pool-1-thread-1] DEBUG [AbstractAutowireCapableBeanFactory.java:463] Finished creating instance of bean &apos;org.springframework.context.annotation.internalAutowiredAnnotationProcessor&apos;
2013-08-30 10:34:37,703 [pool-1-thread-1] DEBUG [DefaultSingletonBeanRegistry.java:215] Creating shared instance of singleton bean &apos;org.springframework.context.annotation.internalRequiredAnnotationProcessor&apos;
2013-08-30 10:34:37,703 [pool-1-thread-1] DEBUG [AbstractAutowireCapableBeanFactory.java:435] Creating instance of bean &apos;org.springframework.context.annotation.internalRequiredAnnotationProcessor&apos;
2013-08-30 10:34:37,704 [pool-1-thread-1] DEBUG [AbstractAutowireCapableBeanFactory.java:509] Eagerly caching bean &apos;org.springframework.context.annotation.internalRequiredAnnotationProcessor&apos; to allow for resolving potential circular references
2013-08-30 10:34:37,704 [pool-1-thread-1] DEBUG [AbstractAutowireCapableBeanFactory.java:463] Finished creating instance of bean &apos;org.springframework.context.annotation.internalRequiredAnnotationProcessor&apos;
2013-08-30 10:34:37,704 [pool-1-thread-1] DEBUG [DefaultSingletonBeanRegistry.java:215] Creating shared instance of singleton bean &apos;org.springframework.context.annotation.internalCommonAnnotationProcessor&apos;
2013-08-30 10:34:37,704 [pool-1-thread-1] DEBUG [AbstractAutowireCapableBeanFactory.java:435] Creating instance of bean &apos;org.springframework.context.annotation.internalCommonAnnotationProcessor&apos;
2013-08-30 10:34:37,708 [pool-1-thread-1] DEBUG [AbstractAutowireCapableBeanFactory.java:509] Eagerly caching bean &apos;org.springframework.context.annotation.internalCommonAnnotationProcessor&apos; to allow for resolving potential circular references
2013-08-30 10:34:37,708 [pool-1-thread-1] DEBUG [AbstractAutowireCapableBeanFactory.java:463] Finished creating instance of bean &apos;org.springframework.context.annotation.internalCommonAnnotationProcessor&apos;
2013-08-30 10:34:37,708 [pool-1-thread-1] DEBUG [DefaultSingletonBeanRegistry.java:215] Creating shared instance of singleton bean &apos;org.springframework.context.annotation.ConfigurationClassPostProcessor.importAwareProcessor&apos;
2013-08-30 10:34:37,708 [pool-1-thread-1] DEBUG [AbstractAutowireCapableBeanFactory.java:435] Creating instance of bean &apos;org.springframework.context.annotation.ConfigurationClassPostProcessor.importAwareProcessor&apos;
2013-08-30 10:34:37,709 [pool-1-thread-1] DEBUG [AbstractAutowireCapableBeanFactory.java:509] Eagerly caching bean &apos;org.springframework.context.annotation.ConfigurationClassPostProcessor.importAwareProcessor&apos; to allow for resolving potential circular references
2013-08-30 10:34:37,709 [pool-1-thread-1] DEBUG [AbstractAutowireCapableBeanFactory.java:463] Finished creating instance of bean &apos;org.springframework.context.annotation.ConfigurationClassPostProcessor.importAwareProcessor&apos;
2013-08-30 10:34:37,709 [pool-1-thread-1] DEBUG [DefaultSingletonBeanRegistry.java:215] Creating shared instance of singleton bean &apos;org.springframework.aop.config.internalAutoProxyCreator&apos;
2013-08-30 10:34:37,709 [pool-1-thread-1] DEBUG [AbstractAutowireCapableBeanFactory.java:435] Creating instance of bean &apos;org.springframework.aop.config.internalAutoProxyCreator&apos;
2013-08-30 10:34:37,715 [pool-1-thread-1] DEBUG [AbstractAutowireCapableBeanFactory.java:509] Eagerly caching bean &apos;org.springframework.aop.config.internalAutoProxyCreator&apos; to allow for resolving potential circular references
2013-08-30 10:34:37,720 [pool-1-thread-1] DEBUG [AbstractAutowireCapableBeanFactory.java:463] Finished creating instance of bean &apos;org.springframework.aop.config.internalAutoProxyCreator&apos;
2013-08-30 10:34:37,722 [pool-1-thread-1] DEBUG [AbstractApplicationContext.java:807] Unable to locate MessageSource with name &apos;messageSource&apos;: using default [org.springframework.context.support.DelegatingMessageSource@946d22]
2013-08-30 10:34:37,724 [pool-1-thread-1] DEBUG [AbstractApplicationContext.java:831] Unable to locate ApplicationEventMulticaster with name &apos;applicationEventMulticaster&apos;: using default [org.springframework.context.event.SimpleApplicationEventMulticaster@169dd64]
2013-08-30 10:34:37,727 [pool-1-thread-1] INFO  [DefaultListableBeanFactory.java:596] Pre-instantiating singletons in org.springframework.beans.factory.support.DefaultListableBeanFactory@1bfc4fc: defining beans [dataSource,transactionManager,sqlSessionFactory,org.mybatis.spring.mapper.MapperScannerConfigurer#0,org.springframework.aop.config.internalAutoProxyCreator,serviceMethods,org.springframework.aop.support.DefaultBeanFactoryPointcutAdvisor#0,txAdvice,appService,com.qingzhou.core.util.SpringContextHolder#0,contractController,loginStatusController,projectPlanController,versionController,aircraftService,contractService,loginStatusService,projectPlanService,versionService,org.springframework.context.annotation.internalConfigurationAnnotationProcessor,org.springframework.context.annotation.internalAutowiredAnnotationProcessor,org.springframework.context.annotation.internalRequiredAnnotationProcessor,org.springframework.context.annotation.internalCommonAnnotationProcessor,org.mybatis.spring.mapper.MapperScannerConfigurer#1,org.springframework.aop.support.DefaultBeanFactoryPointcutAdvisor#1,com.qingzhou.core.util.SpringContextHolder#1,aircraftDao,contractDao,loginStatusDao,projectPlanDao,restCommonDao,versionDao,org.springframework.context.annotation.ConfigurationClassPostProcessor.importAwareProcessor]; root of factory hierarchy
2013-08-30 10:34:37,727 [pool-1-thread-1] DEBUG [AbstractBeanFactory.java:246] Returning cached instance of singleton bean &apos;dataSource&apos;
2013-08-30 10:34:37,727 [pool-1-thread-1] DEBUG [DefaultSingletonBeanRegistry.java:215] Creating shared instance of singleton bean &apos;transactionManager&apos;
2013-08-30 10:34:37,727 [pool-1-thread-1] DEBUG [AbstractAutowireCapableBeanFactory.java:435] Creating instance of bean &apos;transactionManager&apos;
2013-08-30 10:34:37,728 [pool-1-thread-1] DEBUG [DefaultSingletonBeanRegistry.java:215] Creating shared instance of singleton bean &apos;org.springframework.aop.support.DefaultBeanFactoryPointcutAdvisor#0&apos;
2013-08-30 10:34:37,729 [pool-1-thread-1] DEBUG [AbstractAutowireCapableBeanFactory.java:435] Creating instance of bean &apos;org.springframework.aop.support.DefaultBeanFactoryPointcutAdvisor#0&apos;
2013-08-30 10:34:37,729 [pool-1-thread-1] DEBUG [AbstractAutowireCapableBeanFactory.java:509] Eagerly caching bean &apos;org.springframework.aop.support.DefaultBeanFactoryPointcutAdvisor#0&apos; to allow for resolving potential circular references
2013-08-30 10:34:37,732 [pool-1-thread-1] DEBUG [AbstractAutowireCapableBeanFactory.java:435] Creating instance of bean &apos;serviceMethods&apos;
2013-08-30 10:34:37,736 [pool-1-thread-1] DEBUG [AbstractAutowireCapableBeanFactory.java:463] Finished creating instance of bean &apos;serviceMethods&apos;
2013-08-30 10:34:37,736 [pool-1-thread-1] DEBUG [AbstractAutowireCapableBeanFactory.java:463] Finished creating instance of bean &apos;org.springframework.aop.support.DefaultBeanFactoryPointcutAdvisor#0&apos;
2013-08-30 10:34:37,736 [pool-1-thread-1] DEBUG [DefaultSingletonBeanRegistry.java:215] Creating shared instance of singleton bean &apos;org.springframework.aop.support.DefaultBeanFactoryPointcutAdvisor#1&apos;
2013-08-30 10:34:37,736 [pool-1-thread-1] DEBUG [AbstractAutowireCapableBeanFactory.java:435] Creating instance of bean &apos;org.springframework.aop.support.DefaultBeanFactoryPointcutAdvisor#1&apos;
2013-08-30 10:34:37,737 [pool-1-thread-1] DEBUG [AbstractAutowireCapableBeanFactory.java:509] Eagerly caching bean &apos;org.springframework.aop.support.DefaultBeanFactoryPointcutAdvisor#1&apos; to allow for resolving potential circular references
2013-08-30 10:34:37,737 [pool-1-thread-1] DEBUG [AbstractAutowireCapableBeanFactory.java:435] Creating instance of bean &apos;serviceMethods&apos;
2013-08-30 10:34:37,737 [pool-1-thread-1] DEBUG [AbstractAutowireCapableBeanFactory.java:463] Finished creating instance of bean &apos;serviceMethods&apos;
2013-08-30 10:34:37,737 [pool-1-thread-1] DEBUG [AbstractAutowireCapableBeanFactory.java:463] Finished creating instance of bean &apos;org.springframework.aop.support.DefaultBeanFactoryPointcutAdvisor#1&apos;
2013-08-30 10:34:37,742 [pool-1-thread-1] DEBUG [AbstractAutowireCapableBeanFactory.java:509] Eagerly caching bean &apos;transactionManager&apos; to allow for resolving potential circular references
2013-08-30 10:34:37,744 [pool-1-thread-1] DEBUG [AbstractBeanFactory.java:246] Returning cached instance of singleton bean &apos;dataSource&apos;
2013-08-30 10:34:37,745 [pool-1-thread-1] DEBUG [AbstractAutowireCapableBeanFactory.java:1531] Invoking afterPropertiesSet() on bean with name &apos;transactionManager&apos;
2013-08-30 10:34:37,745 [pool-1-thread-1] DEBUG [AbstractBeanFactory.java:246] Returning cached instance of singleton bean &apos;org.springframework.aop.support.DefaultBeanFactoryPointcutAdvisor#0&apos;
2013-08-30 10:34:37,745 [pool-1-thread-1] DEBUG [AbstractBeanFactory.java:246] Returning cached instance of singleton bean &apos;org.springframework.aop.support.DefaultBeanFactoryPointcutAdvisor#1&apos;
2013-08-30 10:34:37,745 [pool-1-thread-1] DEBUG [AbstractBeanFactory.java:246] Returning cached instance of singleton bean &apos;org.springframework.aop.support.DefaultBeanFactoryPointcutAdvisor#0&apos;
2013-08-30 10:34:37,745 [pool-1-thread-1] DEBUG [AbstractBeanFactory.java:246] Returning cached instance of singleton bean &apos;org.springframework.aop.support.DefaultBeanFactoryPointcutAdvisor#1&apos;
2013-08-30 10:34:37,923 [pool-1-thread-1] DEBUG [AbstractAutowireCapableBeanFactory.java:463] Finished creating instance of bean &apos;transactionManager&apos;
2013-08-30 10:34:37,923 [pool-1-thread-1] DEBUG [AbstractBeanFactory.java:246] Returning cached instance of singleton bean &apos;sqlSessionFactory&apos;
2013-08-30 10:34:37,924 [pool-1-thread-1] DEBUG [AbstractBeanFactory.java:246] Returning cached instance of singleton bean &apos;org.mybatis.spring.mapper.MapperScannerConfigurer#0&apos;
2013-08-30 10:34:37,924 [pool-1-thread-1] DEBUG [AbstractBeanFactory.java:246] Returning cached instance of singleton bean &apos;org.springframework.aop.config.internalAutoProxyCreator&apos;
2013-08-30 10:34:37,924 [pool-1-thread-1] DEBUG [AbstractBeanFactory.java:246] Returning cached instance of singleton bean &apos;org.springframework.aop.support.DefaultBeanFactoryPointcutAdvisor#0&apos;
2013-08-30 10:34:37,924 [pool-1-thread-1] DEBUG [DefaultSingletonBeanRegistry.java:215] Creating shared instance of singleton bean &apos;txAdvice&apos;
2013-08-30 10:34:37,924 [pool-1-thread-1] DEBUG [AbstractAutowireCapableBeanFactory.java:435] Creating instance of bean &apos;txAdvice&apos;
2013-08-30 10:34:37,926 [pool-1-thread-1] DEBUG [AbstractAutowireCapableBeanFactory.java:509] Eagerly caching bean &apos;txAdvice&apos; to allow for resolving potential circular references
2013-08-30 10:34:37,927 [pool-1-thread-1] DEBUG [AbstractBeanFactory.java:246] Returning cached instance of singleton bean &apos;transactionManager&apos;
2013-08-30 10:34:37,928 [pool-1-thread-1] DEBUG [AbstractAutowireCapableBeanFactory.java:435] Creating instance of bean &apos;(inner bean)&apos;
2013-08-30 10:34:37,928 [pool-1-thread-1] DEBUG [AbstractBeanFactory.java:246] Returning cached instance of singleton bean &apos;org.springframework.aop.support.DefaultBeanFactoryPointcutAdvisor#0&apos;
2013-08-30 10:34:37,928 [pool-1-thread-1] DEBUG [AbstractBeanFactory.java:246] Returning cached instance of singleton bean &apos;org.springframework.aop.support.DefaultBeanFactoryPointcutAdvisor#1&apos;
2013-08-30 10:34:37,931 [pool-1-thread-1] DEBUG [NameMatchTransactionAttributeSource.java:95] Adding transactional method [insert*] with attribute [PROPAGATION_REQUIRED,ISOLATION_DEFAULT]
2013-08-30 10:34:37,931 [pool-1-thread-1] DEBUG [NameMatchTransactionAttributeSource.java:95] Adding transactional method [create*] with attribute [PROPAGATION_REQUIRED,ISOLATION_DEFAULT]
2013-08-30 10:34:37,932 [pool-1-thread-1] DEBUG [NameMatchTransactionAttributeSource.java:95] Adding transactional method [update*] with attribute [PROPAGATION_REQUIRED,ISOLATION_DEFAULT]
2013-08-30 10:34:37,932 [pool-1-thread-1] DEBUG [NameMatchTransactionAttributeSource.java:95] Adding transactional method [save*] with attribute [PROPAGATION_REQUIRED,ISOLATION_DEFAULT]
2013-08-30 10:34:37,932 [pool-1-thread-1] DEBUG [NameMatchTransactionAttributeSource.java:95] Adding transactional method [delete*] with attribute [PROPAGATION_REQUIRED,ISOLATION_DEFAULT]
2013-08-30 10:34:37,932 [pool-1-thread-1] DEBUG [NameMatchTransactionAttributeSource.java:95] Adding transactional method [remove*] with attribute [PROPAGATION_REQUIRED,ISOLATION_DEFAULT]
2013-08-30 10:34:37,932 [pool-1-thread-1] DEBUG [NameMatchTransactionAttributeSource.java:95] Adding transactional method [get*] with attribute [PROPAGATION_REQUIRED,ISOLATION_DEFAULT,readOnly]
2013-08-30 10:34:37,932 [pool-1-thread-1] DEBUG [NameMatchTransactionAttributeSource.java:95] Adding transactional method [find*] with attribute [PROPAGATION_REQUIRED,ISOLATION_DEFAULT,readOnly]
2013-08-30 10:34:37,933 [pool-1-thread-1] DEBUG [NameMatchTransactionAttributeSource.java:95] Adding transactional method [load*] with attribute [PROPAGATION_REQUIRED,ISOLATION_DEFAULT,readOnly]
2013-08-30 10:34:37,933 [pool-1-thread-1] DEBUG [NameMatchTransactionAttributeSource.java:95] Adding transactional method [select*] with attribute [PROPAGATION_REQUIRED,ISOLATION_DEFAULT,readOnly]
2013-08-30 10:34:37,933 [pool-1-thread-1] DEBUG [NameMatchTransactionAttributeSource.java:95] Adding transactional method [list*] with attribute [PROPAGATION_REQUIRED,ISOLATION_DEFAULT,readOnly]
2013-08-30 10:34:37,933 [pool-1-thread-1] DEBUG [NameMatchTransactionAttributeSource.java:95] Adding transactional method [search*] with attribute [PROPAGATION_REQUIRED,ISOLATION_DEFAULT,readOnly]
2013-08-30 10:34:37,933 [pool-1-thread-1] DEBUG [AbstractBeanFactory.java:246] Returning cached instance of singleton bean &apos;org.springframework.aop.support.DefaultBeanFactoryPointcutAdvisor#0&apos;
2013-08-30 10:34:37,933 [pool-1-thread-1] DEBUG [AbstractBeanFactory.java:246] Returning cached instance of singleton bean &apos;org.springframework.aop.support.DefaultBeanFactoryPointcutAdvisor#1&apos;
2013-08-30 10:34:37,933 [pool-1-thread-1] DEBUG [AbstractBeanFactory.java:246] Returning cached instance of singleton bean &apos;org.springframework.aop.support.DefaultBeanFactoryPointcutAdvisor#0&apos;
2013-08-30 10:34:37,933 [pool-1-thread-1] DEBUG [AbstractBeanFactory.java:246] Returning cached instance of singleton bean &apos;org.springframework.aop.support.DefaultBeanFactoryPointcutAdvisor#1&apos;
2013-08-30 10:34:37,938 [pool-1-thread-1] DEBUG [AbstractAutowireCapableBeanFactory.java:463] Finished creating instance of bean &apos;(inner bean)&apos;
2013-08-30 10:34:37,939 [pool-1-thread-1] DEBUG [AbstractAutowireCapableBeanFactory.java:1531] Invoking afterPropertiesSet() on bean with name &apos;txAdvice&apos;
2013-08-30 10:34:37,939 [pool-1-thread-1] DEBUG [AbstractAutowireCapableBeanFactory.java:463] Finished creating instance of bean &apos;txAdvice&apos;
2013-08-30 10:34:37,939 [pool-1-thread-1] DEBUG [AbstractBeanFactory.java:246] Returning cached instance of singleton bean &apos;appService&apos;
2013-08-30 10:34:37,939 [pool-1-thread-1] DEBUG [DefaultSingletonBeanRegistry.java:215] Creating shared instance of singleton bean &apos;com.qingzhou.core.util.SpringContextHolder#0&apos;
2013-08-30 10:34:37,939 [pool-1-thread-1] DEBUG [AbstractAutowireCapableBeanFactory.java:435] Creating instance of bean &apos;com.qingzhou.core.util.SpringContextHolder#0&apos;
2013-08-30 10:34:37,939 [pool-1-thread-1] DEBUG [AbstractBeanFactory.java:246] Returning cached instance of singleton bean &apos;org.springframework.aop.support.DefaultBeanFactoryPointcutAdvisor#0&apos;
2013-08-30 10:34:37,940 [pool-1-thread-1] DEBUG [AbstractBeanFactory.java:246] Returning cached instance of singleton bean &apos;org.springframework.aop.support.DefaultBeanFactoryPointcutAdvisor#1&apos;
2013-08-30 10:34:37,940 [pool-1-thread-1] DEBUG [AbstractAutowireCapableBeanFactory.java:509] Eagerly caching bean &apos;com.qingzhou.core.util.SpringContextHolder#0&apos; to allow for resolving potential circular references
2013-08-30 10:34:37,941 [pool-1-thread-1] DEBUG [SpringContextHolder.java:80] 注入ApplicationContext到SpringContextHolder:org.springframework.context.support.GenericApplicationContext@145c859: startup date [Fri Aug 30 10:34:36 CST 2013]; root of context hierarchy
2013-08-30 10:34:37,941 [pool-1-thread-1] DEBUG [AbstractBeanFactory.java:246] Returning cached instance of singleton bean &apos;org.springframework.aop.support.DefaultBeanFactoryPointcutAdvisor#0&apos;
2013-08-30 10:34:37,942 [pool-1-thread-1] DEBUG [AbstractBeanFactory.java:246] Returning cached instance of singleton bean &apos;org.springframework.aop.support.DefaultBeanFactoryPointcutAdvisor#1&apos;
2013-08-30 10:34:37,942 [pool-1-thread-1] DEBUG [AbstractBeanFactory.java:246] Returning cached instance of singleton bean &apos;org.springframework.aop.support.DefaultBeanFactoryPointcutAdvisor#0&apos;
2013-08-30 10:34:37,942 [pool-1-thread-1] DEBUG [AbstractBeanFactory.java:246] Returning cached instance of singleton bean &apos;org.springframework.aop.support.DefaultBeanFactoryPointcutAdvisor#1&apos;
2013-08-30 10:34:37,944 [pool-1-thread-1] DEBUG [AbstractAutowireCapableBeanFactory.java:463] Finished creating instance of bean &apos;com.qingzhou.core.util.SpringContextHolder#0&apos;
2013-08-30 10:34:37,945 [pool-1-thread-1] DEBUG [DefaultSingletonBeanRegistry.java:215] Creating shared instance of singleton bean &apos;contractController&apos;
2013-08-30 10:34:37,945 [pool-1-thread-1] DEBUG [AbstractAutowireCapableBeanFactory.java:435] Creating instance of bean &apos;contractController&apos;
2013-08-30 10:34:37,945 [pool-1-thread-1] DEBUG [AbstractBeanFactory.java:246] Returning cached instance of singleton bean &apos;org.springframework.aop.support.DefaultBeanFactoryPointcutAdvisor#0&apos;
2013-08-30 10:34:37,945 [pool-1-thread-1] DEBUG [AbstractBeanFactory.java:246] Returning cached instance of singleton bean &apos;org.springframework.aop.support.DefaultBeanFactoryPointcutAdvisor#1&apos;
2013-08-30 10:34:37,949 [pool-1-thread-1] DEBUG [AbstractAutowireCapableBeanFactory.java:509] Eagerly caching bean &apos;contractController&apos; to allow for resolving potential circular references
2013-08-30 10:34:37,951 [pool-1-thread-1] DEBUG [AbstractBeanFactory.java:246] Returning cached instance of singleton bean &apos;org.springframework.aop.support.DefaultBeanFactoryPointcutAdvisor#0&apos;
2013-08-30 10:34:37,951 [pool-1-thread-1] DEBUG [AbstractBeanFactory.java:246] Returning cached instance of singleton bean &apos;org.springframework.aop.support.DefaultBeanFactoryPointcutAdvisor#1&apos;
2013-08-30 10:34:37,951 [pool-1-thread-1] DEBUG [AbstractBeanFactory.java:246] Returning cached instance of singleton bean &apos;org.springframework.aop.support.DefaultBeanFactoryPointcutAdvisor#0&apos;
2013-08-30 10:34:37,951 [pool-1-thread-1] DEBUG [AbstractBeanFactory.java:246] Returning cached instance of singleton bean &apos;org.springframework.aop.support.DefaultBeanFactoryPointcutAdvisor#1&apos;
2013-08-30 10:34:37,956 [pool-1-thread-1] DEBUG [AbstractAutowireCapableBeanFactory.java:463] Finished creating instance of bean &apos;contractController&apos;
2013-08-30 10:34:37,956 [pool-1-thread-1] DEBUG [DefaultSingletonBeanRegistry.java:215] Creating shared instance of singleton bean &apos;loginStatusController&apos;
2013-08-30 10:34:37,956 [pool-1-thread-1] DEBUG [AbstractAutowireCapableBeanFactory.java:435] Creating instance of bean &apos;loginStatusController&apos;
2013-08-30 10:34:37,956 [pool-1-thread-1] DEBUG [AbstractBeanFactory.java:246] Returning cached instance of singleton bean &apos;org.springframework.aop.support.DefaultBeanFactoryPointcutAdvisor#0&apos;
2013-08-30 10:34:37,956 [pool-1-thread-1] DEBUG [AbstractBeanFactory.java:246] Returning cached instance of singleton bean &apos;org.springframework.aop.support.DefaultBeanFactoryPointcutAdvisor#1&apos;
2013-08-30 10:34:37,957 [pool-1-thread-1] DEBUG [AbstractAutowireCapableBeanFactory.java:509] Eagerly caching bean &apos;loginStatusController&apos; to allow for resolving potential circular references
2013-08-30 10:34:37,959 [pool-1-thread-1] DEBUG [AbstractBeanFactory.java:246] Returning cached instance of singleton bean &apos;org.springframework.aop.support.DefaultBeanFactoryPointcutAdvisor#0&apos;
2013-08-30 10:34:37,959 [pool-1-thread-1] DEBUG [AbstractBeanFactory.java:246] Returning cached instance of singleton bean &apos;org.springframework.aop.support.DefaultBeanFactoryPointcutAdvisor#1&apos;
2013-08-30 10:34:37,959 [pool-1-thread-1] DEBUG [AbstractBeanFactory.java:246] Returning cached instance of singleton bean &apos;org.springframework.aop.support.DefaultBeanFactoryPointcutAdvisor#0&apos;
2013-08-30 10:34:37,959 [pool-1-thread-1] DEBUG [AbstractBeanFactory.java:246] Returning cached instance of singleton bean &apos;org.springframework.aop.support.DefaultBeanFactoryPointcutAdvisor#1&apos;
2013-08-30 10:34:37,961 [pool-1-thread-1] DEBUG [AbstractAutowireCapableBeanFactory.java:463] Finished creating instance of bean &apos;loginStatusController&apos;
2013-08-30 10:34:37,961 [pool-1-thread-1] DEBUG [DefaultSingletonBeanRegistry.java:215] Creating shared instance of singleton bean &apos;projectPlanController&apos;
2013-08-30 10:34:37,961 [pool-1-thread-1] DEBUG [AbstractAutowireCapableBeanFactory.java:435] Creating instance of bean &apos;projectPlanController&apos;
2013-08-30 10:34:37,961 [pool-1-thread-1] DEBUG [AbstractBeanFactory.java:246] Returning cached instance of singleton bean &apos;org.springframework.aop.support.DefaultBeanFactoryPointcutAdvisor#0&apos;
2013-08-30 10:34:37,961 [pool-1-thread-1] DEBUG [AbstractBeanFactory.java:246] Returning cached instance of singleton bean &apos;org.springframework.aop.support.DefaultBeanFactoryPointcutAdvisor#1&apos;
2013-08-30 10:34:37,962 [pool-1-thread-1] DEBUG [AbstractAutowireCapableBeanFactory.java:509] Eagerly caching bean &apos;projectPlanController&apos; to allow for resolving potential circular references
2013-08-30 10:34:37,964 [pool-1-thread-1] DEBUG [AbstractBeanFactory.java:246] Returning cached instance of singleton bean &apos;org.springframework.aop.support.DefaultBeanFactoryPointcutAdvisor#0&apos;
2013-08-30 10:34:37,964 [pool-1-thread-1] DEBUG [AbstractBeanFactory.java:246] Returning cached instance of singleton bean &apos;org.springframework.aop.support.DefaultBeanFactoryPointcutAdvisor#1&apos;
2013-08-30 10:34:37,965 [pool-1-thread-1] DEBUG [AbstractBeanFactory.java:246] Returning cached instance of singleton bean &apos;org.springframework.aop.support.DefaultBeanFactoryPointcutAdvisor#0&apos;
2013-08-30 10:34:37,965 [pool-1-thread-1] DEBUG [AbstractBeanFactory.java:246] Returning cached instance of singleton bean &apos;org.springframework.aop.support.DefaultBeanFactoryPointcutAdvisor#1&apos;
2013-08-30 10:34:37,966 [pool-1-thread-1] DEBUG [AbstractAutowireCapableBeanFactory.java:463] Finished creating instance of bean &apos;projectPlanController&apos;
2013-08-30 10:34:37,966 [pool-1-thread-1] DEBUG [DefaultSingletonBeanRegistry.java:215] Creating shared instance of singleton bean &apos;versionController&apos;
2013-08-30 10:34:37,966 [pool-1-thread-1] DEBUG [AbstractAutowireCapableBeanFactory.java:435] Creating instance of bean &apos;versionController&apos;
2013-08-30 10:34:37,966 [pool-1-thread-1] DEBUG [AbstractBeanFactory.java:246] Returning cached instance of singleton bean &apos;org.springframework.aop.support.DefaultBeanFactoryPointcutAdvisor#0&apos;
2013-08-30 10:34:37,966 [pool-1-thread-1] DEBUG [AbstractBeanFactory.java:246] Returning cached instance of singleton bean &apos;org.springframework.aop.support.DefaultBeanFactoryPointcutAdvisor#1&apos;
2013-08-30 10:34:37,967 [pool-1-thread-1] DEBUG [AbstractAutowireCapableBeanFactory.java:509] Eagerly caching bean &apos;versionController&apos; to allow for resolving potential circular references
2013-08-30 10:34:37,969 [pool-1-thread-1] DEBUG [AbstractBeanFactory.java:246] Returning cached instance of singleton bean &apos;org.springframework.aop.support.DefaultBeanFactoryPointcutAdvisor#0&apos;
2013-08-30 10:34:37,969 [pool-1-thread-1] DEBUG [AbstractBeanFactory.java:246] Returning cached instance of singleton bean &apos;org.springframework.aop.support.DefaultBeanFactoryPointcutAdvisor#1&apos;
2013-08-30 10:34:37,969 [pool-1-thread-1] DEBUG [AbstractBeanFactory.java:246] Returning cached instance of singleton bean &apos;org.springframework.aop.support.DefaultBeanFactoryPointcutAdvisor#0&apos;
2013-08-30 10:34:37,969 [pool-1-thread-1] DEBUG [AbstractBeanFactory.java:246] Returning cached instance of singleton bean &apos;org.springframework.aop.support.DefaultBeanFactoryPointcutAdvisor#1&apos;
2013-08-30 10:34:37,971 [pool-1-thread-1] DEBUG [AbstractAutowireCapableBeanFactory.java:463] Finished creating instance of bean &apos;versionController&apos;
2013-08-30 10:34:37,971 [pool-1-thread-1] DEBUG [DefaultSingletonBeanRegistry.java:215] Creating shared instance of singleton bean &apos;aircraftService&apos;
2013-08-30 10:34:37,971 [pool-1-thread-1] DEBUG [AbstractAutowireCapableBeanFactory.java:435] Creating instance of bean &apos;aircraftService&apos;
2013-08-30 10:34:37,971 [pool-1-thread-1] DEBUG [AbstractBeanFactory.java:246] Returning cached instance of singleton bean &apos;org.springframework.aop.support.DefaultBeanFactoryPointcutAdvisor#0&apos;
2013-08-30 10:34:37,971 [pool-1-thread-1] DEBUG [AbstractBeanFactory.java:246] Returning cached instance of singleton bean &apos;org.springframework.aop.support.DefaultBeanFactoryPointcutAdvisor#1&apos;
2013-08-30 10:34:37,975 [pool-1-thread-1] DEBUG [InjectionMetadata.java:71] Registered injected element on class [com.qingzhou.app.client.service.AircraftService]: AutowiredFieldElement for private com.qingzhou.app.client.dao.AircraftDao com.qingzhou.app.client.service.AircraftService.aircraftDao
2013-08-30 10:34:37,975 [pool-1-thread-1] DEBUG [AbstractAutowireCapableBeanFactory.java:509] Eagerly caching bean &apos;aircraftService&apos; to allow for resolving potential circular references
2013-08-30 10:34:37,976 [pool-1-thread-1] DEBUG [InjectionMetadata.java:85] Processing injected method of bean &apos;aircraftService&apos;: AutowiredFieldElement for private com.qingzhou.app.client.dao.AircraftDao com.qingzhou.app.client.service.AircraftService.aircraftDao
2013-08-30 10:34:37,978 [pool-1-thread-1] DEBUG [AbstractBeanFactory.java:246] Returning cached instance of singleton bean &apos;org.springframework.aop.support.DefaultBeanFactoryPointcutAdvisor#0&apos;
2013-08-30 10:34:37,978 [pool-1-thread-1] DEBUG [AbstractBeanFactory.java:246] Returning cached instance of singleton bean &apos;org.springframework.aop.support.DefaultBeanFactoryPointcutAdvisor#1&apos;
2013-08-30 10:34:37,979 [pool-1-thread-1] DEBUG [DefaultSingletonBeanRegistry.java:215] Creating shared instance of singleton bean &apos;aircraftDao&apos;
2013-08-30 10:34:37,979 [pool-1-thread-1] DEBUG [AbstractAutowireCapableBeanFactory.java:435] Creating instance of bean &apos;aircraftDao&apos;
2013-08-30 10:34:37,979 [pool-1-thread-1] DEBUG [AbstractAutowireCapableBeanFactory.java:509] Eagerly caching bean &apos;aircraftDao&apos; to allow for resolving potential circular references
2013-08-30 10:34:37,987 [pool-1-thread-1] DEBUG [AbstractAutowireCapableBeanFactory.java:1531] Invoking afterPropertiesSet() on bean with name &apos;aircraftDao&apos;
2013-08-30 10:34:37,990 [pool-1-thread-1] DEBUG [AbstractBeanFactory.java:246] Returning cached instance of singleton bean &apos;org.springframework.aop.support.DefaultBeanFactoryPointcutAdvisor#0&apos;
2013-08-30 10:34:37,991 [pool-1-thread-1] DEBUG [AbstractBeanFactory.java:246] Returning cached instance of singleton bean &apos;org.springframework.aop.support.DefaultBeanFactoryPointcutAdvisor#1&apos;
2013-08-30 10:34:37,991 [pool-1-thread-1] DEBUG [AbstractBeanFactory.java:246] Returning cached instance of singleton bean &apos;org.springframework.aop.support.DefaultBeanFactoryPointcutAdvisor#0&apos;
2013-08-30 10:34:37,991 [pool-1-thread-1] DEBUG [AbstractBeanFactory.java:246] Returning cached instance of singleton bean &apos;org.springframework.aop.support.DefaultBeanFactoryPointcutAdvisor#1&apos;
2013-08-30 10:34:37,995 [pool-1-thread-1] DEBUG [AbstractAutowireCapableBeanFactory.java:463] Finished creating instance of bean &apos;aircraftDao&apos;
2013-08-30 10:34:37,995 [pool-1-thread-1] DEBUG [AbstractBeanFactory.java:246] Returning cached instance of singleton bean &apos;org.springframework.aop.support.DefaultBeanFactoryPointcutAdvisor#0&apos;
2013-08-30 10:34:37,995 [pool-1-thread-1] DEBUG [AbstractBeanFactory.java:246] Returning cached instance of singleton bean &apos;org.springframework.aop.support.DefaultBeanFactoryPointcutAdvisor#1&apos;
2013-08-30 10:34:37,995 [pool-1-thread-1] DEBUG [DefaultSingletonBeanRegistry.java:215] Creating shared instance of singleton bean &apos;contractDao&apos;
2013-08-30 10:34:37,995 [pool-1-thread-1] DEBUG [AbstractAutowireCapableBeanFactory.java:435] Creating instance of bean &apos;contractDao&apos;
2013-08-30 10:34:37,996 [pool-1-thread-1] DEBUG [AbstractAutowireCapableBeanFactory.java:509] Eagerly caching bean &apos;contractDao&apos; to allow for resolving potential circular references
2013-08-30 10:34:37,996 [pool-1-thread-1] DEBUG [AbstractAutowireCapableBeanFactory.java:1531] Invoking afterPropertiesSet() on bean with name &apos;contractDao&apos;
2013-08-30 10:34:37,996 [pool-1-thread-1] DEBUG [AbstractBeanFactory.java:246] Returning cached instance of singleton bean &apos;org.springframework.aop.support.DefaultBeanFactoryPointcutAdvisor#0&apos;
2013-08-30 10:34:37,996 [pool-1-thread-1] DEBUG [AbstractBeanFactory.java:246] Returning cached instance of singleton bean &apos;org.springframework.aop.support.DefaultBeanFactoryPointcutAdvisor#1&apos;
2013-08-30 10:34:37,996 [pool-1-thread-1] DEBUG [AbstractBeanFactory.java:246] Returning cached instance of singleton bean &apos;org.springframework.aop.support.DefaultBeanFactoryPointcutAdvisor#0&apos;
2013-08-30 10:34:37,997 [pool-1-thread-1] DEBUG [AbstractBeanFactory.java:246] Returning cached instance of singleton bean &apos;org.springframework.aop.support.DefaultBeanFactoryPointcutAdvisor#1&apos;
2013-08-30 10:34:37,997 [pool-1-thread-1] DEBUG [AbstractAutowireCapableBeanFactory.java:463] Finished creating instance of bean &apos;contractDao&apos;
2013-08-30 10:34:37,997 [pool-1-thread-1] DEBUG [AbstractBeanFactory.java:246] Returning cached instance of singleton bean &apos;org.springframework.aop.support.DefaultBeanFactoryPointcutAdvisor#0&apos;
2013-08-30 10:34:37,997 [pool-1-thread-1] DEBUG [AbstractBeanFactory.java:246] Returning cached instance of singleton bean &apos;org.springframework.aop.support.DefaultBeanFactoryPointcutAdvisor#1&apos;
2013-08-30 10:34:37,998 [pool-1-thread-1] DEBUG [DefaultSingletonBeanRegistry.java:215] Creating shared instance of singleton bean &apos;loginStatusDao&apos;
2013-08-30 10:34:37,998 [pool-1-thread-1] DEBUG [AbstractAutowireCapableBeanFactory.java:435] Creating instance of bean &apos;loginStatusDao&apos;
2013-08-30 10:34:38,000 [pool-1-thread-1] DEBUG [AbstractAutowireCapableBeanFactory.java:509] Eagerly caching bean &apos;loginStatusDao&apos; to allow for resolving potential circular references
2013-08-30 10:34:38,000 [pool-1-thread-1] DEBUG [AbstractAutowireCapableBeanFactory.java:1531] Invoking afterPropertiesSet() on bean with name &apos;loginStatusDao&apos;
2013-08-30 10:34:38,000 [pool-1-thread-1] DEBUG [AbstractBeanFactory.java:246] Returning cached instance of singleton bean &apos;org.springframework.aop.support.DefaultBeanFactoryPointcutAdvisor#0&apos;
2013-08-30 10:34:38,001 [pool-1-thread-1] DEBUG [AbstractBeanFactory.java:246] Returning cached instance of singleton bean &apos;org.springframework.aop.support.DefaultBeanFactoryPointcutAdvisor#1&apos;
2013-08-30 10:34:38,001 [pool-1-thread-1] DEBUG [AbstractBeanFactory.java:246] Returning cached instance of singleton bean &apos;org.springframework.aop.support.DefaultBeanFactoryPointcutAdvisor#0&apos;
2013-08-30 10:34:38,001 [pool-1-thread-1] DEBUG [AbstractBeanFactory.java:246] Returning cached instance of singleton bean &apos;org.springframework.aop.support.DefaultBeanFactoryPointcutAdvisor#1&apos;
2013-08-30 10:34:38,001 [pool-1-thread-1] DEBUG [AbstractAutowireCapableBeanFactory.java:463] Finished creating instance of bean &apos;loginStatusDao&apos;
2013-08-30 10:34:38,002 [pool-1-thread-1] DEBUG [AbstractBeanFactory.java:246] Returning cached instance of singleton bean &apos;org.springframework.aop.support.DefaultBeanFactoryPointcutAdvisor#0&apos;
2013-08-30 10:34:38,002 [pool-1-thread-1] DEBUG [AbstractBeanFactory.java:246] Returning cached instance of singleton bean &apos;org.springframework.aop.support.DefaultBeanFactoryPointcutAdvisor#1&apos;
2013-08-30 10:34:38,002 [pool-1-thread-1] DEBUG [DefaultSingletonBeanRegistry.java:215] Creating shared instance of singleton bean &apos;projectPlanDao&apos;
2013-08-30 10:34:38,002 [pool-1-thread-1] DEBUG [AbstractAutowireCapableBeanFactory.java:435] Creating instance of bean &apos;projectPlanDao&apos;
2013-08-30 10:34:38,002 [pool-1-thread-1] DEBUG [AbstractAutowireCapableBeanFactory.java:509] Eagerly caching bean &apos;projectPlanDao&apos; to allow for resolving potential circular references
2013-08-30 10:34:38,002 [pool-1-thread-1] DEBUG [AbstractAutowireCapableBeanFactory.java:1531] Invoking afterPropertiesSet() on bean with name &apos;projectPlanDao&apos;
2013-08-30 10:34:38,003 [pool-1-thread-1] DEBUG [AbstractBeanFactory.java:246] Returning cached instance of singleton bean &apos;org.springframework.aop.support.DefaultBeanFactoryPointcutAdvisor#0&apos;
2013-08-30 10:34:38,003 [pool-1-thread-1] DEBUG [AbstractBeanFactory.java:246] Returning cached instance of singleton bean &apos;org.springframework.aop.support.DefaultBeanFactoryPointcutAdvisor#1&apos;
2013-08-30 10:34:38,003 [pool-1-thread-1] DEBUG [AbstractBeanFactory.java:246] Returning cached instance of singleton bean &apos;org.springframework.aop.support.DefaultBeanFactoryPointcutAdvisor#0&apos;
2013-08-30 10:34:38,003 [pool-1-thread-1] DEBUG [AbstractBeanFactory.java:246] Returning cached instance of singleton bean &apos;org.springframework.aop.support.DefaultBeanFactoryPointcutAdvisor#1&apos;
2013-08-30 10:34:38,003 [pool-1-thread-1] DEBUG [AbstractAutowireCapableBeanFactory.java:463] Finished creating instance of bean &apos;projectPlanDao&apos;
2013-08-30 10:34:38,004 [pool-1-thread-1] DEBUG [AbstractBeanFactory.java:246] Returning cached instance of singleton bean &apos;org.springframework.aop.support.DefaultBeanFactoryPointcutAdvisor#0&apos;
2013-08-30 10:34:38,004 [pool-1-thread-1] DEBUG [AbstractBeanFactory.java:246] Returning cached instance of singleton bean &apos;org.springframework.aop.support.DefaultBeanFactoryPointcutAdvisor#1&apos;
2013-08-30 10:34:38,004 [pool-1-thread-1] DEBUG [DefaultSingletonBeanRegistry.java:215] Creating shared instance of singleton bean &apos;restCommonDao&apos;
2013-08-30 10:34:38,004 [pool-1-thread-1] DEBUG [AbstractAutowireCapableBeanFactory.java:435] Creating instance of bean &apos;restCommonDao&apos;
2013-08-30 10:34:38,004 [pool-1-thread-1] DEBUG [AbstractAutowireCapableBeanFactory.java:509] Eagerly caching bean &apos;restCommonDao&apos; to allow for resolving potential circular references
2013-08-30 10:34:38,004 [pool-1-thread-1] DEBUG [AbstractAutowireCapableBeanFactory.java:1531] Invoking afterPropertiesSet() on bean with name &apos;restCommonDao&apos;
2013-08-30 10:34:38,005 [pool-1-thread-1] DEBUG [AbstractBeanFactory.java:246] Returning cached instance of singleton bean &apos;org.springframework.aop.support.DefaultBeanFactoryPointcutAdvisor#0&apos;
2013-08-30 10:34:38,005 [pool-1-thread-1] DEBUG [AbstractBeanFactory.java:246] Returning cached instance of singleton bean &apos;org.springframework.aop.support.DefaultBeanFactoryPointcutAdvisor#1&apos;
2013-08-30 10:34:38,005 [pool-1-thread-1] DEBUG [AbstractBeanFactory.java:246] Returning cached instance of singleton bean &apos;org.springframework.aop.support.DefaultBeanFactoryPointcutAdvisor#0&apos;
2013-08-30 10:34:38,005 [pool-1-thread-1] DEBUG [AbstractBeanFactory.java:246] Returning cached instance of singleton bean &apos;org.springframework.aop.support.DefaultBeanFactoryPointcutAdvisor#1&apos;
2013-08-30 10:34:38,005 [pool-1-thread-1] DEBUG [AbstractAutowireCapableBeanFactory.java:463] Finished creating instance of bean &apos;restCommonDao&apos;
2013-08-30 10:34:38,005 [pool-1-thread-1] DEBUG [AbstractBeanFactory.java:246] Returning cached instance of singleton bean &apos;org.springframework.aop.support.DefaultBeanFactoryPointcutAdvisor#0&apos;
2013-08-30 10:34:38,006 [pool-1-thread-1] DEBUG [AbstractBeanFactory.java:246] Returning cached instance of singleton bean &apos;org.springframework.aop.support.DefaultBeanFactoryPointcutAdvisor#1&apos;
2013-08-30 10:34:38,006 [pool-1-thread-1] DEBUG [DefaultSingletonBeanRegistry.java:215] Creating shared instance of singleton bean &apos;versionDao&apos;
2013-08-30 10:34:38,006 [pool-1-thread-1] DEBUG [AbstractAutowireCapableBeanFactory.java:435] Creating instance of bean &apos;versionDao&apos;
2013-08-30 10:34:38,006 [pool-1-thread-1] DEBUG [AbstractAutowireCapableBeanFactory.java:509] Eagerly caching bean &apos;versionDao&apos; to allow for resolving potential circular references
2013-08-30 10:34:38,006 [pool-1-thread-1] DEBUG [AbstractAutowireCapableBeanFactory.java:1531] Invoking afterPropertiesSet() on bean with name &apos;versionDao&apos;
2013-08-30 10:34:38,007 [pool-1-thread-1] DEBUG [AbstractBeanFactory.java:246] Returning cached instance of singleton bean &apos;org.springframework.aop.support.DefaultBeanFactoryPointcutAdvisor#0&apos;
2013-08-30 10:34:38,007 [pool-1-thread-1] DEBUG [AbstractBeanFactory.java:246] Returning cached instance of singleton bean &apos;org.springframework.aop.support.DefaultBeanFactoryPointcutAdvisor#1&apos;
2013-08-30 10:34:38,007 [pool-1-thread-1] DEBUG [AbstractBeanFactory.java:246] Returning cached instance of singleton bean &apos;org.springframework.aop.support.DefaultBeanFactoryPointcutAdvisor#0&apos;
2013-08-30 10:34:38,007 [pool-1-thread-1] DEBUG [AbstractBeanFactory.java:246] Returning cached instance of singleton bean &apos;org.springframework.aop.support.DefaultBeanFactoryPointcutAdvisor#1&apos;
2013-08-30 10:34:38,008 [pool-1-thread-1] DEBUG [AbstractAutowireCapableBeanFactory.java:463] Finished creating instance of bean &apos;versionDao&apos;
2013-08-30 10:34:38,008 [pool-1-thread-1] DEBUG [AbstractBeanFactory.java:246] Returning cached instance of singleton bean &apos;aircraftDao&apos;
2013-08-30 10:34:38,010 [pool-1-thread-1] DEBUG [AbstractBeanFactory.java:246] Returning cached instance of singleton bean &apos;org.springframework.aop.support.DefaultBeanFactoryPointcutAdvisor#0&apos;
2013-08-30 10:34:38,010 [pool-1-thread-1] DEBUG [AbstractBeanFactory.java:246] Returning cached instance of singleton bean &apos;org.springframework.aop.support.DefaultBeanFactoryPointcutAdvisor#1&apos;
2013-08-30 10:34:38,011 [pool-1-thread-1] DEBUG [AbstractBeanFactory.java:246] Returning cached instance of singleton bean &apos;org.springframework.aop.support.DefaultBeanFactoryPointcutAdvisor#0&apos;
2013-08-30 10:34:38,011 [pool-1-thread-1] DEBUG [AbstractBeanFactory.java:246] Returning cached instance of singleton bean &apos;org.springframework.aop.support.DefaultBeanFactoryPointcutAdvisor#1&apos;
2013-08-30 10:34:38,016 [pool-1-thread-1] DEBUG [AutowiredAnnotationBeanPostProcessor.java:433] Autowiring by type from bean name &apos;aircraftService&apos; to bean named &apos;aircraftDao&apos;
2013-08-30 10:34:38,016 [pool-1-thread-1] DEBUG [AbstractBeanFactory.java:246] Returning cached instance of singleton bean &apos;org.springframework.aop.support.DefaultBeanFactoryPointcutAdvisor#0&apos;
2013-08-30 10:34:38,016 [pool-1-thread-1] DEBUG [AbstractBeanFactory.java:246] Returning cached instance of singleton bean &apos;org.springframework.aop.support.DefaultBeanFactoryPointcutAdvisor#1&apos;
2013-08-30 10:34:38,016 [pool-1-thread-1] DEBUG [AbstractBeanFactory.java:246] Returning cached instance of singleton bean &apos;org.springframework.aop.support.DefaultBeanFactoryPointcutAdvisor#0&apos;
2013-08-30 10:34:38,016 [pool-1-thread-1] DEBUG [AbstractBeanFactory.java:246] Returning cached instance of singleton bean &apos;org.springframework.aop.support.DefaultBeanFactoryPointcutAdvisor#1&apos;
2013-08-30 10:34:38,018 [pool-1-thread-1] DEBUG [AbstractBeanFactory.java:246] Returning cached instance of singleton bean &apos;txAdvice&apos;
2013-08-30 10:34:38,019 [pool-1-thread-1] DEBUG [AbstractBeanFactory.java:246] Returning cached instance of singleton bean &apos;txAdvice&apos;
2013-08-30 10:34:38,026 [pool-1-thread-1] DEBUG [AbstractAutoProxyCreator.java:538] Creating implicit proxy for bean &apos;aircraftService&apos; with 0 common interceptors and 3 specific interceptors
2013-08-30 10:34:38,032 [pool-1-thread-1] DEBUG [CglibAopProxy.java:155] Creating CGLIB proxy: target source is SingletonTargetSource for target object [com.qingzhou.app.client.service.AircraftService@176de14]
2013-08-30 10:34:38,080 [pool-1-thread-1] DEBUG [CglibAopProxy.java:808] Unable to apply any optimisations to advised method: public int com.qingzhou.app.client.service.AircraftService.modify(com.qingzhou.app.client.domain.Aircraft)
2013-08-30 10:34:38,081 [pool-1-thread-1] DEBUG [CglibAopProxy.java:808] Unable to apply any optimisations to advised method: public int com.qingzhou.app.client.service.AircraftService.deleteByPKs(java.lang.String[])
2013-08-30 10:34:38,081 [pool-1-thread-1] DEBUG [CglibAopProxy.java:808] Unable to apply any optimisations to advised method: public void com.qingzhou.app.client.service.AircraftService.setAircraftDao(com.qingzhou.app.client.dao.AircraftDao)
2013-08-30 10:34:38,081 [pool-1-thread-1] DEBUG [CglibAopProxy.java:808] Unable to apply any optimisations to advised method: public com.qingzhou.app.client.domain.Aircraft com.qingzhou.app.client.service.AircraftService.queryByPK(com.qingzhou.app.client.domain.Aircraft)
2013-08-30 10:34:38,082 [pool-1-thread-1] DEBUG [CglibAopProxy.java:808] Unable to apply any optimisations to advised method: public java.lang.Integer com.qingzhou.app.client.service.AircraftService.count(java.lang.Object)
2013-08-30 10:34:38,082 [pool-1-thread-1] DEBUG [CglibAopProxy.java:808] Unable to apply any optimisations to advised method: public java.lang.Integer com.qingzhou.app.client.service.AircraftService.count(com.qingzhou.app.client.domain.Aircraft)
2013-08-30 10:34:38,082 [pool-1-thread-1] DEBUG [CglibAopProxy.java:808] Unable to apply any optimisations to advised method: public int com.qingzhou.app.client.service.AircraftService.create(com.qingzhou.app.client.domain.Aircraft)
2013-08-30 10:34:38,083 [pool-1-thread-1] DEBUG [CglibAopProxy.java:808] Unable to apply any optimisations to advised method: public java.util.List com.qingzhou.app.client.service.AircraftService.select(java.lang.Object)
2013-08-30 10:34:38,083 [pool-1-thread-1] DEBUG [CglibAopProxy.java:808] Unable to apply any optimisations to advised method: public java.util.List com.qingzhou.app.client.service.AircraftService.select(com.qingzhou.app.client.domain.Aircraft)
2013-08-30 10:34:38,083 [pool-1-thread-1] DEBUG [CglibAopProxy.java:808] Unable to apply any optimisations to advised method: protected java.lang.Class com.qingzhou.core.service.BaseService.getEntityClass()
2013-08-30 10:34:38,083 [pool-1-thread-1] DEBUG [CglibAopProxy.java:759] Found finalize() method - using NO_OVERRIDE
2013-08-30 10:34:38,083 [pool-1-thread-1] DEBUG [CglibAopProxy.java:771] Found &apos;equals&apos; method: public boolean java.lang.Object.equals(java.lang.Object)
2013-08-30 10:34:38,084 [pool-1-thread-1] DEBUG [CglibAopProxy.java:808] Unable to apply any optimisations to advised method: public java.lang.String java.lang.Object.toString()
2013-08-30 10:34:38,084 [pool-1-thread-1] DEBUG [CglibAopProxy.java:776] Found &apos;hashCode&apos; method: public native int java.lang.Object.hashCode()
2013-08-30 10:34:38,084 [pool-1-thread-1] DEBUG [CglibAopProxy.java:808] Unable to apply any optimisations to advised method: protected native java.lang.Object java.lang.Object.clone() throws java.lang.CloneNotSupportedException
2013-08-30 10:34:38,084 [pool-1-thread-1] DEBUG [CglibAopProxy.java:765] Method is declared on Advised interface: public abstract boolean org.springframework.aop.framework.Advised.isFrozen()
2013-08-30 10:34:38,084 [pool-1-thread-1] DEBUG [CglibAopProxy.java:765] Method is declared on Advised interface: public abstract org.springframework.aop.TargetSource org.springframework.aop.framework.Advised.getTargetSource()
2013-08-30 10:34:38,084 [pool-1-thread-1] DEBUG [CglibAopProxy.java:765] Method is declared on Advised interface: public abstract void org.springframework.aop.framework.Advised.addAdvisor(org.springframework.aop.Advisor) throws org.springframework.aop.framework.AopConfigException
2013-08-30 10:34:38,085 [pool-1-thread-1] DEBUG [CglibAopProxy.java:765] Method is declared on Advised interface: public abstract void org.springframework.aop.framework.Advised.addAdvisor(int,org.springframework.aop.Advisor) throws org.springframework.aop.framework.AopConfigException
2013-08-30 10:34:38,085 [pool-1-thread-1] DEBUG [CglibAopProxy.java:765] Method is declared on Advised interface: public abstract void org.springframework.aop.framework.Advised.setTargetSource(org.springframework.aop.TargetSource)
2013-08-30 10:34:38,085 [pool-1-thread-1] DEBUG [CglibAopProxy.java:765] Method is declared on Advised interface: public abstract void org.springframework.aop.framework.Advised.setPreFiltered(boolean)
2013-08-30 10:34:38,085 [pool-1-thread-1] DEBUG [CglibAopProxy.java:765] Method is declared on Advised interface: public abstract boolean org.springframework.aop.framework.Advised.isProxyTargetClass()
2013-08-30 10:34:38,085 [pool-1-thread-1] DEBUG [CglibAopProxy.java:765] Method is declared on Advised interface: public abstract void org.springframework.aop.framework.Advised.setExposeProxy(boolean)
2013-08-30 10:34:38,085 [pool-1-thread-1] DEBUG [CglibAopProxy.java:765] Method is declared on Advised interface: public abstract boolean org.springframework.aop.framework.Advised.isExposeProxy()
2013-08-30 10:34:38,085 [pool-1-thread-1] DEBUG [CglibAopProxy.java:765] Method is declared on Advised interface: public abstract void org.springframework.aop.framework.Advised.addAdvice(int,org.aopalliance.aop.Advice) throws org.springframework.aop.framework.AopConfigException
2013-08-30 10:34:38,085 [pool-1-thread-1] DEBUG [CglibAopProxy.java:765] Method is declared on Advised interface: public abstract void org.springframework.aop.framework.Advised.addAdvice(org.aopalliance.aop.Advice) throws org.springframework.aop.framework.AopConfigException
2013-08-30 10:34:38,086 [pool-1-thread-1] DEBUG [CglibAopProxy.java:765] Method is declared on Advised interface: public abstract boolean org.springframework.aop.framework.Advised.isPreFiltered()
2013-08-30 10:34:38,086 [pool-1-thread-1] DEBUG [CglibAopProxy.java:765] Method is declared on Advised interface: public abstract java.lang.Class[] org.springframework.aop.framework.Advised.getProxiedInterfaces()
2013-08-30 10:34:38,086 [pool-1-thread-1] DEBUG [CglibAopProxy.java:765] Method is declared on Advised interface: public abstract boolean org.springframework.aop.framework.Advised.isInterfaceProxied(java.lang.Class)
2013-08-30 10:34:38,086 [pool-1-thread-1] DEBUG [CglibAopProxy.java:765] Method is declared on Advised interface: public abstract org.springframework.aop.Advisor[] org.springframework.aop.framework.Advised.getAdvisors()
2013-08-30 10:34:38,086 [pool-1-thread-1] DEBUG [CglibAopProxy.java:765] Method is declared on Advised interface: public abstract void org.springframework.aop.framework.Advised.removeAdvisor(int) throws org.springframework.aop.framework.AopConfigException
2013-08-30 10:34:38,086 [pool-1-thread-1] DEBUG [CglibAopProxy.java:765] Method is declared on Advised interface: public abstract boolean org.springframework.aop.framework.Advised.removeAdvisor(org.springframework.aop.Advisor)
2013-08-30 10:34:38,086 [pool-1-thread-1] DEBUG [CglibAopProxy.java:765] Method is declared on Advised interface: public abstract boolean org.springframework.aop.framework.Advised.replaceAdvisor(org.springframework.aop.Advisor,org.springframework.aop.Advisor) throws org.springframework.aop.framework.AopConfigException
2013-08-30 10:34:38,087 [pool-1-thread-1] DEBUG [CglibAopProxy.java:765] Method is declared on Advised interface: public abstract boolean org.springframework.aop.framework.Advised.removeAdvice(org.aopalliance.aop.Advice)
2013-08-30 10:34:38,087 [pool-1-thread-1] DEBUG [CglibAopProxy.java:765] Method is declared on Advised interface: public abstract java.lang.String org.springframework.aop.framework.Advised.toProxyConfigString()
2013-08-30 10:34:38,087 [pool-1-thread-1] DEBUG [CglibAopProxy.java:765] Method is declared on Advised interface: public abstract int org.springframework.aop.framework.Advised.indexOf(org.aopalliance.aop.Advice)
2013-08-30 10:34:38,087 [pool-1-thread-1] DEBUG [CglibAopProxy.java:765] Method is declared on Advised interface: public abstract int org.springframework.aop.framework.Advised.indexOf(org.springframework.aop.Advisor)
2013-08-30 10:34:38,087 [pool-1-thread-1] DEBUG [CglibAopProxy.java:765] Method is declared on Advised interface: public abstract java.lang.Class org.springframework.aop.TargetClassAware.getTargetClass()
2013-08-30 10:34:38,107 [pool-1-thread-1] DEBUG [AbstractAutowireCapableBeanFactory.java:463] Finished creating instance of bean &apos;aircraftService&apos;
2013-08-30 10:34:38,107 [pool-1-thread-1] DEBUG [DefaultSingletonBeanRegistry.java:215] Creating shared instance of singleton bean &apos;contractService&apos;
2013-08-30 10:34:38,107 [pool-1-thread-1] DEBUG [AbstractAutowireCapableBeanFactory.java:435] Creating instance of bean &apos;contractService&apos;
2013-08-30 10:34:38,107 [pool-1-thread-1] DEBUG [AbstractBeanFactory.java:246] Returning cached instance of singleton bean &apos;org.springframework.aop.support.DefaultBeanFactoryPointcutAdvisor#0&apos;
2013-08-30 10:34:38,107 [pool-1-thread-1] DEBUG [AbstractBeanFactory.java:246] Returning cached instance of singleton bean &apos;org.springframework.aop.support.DefaultBeanFactoryPointcutAdvisor#1&apos;
2013-08-30 10:34:38,108 [pool-1-thread-1] DEBUG [InjectionMetadata.java:71] Registered injected element on class [com.qingzhou.app.client.service.ContractService]: AutowiredFieldElement for private com.qingzhou.app.client.dao.ContractDao com.qingzhou.app.client.service.ContractService.contractDao
2013-08-30 10:34:38,108 [pool-1-thread-1] DEBUG [AbstractAutowireCapableBeanFactory.java:509] Eagerly caching bean &apos;contractService&apos; to allow for resolving potential circular references
2013-08-30 10:34:38,110 [pool-1-thread-1] DEBUG [InjectionMetadata.java:85] Processing injected method of bean &apos;contractService&apos;: AutowiredFieldElement for private com.qingzhou.app.client.dao.ContractDao com.qingzhou.app.client.service.ContractService.contractDao
2013-08-30 10:34:38,110 [pool-1-thread-1] DEBUG [AbstractBeanFactory.java:246] Returning cached instance of singleton bean &apos;contractDao&apos;
2013-08-30 10:34:38,111 [pool-1-thread-1] DEBUG [AbstractBeanFactory.java:246] Returning cached instance of singleton bean &apos;org.springframework.aop.support.DefaultBeanFactoryPointcutAdvisor#0&apos;
2013-08-30 10:34:38,111 [pool-1-thread-1] DEBUG [AbstractBeanFactory.java:246] Returning cached instance of singleton bean &apos;org.springframework.aop.support.DefaultBeanFactoryPointcutAdvisor#1&apos;
2013-08-30 10:34:38,111 [pool-1-thread-1] DEBUG [AbstractBeanFactory.java:246] Returning cached instance of singleton bean &apos;org.springframework.aop.support.DefaultBeanFactoryPointcutAdvisor#0&apos;
2013-08-30 10:34:38,111 [pool-1-thread-1] DEBUG [AbstractBeanFactory.java:246] Returning cached instance of singleton bean &apos;org.springframework.aop.support.DefaultBeanFactoryPointcutAdvisor#1&apos;
2013-08-30 10:34:38,114 [pool-1-thread-1] DEBUG [AutowiredAnnotationBeanPostProcessor.java:433] Autowiring by type from bean name &apos;contractService&apos; to bean named &apos;contractDao&apos;
2013-08-30 10:34:38,114 [pool-1-thread-1] DEBUG [AbstractBeanFactory.java:246] Returning cached instance of singleton bean &apos;org.springframework.aop.support.DefaultBeanFactoryPointcutAdvisor#0&apos;
2013-08-30 10:34:38,114 [pool-1-thread-1] DEBUG [AbstractBeanFactory.java:246] Returning cached instance of singleton bean &apos;org.springframework.aop.support.DefaultBeanFactoryPointcutAdvisor#1&apos;
2013-08-30 10:34:38,114 [pool-1-thread-1] DEBUG [AbstractBeanFactory.java:246] Returning cached instance of singleton bean &apos;org.springframework.aop.support.DefaultBeanFactoryPointcutAdvisor#0&apos;
2013-08-30 10:34:38,114 [pool-1-thread-1] DEBUG [AbstractBeanFactory.java:246] Returning cached instance of singleton bean &apos;org.springframework.aop.support.DefaultBeanFactoryPointcutAdvisor#1&apos;
2013-08-30 10:34:38,115 [pool-1-thread-1] DEBUG [AbstractAutoProxyCreator.java:538] Creating implicit proxy for bean &apos;contractService&apos; with 0 common interceptors and 3 specific interceptors
2013-08-30 10:34:38,115 [pool-1-thread-1] DEBUG [CglibAopProxy.java:155] Creating CGLIB proxy: target source is SingletonTargetSource for target object [com.qingzhou.app.client.service.ContractService@8d5aad]
2013-08-30 10:34:38,116 [pool-1-thread-1] DEBUG [CglibAopProxy.java:808] Unable to apply any optimisations to advised method: public com.qingzhou.app.client.domain.Contract com.qingzhou.app.client.service.ContractService.selectByCustomer(com.qingzhou.app.client.domain.Contract)
2013-08-30 10:34:38,116 [pool-1-thread-1] DEBUG [CglibAopProxy.java:808] Unable to apply any optimisations to advised method: public java.util.List com.qingzhou.app.client.service.ContractService.listContractDiscount(com.qingzhou.app.client.domain.Contract)
2013-08-30 10:34:38,116 [pool-1-thread-1] DEBUG [CglibAopProxy.java:808] Unable to apply any optimisations to advised method: public void com.qingzhou.app.client.service.ContractService.setContractDao(com.qingzhou.app.client.dao.ContractDao)
2013-08-30 10:34:38,117 [pool-1-thread-1] DEBUG [CglibAopProxy.java:808] Unable to apply any optimisations to advised method: public java.lang.Integer com.qingzhou.app.client.service.ContractService.count(java.lang.Object)
2013-08-30 10:34:38,117 [pool-1-thread-1] DEBUG [CglibAopProxy.java:808] Unable to apply any optimisations to advised method: public java.util.List com.qingzhou.app.client.service.ContractService.select(java.lang.Object)
2013-08-30 10:34:38,117 [pool-1-thread-1] DEBUG [CglibAopProxy.java:808] Unable to apply any optimisations to advised method: protected java.lang.Class com.qingzhou.core.service.BaseService.getEntityClass()
2013-08-30 10:34:38,118 [pool-1-thread-1] DEBUG [CglibAopProxy.java:759] Found finalize() method - using NO_OVERRIDE
2013-08-30 10:34:38,118 [pool-1-thread-1] DEBUG [CglibAopProxy.java:771] Found &apos;equals&apos; method: public boolean java.lang.Object.equals(java.lang.Object)
2013-08-30 10:34:38,118 [pool-1-thread-1] DEBUG [CglibAopProxy.java:808] Unable to apply any optimisations to advised method: public java.lang.String java.lang.Object.toString()
2013-08-30 10:34:38,118 [pool-1-thread-1] DEBUG [CglibAopProxy.java:776] Found &apos;hashCode&apos; method: public native int java.lang.Object.hashCode()
2013-08-30 10:34:38,118 [pool-1-thread-1] DEBUG [CglibAopProxy.java:808] Unable to apply any optimisations to advised method: protected native java.lang.Object java.lang.Object.clone() throws java.lang.CloneNotSupportedException
2013-08-30 10:34:38,118 [pool-1-thread-1] DEBUG [CglibAopProxy.java:765] Method is declared on Advised interface: public abstract boolean org.springframework.aop.framework.Advised.isFrozen()
2013-08-30 10:34:38,119 [pool-1-thread-1] DEBUG [CglibAopProxy.java:765] Method is declared on Advised interface: public abstract org.springframework.aop.TargetSource org.springframework.aop.framework.Advised.getTargetSource()
2013-08-30 10:34:38,119 [pool-1-thread-1] DEBUG [CglibAopProxy.java:765] Method is declared on Advised interface: public abstract void org.springframework.aop.framework.Advised.addAdvisor(org.springframework.aop.Advisor) throws org.springframework.aop.framework.AopConfigException
2013-08-30 10:34:38,119 [pool-1-thread-1] DEBUG [CglibAopProxy.java:765] Method is declared on Advised interface: public abstract void org.springframework.aop.framework.Advised.addAdvisor(int,org.springframework.aop.Advisor) throws org.springframework.aop.framework.AopConfigException
2013-08-30 10:34:38,119 [pool-1-thread-1] DEBUG [CglibAopProxy.java:765] Method is declared on Advised interface: public abstract void org.springframework.aop.framework.Advised.setTargetSource(org.springframework.aop.TargetSource)
2013-08-30 10:34:38,119 [pool-1-thread-1] DEBUG [CglibAopProxy.java:765] Method is declared on Advised interface: public abstract void org.springframework.aop.framework.Advised.setPreFiltered(boolean)
2013-08-30 10:34:38,119 [pool-1-thread-1] DEBUG [CglibAopProxy.java:765] Method is declared on Advised interface: public abstract boolean org.springframework.aop.framework.Advised.isProxyTargetClass()
2013-08-30 10:34:38,120 [pool-1-thread-1] DEBUG [CglibAopProxy.java:765] Method is declared on Advised interface: public abstract void org.springframework.aop.framework.Advised.setExposeProxy(boolean)
2013-08-30 10:34:38,120 [pool-1-thread-1] DEBUG [CglibAopProxy.java:765] Method is declared on Advised interface: public abstract boolean org.springframework.aop.framework.Advised.isExposeProxy()
2013-08-30 10:34:38,120 [pool-1-thread-1] DEBUG [CglibAopProxy.java:765] Method is declared on Advised interface: public abstract void org.springframework.aop.framework.Advised.addAdvice(int,org.aopalliance.aop.Advice) throws org.springframework.aop.framework.AopConfigException
2013-08-30 10:34:38,120 [pool-1-thread-1] DEBUG [CglibAopProxy.java:765] Method is declared on Advised interface: public abstract void org.springframework.aop.framework.Advised.addAdvice(org.aopalliance.aop.Advice) throws org.springframework.aop.framework.AopConfigException
2013-08-30 10:34:38,120 [pool-1-thread-1] DEBUG [CglibAopProxy.java:765] Method is declared on Advised interface: public abstract boolean org.springframework.aop.framework.Advised.isPreFiltered()
2013-08-30 10:34:38,120 [pool-1-thread-1] DEBUG [CglibAopProxy.java:765] Method is declared on Advised interface: public abstract java.lang.Class[] org.springframework.aop.framework.Advised.getProxiedInterfaces()
2013-08-30 10:34:38,120 [pool-1-thread-1] DEBUG [CglibAopProxy.java:765] Method is declared on Advised interface: public abstract boolean org.springframework.aop.framework.Advised.isInterfaceProxied(java.lang.Class)
2013-08-30 10:34:38,121 [pool-1-thread-1] DEBUG [CglibAopProxy.java:765] Method is declared on Advised interface: public abstract org.springframework.aop.Advisor[] org.springframework.aop.framework.Advised.getAdvisors()
2013-08-30 10:34:38,121 [pool-1-thread-1] DEBUG [CglibAopProxy.java:765] Method is declared on Advised interface: public abstract void org.springframework.aop.framework.Advised.removeAdvisor(int) throws org.springframework.aop.framework.AopConfigException
2013-08-30 10:34:38,121 [pool-1-thread-1] DEBUG [CglibAopProxy.java:765] Method is declared on Advised interface: public abstract boolean org.springframework.aop.framework.Advised.removeAdvisor(org.springframework.aop.Advisor)
2013-08-30 10:34:38,121 [pool-1-thread-1] DEBUG [CglibAopProxy.java:765] Method is declared on Advised interface: public abstract boolean org.springframework.aop.framework.Advised.replaceAdvisor(org.springframework.aop.Advisor,org.springframework.aop.Advisor) throws org.springframework.aop.framework.AopConfigException
2013-08-30 10:34:38,121 [pool-1-thread-1] DEBUG [CglibAopProxy.java:765] Method is declared on Advised interface: public abstract boolean org.springframework.aop.framework.Advised.removeAdvice(org.aopalliance.aop.Advice)
2013-08-30 10:34:38,121 [pool-1-thread-1] DEBUG [CglibAopProxy.java:765] Method is declared on Advised interface: public abstract java.lang.String org.springframework.aop.framework.Advised.toProxyConfigString()
2013-08-30 10:34:38,121 [pool-1-thread-1] DEBUG [CglibAopProxy.java:765] Method is declared on Advised interface: public abstract int org.springframework.aop.framework.Advised.indexOf(org.aopalliance.aop.Advice)
2013-08-30 10:34:38,122 [pool-1-thread-1] DEBUG [CglibAopProxy.java:765] Method is declared on Advised interface: public abstract int org.springframework.aop.framework.Advised.indexOf(org.springframework.aop.Advisor)
2013-08-30 10:34:38,122 [pool-1-thread-1] DEBUG [CglibAopProxy.java:765] Method is declared on Advised interface: public abstract java.lang.Class org.springframework.aop.TargetClassAware.getTargetClass()
2013-08-30 10:34:38,129 [pool-1-thread-1] DEBUG [AbstractAutowireCapableBeanFactory.java:463] Finished creating instance of bean &apos;contractService&apos;
2013-08-30 10:34:38,129 [pool-1-thread-1] DEBUG [DefaultSingletonBeanRegistry.java:215] Creating shared instance of singleton bean &apos;loginStatusService&apos;
2013-08-30 10:34:38,129 [pool-1-thread-1] DEBUG [AbstractAutowireCapableBeanFactory.java:435] Creating instance of bean &apos;loginStatusService&apos;
2013-08-30 10:34:38,129 [pool-1-thread-1] DEBUG [AbstractBeanFactory.java:246] Returning cached instance of singleton bean &apos;org.springframework.aop.support.DefaultBeanFactoryPointcutAdvisor#0&apos;
2013-08-30 10:34:38,129 [pool-1-thread-1] DEBUG [AbstractBeanFactory.java:246] Returning cached instance of singleton bean &apos;org.springframework.aop.support.DefaultBeanFactoryPointcutAdvisor#1&apos;
2013-08-30 10:34:38,130 [pool-1-thread-1] DEBUG [InjectionMetadata.java:71] Registered injected element on class [com.qingzhou.app.client.service.LoginStatusService]: AutowiredFieldElement for private com.qingzhou.app.client.dao.LoginStatusDao com.qingzhou.app.client.service.LoginStatusService.loginStatusDao
2013-08-30 10:34:38,130 [pool-1-thread-1] DEBUG [AbstractAutowireCapableBeanFactory.java:509] Eagerly caching bean &apos;loginStatusService&apos; to allow for resolving potential circular references
2013-08-30 10:34:38,132 [pool-1-thread-1] DEBUG [InjectionMetadata.java:85] Processing injected method of bean &apos;loginStatusService&apos;: AutowiredFieldElement for private com.qingzhou.app.client.dao.LoginStatusDao com.qingzhou.app.client.service.LoginStatusService.loginStatusDao
2013-08-30 10:34:38,132 [pool-1-thread-1] DEBUG [AbstractBeanFactory.java:246] Returning cached instance of singleton bean &apos;loginStatusDao&apos;
2013-08-30 10:34:38,133 [pool-1-thread-1] DEBUG [AbstractBeanFactory.java:246] Returning cached instance of singleton bean &apos;org.springframework.aop.support.DefaultBeanFactoryPointcutAdvisor#0&apos;
2013-08-30 10:34:38,134 [pool-1-thread-1] DEBUG [AbstractBeanFactory.java:246] Returning cached instance of singleton bean &apos;org.springframework.aop.support.DefaultBeanFactoryPointcutAdvisor#1&apos;
2013-08-30 10:34:38,134 [pool-1-thread-1] DEBUG [AbstractBeanFactory.java:246] Returning cached instance of singleton bean &apos;org.springframework.aop.support.DefaultBeanFactoryPointcutAdvisor#0&apos;
2013-08-30 10:34:38,134 [pool-1-thread-1] DEBUG [AbstractBeanFactory.java:246] Returning cached instance of singleton bean &apos;org.springframework.aop.support.DefaultBeanFactoryPointcutAdvisor#1&apos;
2013-08-30 10:34:38,138 [pool-1-thread-1] DEBUG [AutowiredAnnotationBeanPostProcessor.java:433] Autowiring by type from bean name &apos;loginStatusService&apos; to bean named &apos;loginStatusDao&apos;
2013-08-30 10:34:38,139 [pool-1-thread-1] DEBUG [AbstractBeanFactory.java:246] Returning cached instance of singleton bean &apos;org.springframework.aop.support.DefaultBeanFactoryPointcutAdvisor#0&apos;
2013-08-30 10:34:38,139 [pool-1-thread-1] DEBUG [AbstractBeanFactory.java:246] Returning cached instance of singleton bean &apos;org.springframework.aop.support.DefaultBeanFactoryPointcutAdvisor#1&apos;
2013-08-30 10:34:38,139 [pool-1-thread-1] DEBUG [AbstractBeanFactory.java:246] Returning cached instance of singleton bean &apos;org.springframework.aop.support.DefaultBeanFactoryPointcutAdvisor#0&apos;
2013-08-30 10:34:38,139 [pool-1-thread-1] DEBUG [AbstractBeanFactory.java:246] Returning cached instance of singleton bean &apos;org.springframework.aop.support.DefaultBeanFactoryPointcutAdvisor#1&apos;
2013-08-30 10:34:38,140 [pool-1-thread-1] DEBUG [AbstractAutoProxyCreator.java:538] Creating implicit proxy for bean &apos;loginStatusService&apos; with 0 common interceptors and 3 specific interceptors
2013-08-30 10:34:38,140 [pool-1-thread-1] DEBUG [CglibAopProxy.java:155] Creating CGLIB proxy: target source is SingletonTargetSource for target object [com.qingzhou.app.client.service.LoginStatusService@1d4340c]
2013-08-30 10:34:38,142 [pool-1-thread-1] DEBUG [CglibAopProxy.java:808] Unable to apply any optimisations to advised method: public int com.qingzhou.app.client.service.LoginStatusService.modify(com.qingzhou.app.client.domain.LoginStatus)
2013-08-30 10:34:38,142 [pool-1-thread-1] DEBUG [CglibAopProxy.java:808] Unable to apply any optimisations to advised method: public int com.qingzhou.app.client.service.LoginStatusService.deleteByPKs(com.qingzhou.app.client.domain.LoginStatus)
2013-08-30 10:34:38,142 [pool-1-thread-1] DEBUG [CglibAopProxy.java:808] Unable to apply any optimisations to advised method: public com.qingzhou.app.client.domain.LoginStatus com.qingzhou.app.client.service.LoginStatusService.queryByPK(com.qingzhou.app.client.domain.LoginStatus)
2013-08-30 10:34:38,143 [pool-1-thread-1] DEBUG [CglibAopProxy.java:808] Unable to apply any optimisations to advised method: public void com.qingzhou.app.client.service.LoginStatusService.setLoginStatusDao(com.qingzhou.app.client.dao.LoginStatusDao)
2013-08-30 10:34:38,144 [pool-1-thread-1] DEBUG [CglibAopProxy.java:808] Unable to apply any optimisations to advised method: public java.lang.Integer com.qingzhou.app.client.service.LoginStatusService.count(com.qingzhou.app.client.domain.LoginStatus)
2013-08-30 10:34:38,144 [pool-1-thread-1] DEBUG [CglibAopProxy.java:808] Unable to apply any optimisations to advised method: public java.lang.Integer com.qingzhou.app.client.service.LoginStatusService.count(java.lang.Object)
2013-08-30 10:34:38,144 [pool-1-thread-1] DEBUG [CglibAopProxy.java:808] Unable to apply any optimisations to advised method: public com.qingzhou.app.client.domain.UserBase com.qingzhou.app.client.service.LoginStatusService.create(com.qingzhou.app.client.domain.LoginStatus)
2013-08-30 10:34:38,144 [pool-1-thread-1] DEBUG [CglibAopProxy.java:808] Unable to apply any optimisations to advised method: public java.util.List com.qingzhou.app.client.service.LoginStatusService.select(java.lang.Object)
2013-08-30 10:34:38,145 [pool-1-thread-1] DEBUG [CglibAopProxy.java:808] Unable to apply any optimisations to advised method: public java.util.List com.qingzhou.app.client.service.LoginStatusService.select(com.qingzhou.app.client.domain.LoginStatus)
2013-08-30 10:34:38,145 [pool-1-thread-1] DEBUG [CglibAopProxy.java:808] Unable to apply any optimisations to advised method: protected java.lang.Class com.qingzhou.core.service.BaseService.getEntityClass()
2013-08-30 10:34:38,145 [pool-1-thread-1] DEBUG [CglibAopProxy.java:759] Found finalize() method - using NO_OVERRIDE
2013-08-30 10:34:38,145 [pool-1-thread-1] DEBUG [CglibAopProxy.java:771] Found &apos;equals&apos; method: public boolean java.lang.Object.equals(java.lang.Object)
2013-08-30 10:34:38,145 [pool-1-thread-1] DEBUG [CglibAopProxy.java:808] Unable to apply any optimisations to advised method: public java.lang.String java.lang.Object.toString()
2013-08-30 10:34:38,145 [pool-1-thread-1] DEBUG [CglibAopProxy.java:776] Found &apos;hashCode&apos; method: public native int java.lang.Object.hashCode()
2013-08-30 10:34:38,146 [pool-1-thread-1] DEBUG [CglibAopProxy.java:808] Unable to apply any optimisations to advised method: protected native java.lang.Object java.lang.Object.clone() throws java.lang.CloneNotSupportedException
2013-08-30 10:34:38,146 [pool-1-thread-1] DEBUG [CglibAopProxy.java:765] Method is declared on Advised interface: public abstract boolean org.springframework.aop.framework.Advised.isFrozen()
2013-08-30 10:34:38,146 [pool-1-thread-1] DEBUG [CglibAopProxy.java:765] Method is declared on Advised interface: public abstract org.springframework.aop.TargetSource org.springframework.aop.framework.Advised.getTargetSource()
2013-08-30 10:34:38,146 [pool-1-thread-1] DEBUG [CglibAopProxy.java:765] Method is declared on Advised interface: public abstract void org.springframework.aop.framework.Advised.addAdvisor(org.springframework.aop.Advisor) throws org.springframework.aop.framework.AopConfigException
2013-08-30 10:34:38,146 [pool-1-thread-1] DEBUG [CglibAopProxy.java:765] Method is declared on Advised interface: public abstract void org.springframework.aop.framework.Advised.addAdvisor(int,org.springframework.aop.Advisor) throws org.springframework.aop.framework.AopConfigException
2013-08-30 10:34:38,146 [pool-1-thread-1] DEBUG [CglibAopProxy.java:765] Method is declared on Advised interface: public abstract void org.springframework.aop.framework.Advised.setTargetSource(org.springframework.aop.TargetSource)
2013-08-30 10:34:38,147 [pool-1-thread-1] DEBUG [CglibAopProxy.java:765] Method is declared on Advised interface: public abstract void org.springframework.aop.framework.Advised.setPreFiltered(boolean)
2013-08-30 10:34:38,147 [pool-1-thread-1] DEBUG [CglibAopProxy.java:765] Method is declared on Advised interface: public abstract boolean org.springframework.aop.framework.Advised.isProxyTargetClass()
2013-08-30 10:34:38,147 [pool-1-thread-1] DEBUG [CglibAopProxy.java:765] Method is declared on Advised interface: public abstract void org.springframework.aop.framework.Advised.setExposeProxy(boolean)
2013-08-30 10:34:38,147 [pool-1-thread-1] DEBUG [CglibAopProxy.java:765] Method is declared on Advised interface: public abstract boolean org.springframework.aop.framework.Advised.isExposeProxy()
2013-08-30 10:34:38,147 [pool-1-thread-1] DEBUG [CglibAopProxy.java:765] Method is declared on Advised interface: public abstract void org.springframework.aop.framework.Advised.addAdvice(int,org.aopalliance.aop.Advice) throws org.springframework.aop.framework.AopConfigException
2013-08-30 10:34:38,147 [pool-1-thread-1] DEBUG [CglibAopProxy.java:765] Method is declared on Advised interface: public abstract void org.springframework.aop.framework.Advised.addAdvice(org.aopalliance.aop.Advice) throws org.springframework.aop.framework.AopConfigException
2013-08-30 10:34:38,147 [pool-1-thread-1] DEBUG [CglibAopProxy.java:765] Method is declared on Advised interface: public abstract boolean org.springframework.aop.framework.Advised.isPreFiltered()
2013-08-30 10:34:38,147 [pool-1-thread-1] DEBUG [CglibAopProxy.java:765] Method is declared on Advised interface: public abstract java.lang.Class[] org.springframework.aop.framework.Advised.getProxiedInterfaces()
2013-08-30 10:34:38,148 [pool-1-thread-1] DEBUG [CglibAopProxy.java:765] Method is declared on Advised interface: public abstract boolean org.springframework.aop.framework.Advised.isInterfaceProxied(java.lang.Class)
2013-08-30 10:34:38,148 [pool-1-thread-1] DEBUG [CglibAopProxy.java:765] Method is declared on Advised interface: public abstract org.springframework.aop.Advisor[] org.springframework.aop.framework.Advised.getAdvisors()
2013-08-30 10:34:38,148 [pool-1-thread-1] DEBUG [CglibAopProxy.java:765] Method is declared on Advised interface: public abstract void org.springframework.aop.framework.Advised.removeAdvisor(int) throws org.springframework.aop.framework.AopConfigException
2013-08-30 10:34:38,148 [pool-1-thread-1] DEBUG [CglibAopProxy.java:765] Method is declared on Advised interface: public abstract boolean org.springframework.aop.framework.Advised.removeAdvisor(org.springframework.aop.Advisor)
2013-08-30 10:34:38,148 [pool-1-thread-1] DEBUG [CglibAopProxy.java:765] Method is declared on Advised interface: public abstract boolean org.springframework.aop.framework.Advised.replaceAdvisor(org.springframework.aop.Advisor,org.springframework.aop.Advisor) throws org.springframework.aop.framework.AopConfigException
2013-08-30 10:34:38,148 [pool-1-thread-1] DEBUG [CglibAopProxy.java:765] Method is declared on Advised interface: public abstract boolean org.springframework.aop.framework.Advised.removeAdvice(org.aopalliance.aop.Advice)
2013-08-30 10:34:38,148 [pool-1-thread-1] DEBUG [CglibAopProxy.java:765] Method is declared on Advised interface: public abstract java.lang.String org.springframework.aop.framework.Advised.toProxyConfigString()
2013-08-30 10:34:38,148 [pool-1-thread-1] DEBUG [CglibAopProxy.java:765] Method is declared on Advised interface: public abstract int org.springframework.aop.framework.Advised.indexOf(org.aopalliance.aop.Advice)
2013-08-30 10:34:38,149 [pool-1-thread-1] DEBUG [CglibAopProxy.java:765] Method is declared on Advised interface: public abstract int org.springframework.aop.framework.Advised.indexOf(org.springframework.aop.Advisor)
2013-08-30 10:34:38,149 [pool-1-thread-1] DEBUG [CglibAopProxy.java:765] Method is declared on Advised interface: public abstract java.lang.Class org.springframework.aop.TargetClassAware.getTargetClass()
2013-08-30 10:34:38,157 [pool-1-thread-1] DEBUG [AbstractAutowireCapableBeanFactory.java:463] Finished creating instance of bean &apos;loginStatusService&apos;
2013-08-30 10:34:38,157 [pool-1-thread-1] DEBUG [DefaultSingletonBeanRegistry.java:215] Creating shared instance of singleton bean &apos;projectPlanService&apos;
2013-08-30 10:34:38,157 [pool-1-thread-1] DEBUG [AbstractAutowireCapableBeanFactory.java:435] Creating instance of bean &apos;projectPlanService&apos;
2013-08-30 10:34:38,157 [pool-1-thread-1] DEBUG [AbstractBeanFactory.java:246] Returning cached instance of singleton bean &apos;org.springframework.aop.support.DefaultBeanFactoryPointcutAdvisor#0&apos;
2013-08-30 10:34:38,157 [pool-1-thread-1] DEBUG [AbstractBeanFactory.java:246] Returning cached instance of singleton bean &apos;org.springframework.aop.support.DefaultBeanFactoryPointcutAdvisor#1&apos;
2013-08-30 10:34:38,158 [pool-1-thread-1] DEBUG [InjectionMetadata.java:71] Registered injected element on class [com.qingzhou.app.client.service.ProjectPlanService]: AutowiredFieldElement for private com.qingzhou.app.client.dao.ProjectPlanDao com.qingzhou.app.client.service.ProjectPlanService.projectPlanDao
2013-08-30 10:34:38,158 [pool-1-thread-1] DEBUG [InjectionMetadata.java:71] Registered injected element on class [com.qingzhou.app.client.service.ProjectPlanService]: AutowiredFieldElement for private com.qingzhou.app.client.dao.RestCommonDao com.qingzhou.app.client.service.ProjectPlanService.restCommonDao
2013-08-30 10:34:38,158 [pool-1-thread-1] DEBUG [AbstractAutowireCapableBeanFactory.java:509] Eagerly caching bean &apos;projectPlanService&apos; to allow for resolving potential circular references
2013-08-30 10:34:38,160 [pool-1-thread-1] DEBUG [InjectionMetadata.java:85] Processing injected method of bean &apos;projectPlanService&apos;: AutowiredFieldElement for private com.qingzhou.app.client.dao.ProjectPlanDao com.qingzhou.app.client.service.ProjectPlanService.projectPlanDao
2013-08-30 10:34:38,160 [pool-1-thread-1] DEBUG [AbstractBeanFactory.java:246] Returning cached instance of singleton bean &apos;projectPlanDao&apos;
2013-08-30 10:34:38,161 [pool-1-thread-1] DEBUG [AbstractBeanFactory.java:246] Returning cached instance of singleton bean &apos;org.springframework.aop.support.DefaultBeanFactoryPointcutAdvisor#0&apos;
2013-08-30 10:34:38,165 [pool-1-thread-1] DEBUG [AbstractBeanFactory.java:246] Returning cached instance of singleton bean &apos;org.springframework.aop.support.DefaultBeanFactoryPointcutAdvisor#1&apos;
2013-08-30 10:34:38,165 [pool-1-thread-1] DEBUG [AbstractBeanFactory.java:246] Returning cached instance of singleton bean &apos;org.springframework.aop.support.DefaultBeanFactoryPointcutAdvisor#0&apos;
2013-08-30 10:34:38,165 [pool-1-thread-1] DEBUG [AbstractBeanFactory.java:246] Returning cached instance of singleton bean &apos;org.springframework.aop.support.DefaultBeanFactoryPointcutAdvisor#1&apos;
2013-08-30 10:34:38,169 [pool-1-thread-1] DEBUG [AutowiredAnnotationBeanPostProcessor.java:433] Autowiring by type from bean name &apos;projectPlanService&apos; to bean named &apos;projectPlanDao&apos;
2013-08-30 10:34:38,169 [pool-1-thread-1] DEBUG [InjectionMetadata.java:85] Processing injected method of bean &apos;projectPlanService&apos;: AutowiredFieldElement for private com.qingzhou.app.client.dao.RestCommonDao com.qingzhou.app.client.service.ProjectPlanService.restCommonDao
2013-08-30 10:34:38,170 [pool-1-thread-1] DEBUG [AbstractBeanFactory.java:246] Returning cached instance of singleton bean &apos;restCommonDao&apos;
2013-08-30 10:34:38,171 [pool-1-thread-1] DEBUG [AbstractBeanFactory.java:246] Returning cached instance of singleton bean &apos;org.springframework.aop.support.DefaultBeanFactoryPointcutAdvisor#0&apos;
2013-08-30 10:34:38,171 [pool-1-thread-1] DEBUG [AbstractBeanFactory.java:246] Returning cached instance of singleton bean &apos;org.springframework.aop.support.DefaultBeanFactoryPointcutAdvisor#1&apos;
2013-08-30 10:34:38,172 [pool-1-thread-1] DEBUG [AbstractBeanFactory.java:246] Returning cached instance of singleton bean &apos;org.springframework.aop.support.DefaultBeanFactoryPointcutAdvisor#0&apos;
2013-08-30 10:34:38,172 [pool-1-thread-1] DEBUG [AbstractBeanFactory.java:246] Returning cached instance of singleton bean &apos;org.springframework.aop.support.DefaultBeanFactoryPointcutAdvisor#1&apos;
2013-08-30 10:34:38,173 [pool-1-thread-1] DEBUG [AutowiredAnnotationBeanPostProcessor.java:433] Autowiring by type from bean name &apos;projectPlanService&apos; to bean named &apos;restCommonDao&apos;
2013-08-30 10:34:38,173 [pool-1-thread-1] DEBUG [AbstractBeanFactory.java:246] Returning cached instance of singleton bean &apos;org.springframework.aop.support.DefaultBeanFactoryPointcutAdvisor#0&apos;
2013-08-30 10:34:38,174 [pool-1-thread-1] DEBUG [AbstractBeanFactory.java:246] Returning cached instance of singleton bean &apos;org.springframework.aop.support.DefaultBeanFactoryPointcutAdvisor#1&apos;
2013-08-30 10:34:38,174 [pool-1-thread-1] DEBUG [AbstractBeanFactory.java:246] Returning cached instance of singleton bean &apos;org.springframework.aop.support.DefaultBeanFactoryPointcutAdvisor#0&apos;
2013-08-30 10:34:38,174 [pool-1-thread-1] DEBUG [AbstractBeanFactory.java:246] Returning cached instance of singleton bean &apos;org.springframework.aop.support.DefaultBeanFactoryPointcutAdvisor#1&apos;
2013-08-30 10:34:38,175 [pool-1-thread-1] DEBUG [AbstractAutoProxyCreator.java:538] Creating implicit proxy for bean &apos;projectPlanService&apos; with 0 common interceptors and 3 specific interceptors
2013-08-30 10:34:38,175 [pool-1-thread-1] DEBUG [CglibAopProxy.java:155] Creating CGLIB proxy: target source is SingletonTargetSource for target object [com.qingzhou.app.client.service.ProjectPlanService@842e74]
2013-08-30 10:34:38,176 [pool-1-thread-1] DEBUG [CglibAopProxy.java:808] Unable to apply any optimisations to advised method: public com.qingzhou.app.client.domain.RestProjectPlan com.qingzhou.app.client.service.ProjectPlanService.getProjectPlan(java.lang.String)
2013-08-30 10:34:38,176 [pool-1-thread-1] DEBUG [CglibAopProxy.java:808] Unable to apply any optimisations to advised method: public java.util.List com.qingzhou.app.client.service.ProjectPlanService.getPhoto(java.lang.String,java.lang.String)
2013-08-30 10:34:38,176 [pool-1-thread-1] DEBUG [CglibAopProxy.java:808] Unable to apply any optimisations to advised method: public void com.qingzhou.app.client.service.ProjectPlanService.setProjectPlanDao(com.qingzhou.app.client.dao.ProjectPlanDao)
2013-08-30 10:34:38,177 [pool-1-thread-1] DEBUG [CglibAopProxy.java:808] Unable to apply any optimisations to advised method: public void com.qingzhou.app.client.service.ProjectPlanService.setRestCommonDao(com.qingzhou.app.client.dao.RestCommonDao)
2013-08-30 10:34:38,177 [pool-1-thread-1] DEBUG [CglibAopProxy.java:808] Unable to apply any optimisations to advised method: public java.lang.Integer com.qingzhou.app.client.service.ProjectPlanService.count(java.lang.Object)
2013-08-30 10:34:38,180 [pool-1-thread-1] DEBUG [CglibAopProxy.java:808] Unable to apply any optimisations to advised method: public java.util.List com.qingzhou.app.client.service.ProjectPlanService.select(java.lang.Object)
2013-08-30 10:34:38,180 [pool-1-thread-1] DEBUG [CglibAopProxy.java:808] Unable to apply any optimisations to advised method: protected java.lang.Class com.qingzhou.core.service.BaseService.getEntityClass()
2013-08-30 10:34:38,180 [pool-1-thread-1] DEBUG [CglibAopProxy.java:759] Found finalize() method - using NO_OVERRIDE
2013-08-30 10:34:38,180 [pool-1-thread-1] DEBUG [CglibAopProxy.java:771] Found &apos;equals&apos; method: public boolean java.lang.Object.equals(java.lang.Object)
2013-08-30 10:34:38,180 [pool-1-thread-1] DEBUG [CglibAopProxy.java:808] Unable to apply any optimisations to advised method: public java.lang.String java.lang.Object.toString()
2013-08-30 10:34:38,180 [pool-1-thread-1] DEBUG [CglibAopProxy.java:776] Found &apos;hashCode&apos; method: public native int java.lang.Object.hashCode()
2013-08-30 10:34:38,181 [pool-1-thread-1] DEBUG [CglibAopProxy.java:808] Unable to apply any optimisations to advised method: protected native java.lang.Object java.lang.Object.clone() throws java.lang.CloneNotSupportedException
2013-08-30 10:34:38,181 [pool-1-thread-1] DEBUG [CglibAopProxy.java:765] Method is declared on Advised interface: public abstract boolean org.springframework.aop.framework.Advised.isFrozen()
2013-08-30 10:34:38,181 [pool-1-thread-1] DEBUG [CglibAopProxy.java:765] Method is declared on Advised interface: public abstract org.springframework.aop.TargetSource org.springframework.aop.framework.Advised.getTargetSource()
2013-08-30 10:34:38,181 [pool-1-thread-1] DEBUG [CglibAopProxy.java:765] Method is declared on Advised interface: public abstract void org.springframework.aop.framework.Advised.addAdvisor(org.springframework.aop.Advisor) throws org.springframework.aop.framework.AopConfigException
2013-08-30 10:34:38,181 [pool-1-thread-1] DEBUG [CglibAopProxy.java:765] Method is declared on Advised interface: public abstract void org.springframework.aop.framework.Advised.addAdvisor(int,org.springframework.aop.Advisor) throws org.springframework.aop.framework.AopConfigException
2013-08-30 10:34:38,181 [pool-1-thread-1] DEBUG [CglibAopProxy.java:765] Method is declared on Advised interface: public abstract void org.springframework.aop.framework.Advised.setTargetSource(org.springframework.aop.TargetSource)
2013-08-30 10:34:38,181 [pool-1-thread-1] DEBUG [CglibAopProxy.java:765] Method is declared on Advised interface: public abstract void org.springframework.aop.framework.Advised.setPreFiltered(boolean)
2013-08-30 10:34:38,182 [pool-1-thread-1] DEBUG [CglibAopProxy.java:765] Method is declared on Advised interface: public abstract boolean org.springframework.aop.framework.Advised.isProxyTargetClass()
2013-08-30 10:34:38,182 [pool-1-thread-1] DEBUG [CglibAopProxy.java:765] Method is declared on Advised interface: public abstract void org.springframework.aop.framework.Advised.setExposeProxy(boolean)
2013-08-30 10:34:38,182 [pool-1-thread-1] DEBUG [CglibAopProxy.java:765] Method is declared on Advised interface: public abstract boolean org.springframework.aop.framework.Advised.isExposeProxy()
2013-08-30 10:34:38,182 [pool-1-thread-1] DEBUG [CglibAopProxy.java:765] Method is declared on Advised interface: public abstract void org.springframework.aop.framework.Advised.addAdvice(int,org.aopalliance.aop.Advice) throws org.springframework.aop.framework.AopConfigException
2013-08-30 10:34:38,182 [pool-1-thread-1] DEBUG [CglibAopProxy.java:765] Method is declared on Advised interface: public abstract void org.springframework.aop.framework.Advised.addAdvice(org.aopalliance.aop.Advice) throws org.springframework.aop.framework.AopConfigException
2013-08-30 10:34:38,182 [pool-1-thread-1] DEBUG [CglibAopProxy.java:765] Method is declared on Advised interface: public abstract boolean org.springframework.aop.framework.Advised.isPreFiltered()
2013-08-30 10:34:38,182 [pool-1-thread-1] DEBUG [CglibAopProxy.java:765] Method is declared on Advised interface: public abstract java.lang.Class[] org.springframework.aop.framework.Advised.getProxiedInterfaces()
2013-08-30 10:34:38,183 [pool-1-thread-1] DEBUG [CglibAopProxy.java:765] Method is declared on Advised interface: public abstract boolean org.springframework.aop.framework.Advised.isInterfaceProxied(java.lang.Class)
2013-08-30 10:34:38,183 [pool-1-thread-1] DEBUG [CglibAopProxy.java:765] Method is declared on Advised interface: public abstract org.springframework.aop.Advisor[] org.springframework.aop.framework.Advised.getAdvisors()
2013-08-30 10:34:38,183 [pool-1-thread-1] DEBUG [CglibAopProxy.java:765] Method is declared on Advised interface: public abstract void org.springframework.aop.framework.Advised.removeAdvisor(int) throws org.springframework.aop.framework.AopConfigException
2013-08-30 10:34:38,183 [pool-1-thread-1] DEBUG [CglibAopProxy.java:765] Method is declared on Advised interface: public abstract boolean org.springframework.aop.framework.Advised.removeAdvisor(org.springframework.aop.Advisor)
2013-08-30 10:34:38,183 [pool-1-thread-1] DEBUG [CglibAopProxy.java:765] Method is declared on Advised interface: public abstract boolean org.springframework.aop.framework.Advised.replaceAdvisor(org.springframework.aop.Advisor,org.springframework.aop.Advisor) throws org.springframework.aop.framework.AopConfigException
2013-08-30 10:34:38,183 [pool-1-thread-1] DEBUG [CglibAopProxy.java:765] Method is declared on Advised interface: public abstract boolean org.springframework.aop.framework.Advised.removeAdvice(org.aopalliance.aop.Advice)
2013-08-30 10:34:38,183 [pool-1-thread-1] DEBUG [CglibAopProxy.java:765] Method is declared on Advised interface: public abstract java.lang.String org.springframework.aop.framework.Advised.toProxyConfigString()
2013-08-30 10:34:38,183 [pool-1-thread-1] DEBUG [CglibAopProxy.java:765] Method is declared on Advised interface: public abstract int org.springframework.aop.framework.Advised.indexOf(org.aopalliance.aop.Advice)
2013-08-30 10:34:38,184 [pool-1-thread-1] DEBUG [CglibAopProxy.java:765] Method is declared on Advised interface: public abstract int org.springframework.aop.framework.Advised.indexOf(org.springframework.aop.Advisor)
2013-08-30 10:34:38,184 [pool-1-thread-1] DEBUG [CglibAopProxy.java:765] Method is declared on Advised interface: public abstract java.lang.Class org.springframework.aop.TargetClassAware.getTargetClass()
2013-08-30 10:34:38,190 [pool-1-thread-1] DEBUG [AbstractAutowireCapableBeanFactory.java:463] Finished creating instance of bean &apos;projectPlanService&apos;
2013-08-30 10:34:38,191 [pool-1-thread-1] DEBUG [DefaultSingletonBeanRegistry.java:215] Creating shared instance of singleton bean &apos;versionService&apos;
2013-08-30 10:34:38,191 [pool-1-thread-1] DEBUG [AbstractAutowireCapableBeanFactory.java:435] Creating instance of bean &apos;versionService&apos;
2013-08-30 10:34:38,191 [pool-1-thread-1] DEBUG [AbstractBeanFactory.java:246] Returning cached instance of singleton bean &apos;org.springframework.aop.support.DefaultBeanFactoryPointcutAdvisor#0&apos;
2013-08-30 10:34:38,191 [pool-1-thread-1] DEBUG [AbstractBeanFactory.java:246] Returning cached instance of singleton bean &apos;org.springframework.aop.support.DefaultBeanFactoryPointcutAdvisor#1&apos;
2013-08-30 10:34:38,192 [pool-1-thread-1] DEBUG [InjectionMetadata.java:71] Registered injected element on class [com.qingzhou.app.client.service.VersionService]: AutowiredFieldElement for private com.qingzhou.app.client.dao.VersionDao com.qingzhou.app.client.service.VersionService.versionDao
2013-08-30 10:34:38,192 [pool-1-thread-1] DEBUG [AbstractAutowireCapableBeanFactory.java:509] Eagerly caching bean &apos;versionService&apos; to allow for resolving potential circular references
2013-08-30 10:34:38,194 [pool-1-thread-1] DEBUG [InjectionMetadata.java:85] Processing injected method of bean &apos;versionService&apos;: AutowiredFieldElement for private com.qingzhou.app.client.dao.VersionDao com.qingzhou.app.client.service.VersionService.versionDao
2013-08-30 10:34:38,194 [pool-1-thread-1] DEBUG [AbstractBeanFactory.java:246] Returning cached instance of singleton bean &apos;versionDao&apos;
2013-08-30 10:34:38,195 [pool-1-thread-1] DEBUG [AbstractBeanFactory.java:246] Returning cached instance of singleton bean &apos;org.springframework.aop.support.DefaultBeanFactoryPointcutAdvisor#0&apos;
2013-08-30 10:34:38,195 [pool-1-thread-1] DEBUG [AbstractBeanFactory.java:246] Returning cached instance of singleton bean &apos;org.springframework.aop.support.DefaultBeanFactoryPointcutAdvisor#1&apos;
2013-08-30 10:34:38,196 [pool-1-thread-1] DEBUG [AbstractBeanFactory.java:246] Returning cached instance of singleton bean &apos;org.springframework.aop.support.DefaultBeanFactoryPointcutAdvisor#0&apos;
2013-08-30 10:34:38,196 [pool-1-thread-1] DEBUG [AbstractBeanFactory.java:246] Returning cached instance of singleton bean &apos;org.springframework.aop.support.DefaultBeanFactoryPointcutAdvisor#1&apos;
2013-08-30 10:34:38,198 [pool-1-thread-1] DEBUG [AutowiredAnnotationBeanPostProcessor.java:433] Autowiring by type from bean name &apos;versionService&apos; to bean named &apos;versionDao&apos;
2013-08-30 10:34:38,198 [pool-1-thread-1] DEBUG [AbstractBeanFactory.java:246] Returning cached instance of singleton bean &apos;org.springframework.aop.support.DefaultBeanFactoryPointcutAdvisor#0&apos;
2013-08-30 10:34:38,198 [pool-1-thread-1] DEBUG [AbstractBeanFactory.java:246] Returning cached instance of singleton bean &apos;org.springframework.aop.support.DefaultBeanFactoryPointcutAdvisor#1&apos;
2013-08-30 10:34:38,198 [pool-1-thread-1] DEBUG [AbstractBeanFactory.java:246] Returning cached instance of singleton bean &apos;org.springframework.aop.support.DefaultBeanFactoryPointcutAdvisor#0&apos;
2013-08-30 10:34:38,198 [pool-1-thread-1] DEBUG [AbstractBeanFactory.java:246] Returning cached instance of singleton bean &apos;org.springframework.aop.support.DefaultBeanFactoryPointcutAdvisor#1&apos;
2013-08-30 10:34:38,199 [pool-1-thread-1] DEBUG [AbstractAutoProxyCreator.java:538] Creating implicit proxy for bean &apos;versionService&apos; with 0 common interceptors and 3 specific interceptors
2013-08-30 10:34:38,199 [pool-1-thread-1] DEBUG [CglibAopProxy.java:155] Creating CGLIB proxy: target source is SingletonTargetSource for target object [com.qingzhou.app.client.service.VersionService@1d978ea]
2013-08-30 10:34:38,200 [pool-1-thread-1] DEBUG [CglibAopProxy.java:808] Unable to apply any optimisations to advised method: public com.qingzhou.app.client.domain.Version com.qingzhou.app.client.service.VersionService.getLastVer(com.qingzhou.app.client.domain.Version)
2013-08-30 10:34:38,200 [pool-1-thread-1] DEBUG [CglibAopProxy.java:808] Unable to apply any optimisations to advised method: public void com.qingzhou.app.client.service.VersionService.setAircraftDao(com.qingzhou.app.client.dao.VersionDao)
2013-08-30 10:34:38,200 [pool-1-thread-1] DEBUG [CglibAopProxy.java:808] Unable to apply any optimisations to advised method: public java.lang.Integer com.qingzhou.app.client.service.VersionService.count(com.qingzhou.app.client.domain.Version)
2013-08-30 10:34:38,201 [pool-1-thread-1] DEBUG [CglibAopProxy.java:808] Unable to apply any optimisations to advised method: public java.lang.Integer com.qingzhou.app.client.service.VersionService.count(java.lang.Object)
2013-08-30 10:34:38,201 [pool-1-thread-1] DEBUG [CglibAopProxy.java:808] Unable to apply any optimisations to advised method: public java.util.List com.qingzhou.app.client.service.VersionService.select(com.qingzhou.app.client.domain.Version)
2013-08-30 10:34:38,201 [pool-1-thread-1] DEBUG [CglibAopProxy.java:808] Unable to apply any optimisations to advised method: public java.util.List com.qingzhou.app.client.service.VersionService.select(java.lang.Object)
2013-08-30 10:34:38,202 [pool-1-thread-1] DEBUG [CglibAopProxy.java:808] Unable to apply any optimisations to advised method: protected java.lang.Class com.qingzhou.core.service.BaseService.getEntityClass()
2013-08-30 10:34:38,202 [pool-1-thread-1] DEBUG [CglibAopProxy.java:759] Found finalize() method - using NO_OVERRIDE
2013-08-30 10:34:38,202 [pool-1-thread-1] DEBUG [CglibAopProxy.java:771] Found &apos;equals&apos; method: public boolean java.lang.Object.equals(java.lang.Object)
2013-08-30 10:34:38,202 [pool-1-thread-1] DEBUG [CglibAopProxy.java:808] Unable to apply any optimisations to advised method: public java.lang.String java.lang.Object.toString()
2013-08-30 10:34:38,202 [pool-1-thread-1] DEBUG [CglibAopProxy.java:776] Found &apos;hashCode&apos; method: public native int java.lang.Object.hashCode()
2013-08-30 10:34:38,202 [pool-1-thread-1] DEBUG [CglibAopProxy.java:808] Unable to apply any optimisations to advised method: protected native java.lang.Object java.lang.Object.clone() throws java.lang.CloneNotSupportedException
2013-08-30 10:34:38,203 [pool-1-thread-1] DEBUG [CglibAopProxy.java:765] Method is declared on Advised interface: public abstract boolean org.springframework.aop.framework.Advised.isFrozen()
2013-08-30 10:34:38,203 [pool-1-thread-1] DEBUG [CglibAopProxy.java:765] Method is declared on Advised interface: public abstract org.springframework.aop.TargetSource org.springframework.aop.framework.Advised.getTargetSource()
2013-08-30 10:34:38,203 [pool-1-thread-1] DEBUG [CglibAopProxy.java:765] Method is declared on Advised interface: public abstract void org.springframework.aop.framework.Advised.addAdvisor(org.springframework.aop.Advisor) throws org.springframework.aop.framework.AopConfigException
2013-08-30 10:34:38,203 [pool-1-thread-1] DEBUG [CglibAopProxy.java:765] Method is declared on Advised interface: public abstract void org.springframework.aop.framework.Advised.addAdvisor(int,org.springframework.aop.Advisor) throws org.springframework.aop.framework.AopConfigException
2013-08-30 10:34:38,203 [pool-1-thread-1] DEBUG [CglibAopProxy.java:765] Method is declared on Advised interface: public abstract void org.springframework.aop.framework.Advised.setTargetSource(org.springframework.aop.TargetSource)
2013-08-30 10:34:38,203 [pool-1-thread-1] DEBUG [CglibAopProxy.java:765] Method is declared on Advised interface: public abstract void org.springframework.aop.framework.Advised.setPreFiltered(boolean)
2013-08-30 10:34:38,203 [pool-1-thread-1] DEBUG [CglibAopProxy.java:765] Method is declared on Advised interface: public abstract boolean org.springframework.aop.framework.Advised.isProxyTargetClass()
2013-08-30 10:34:38,204 [pool-1-thread-1] DEBUG [CglibAopProxy.java:765] Method is declared on Advised interface: public abstract void org.springframework.aop.framework.Advised.setExposeProxy(boolean)
2013-08-30 10:34:38,204 [pool-1-thread-1] DEBUG [CglibAopProxy.java:765] Method is declared on Advised interface: public abstract boolean org.springframework.aop.framework.Advised.isExposeProxy()
2013-08-30 10:34:38,204 [pool-1-thread-1] DEBUG [CglibAopProxy.java:765] Method is declared on Advised interface: public abstract void org.springframework.aop.framework.Advised.addAdvice(int,org.aopalliance.aop.Advice) throws org.springframework.aop.framework.AopConfigException
2013-08-30 10:34:38,204 [pool-1-thread-1] DEBUG [CglibAopProxy.java:765] Method is declared on Advised interface: public abstract void org.springframework.aop.framework.Advised.addAdvice(org.aopalliance.aop.Advice) throws org.springframework.aop.framework.AopConfigException
2013-08-30 10:34:38,204 [pool-1-thread-1] DEBUG [CglibAopProxy.java:765] Method is declared on Advised interface: public abstract boolean org.springframework.aop.framework.Advised.isPreFiltered()
2013-08-30 10:34:38,204 [pool-1-thread-1] DEBUG [CglibAopProxy.java:765] Method is declared on Advised interface: public abstract java.lang.Class[] org.springframework.aop.framework.Advised.getProxiedInterfaces()
2013-08-30 10:34:38,204 [pool-1-thread-1] DEBUG [CglibAopProxy.java:765] Method is declared on Advised interface: public abstract boolean org.springframework.aop.framework.Advised.isInterfaceProxied(java.lang.Class)
2013-08-30 10:34:38,205 [pool-1-thread-1] DEBUG [CglibAopProxy.java:765] Method is declared on Advised interface: public abstract org.springframework.aop.Advisor[] org.springframework.aop.framework.Advised.getAdvisors()
2013-08-30 10:34:38,205 [pool-1-thread-1] DEBUG [CglibAopProxy.java:765] Method is declared on Advised interface: public abstract void org.springframework.aop.framework.Advised.removeAdvisor(int) throws org.springframework.aop.framework.AopConfigException
2013-08-30 10:34:38,205 [pool-1-thread-1] DEBUG [CglibAopProxy.java:765] Method is declared on Advised interface: public abstract boolean org.springframework.aop.framework.Advised.removeAdvisor(org.springframework.aop.Advisor)
2013-08-30 10:34:38,205 [pool-1-thread-1] DEBUG [CglibAopProxy.java:765] Method is declared on Advised interface: public abstract boolean org.springframework.aop.framework.Advised.replaceAdvisor(org.springframework.aop.Advisor,org.springframework.aop.Advisor) throws org.springframework.aop.framework.AopConfigException
2013-08-30 10:34:38,205 [pool-1-thread-1] DEBUG [CglibAopProxy.java:765] Method is declared on Advised interface: public abstract boolean org.springframework.aop.framework.Advised.removeAdvice(org.aopalliance.aop.Advice)
2013-08-30 10:34:38,205 [pool-1-thread-1] DEBUG [CglibAopProxy.java:765] Method is declared on Advised interface: public abstract java.lang.String org.springframework.aop.framework.Advised.toProxyConfigString()
2013-08-30 10:34:38,205 [pool-1-thread-1] DEBUG [CglibAopProxy.java:765] Method is declared on Advised interface: public abstract int org.springframework.aop.framework.Advised.indexOf(org.aopalliance.aop.Advice)
2013-08-30 10:34:38,206 [pool-1-thread-1] DEBUG [CglibAopProxy.java:765] Method is declared on Advised interface: public abstract int org.springframework.aop.framework.Advised.indexOf(org.springframework.aop.Advisor)
2013-08-30 10:34:38,206 [pool-1-thread-1] DEBUG [CglibAopProxy.java:765] Method is declared on Advised interface: public abstract java.lang.Class org.springframework.aop.TargetClassAware.getTargetClass()
2013-08-30 10:34:38,213 [pool-1-thread-1] DEBUG [AbstractAutowireCapableBeanFactory.java:463] Finished creating instance of bean &apos;versionService&apos;
2013-08-30 10:34:38,213 [pool-1-thread-1] DEBUG [AbstractBeanFactory.java:246] Returning cached instance of singleton bean &apos;org.springframework.context.annotation.internalConfigurationAnnotationProcessor&apos;
2013-08-30 10:34:38,214 [pool-1-thread-1] DEBUG [AbstractBeanFactory.java:246] Returning cached instance of singleton bean &apos;org.springframework.context.annotation.internalAutowiredAnnotationProcessor&apos;
2013-08-30 10:34:38,214 [pool-1-thread-1] DEBUG [AbstractBeanFactory.java:246] Returning cached instance of singleton bean &apos;org.springframework.context.annotation.internalRequiredAnnotationProcessor&apos;
2013-08-30 10:34:38,214 [pool-1-thread-1] DEBUG [AbstractBeanFactory.java:246] Returning cached instance of singleton bean &apos;org.springframework.context.annotation.internalCommonAnnotationProcessor&apos;
2013-08-30 10:34:38,214 [pool-1-thread-1] DEBUG [AbstractBeanFactory.java:246] Returning cached instance of singleton bean &apos;org.mybatis.spring.mapper.MapperScannerConfigurer#1&apos;
2013-08-30 10:34:38,214 [pool-1-thread-1] DEBUG [AbstractBeanFactory.java:246] Returning cached instance of singleton bean &apos;org.springframework.aop.support.DefaultBeanFactoryPointcutAdvisor#1&apos;
2013-08-30 10:34:38,214 [pool-1-thread-1] DEBUG [DefaultSingletonBeanRegistry.java:215] Creating shared instance of singleton bean &apos;com.qingzhou.core.util.SpringContextHolder#1&apos;
2013-08-30 10:34:38,214 [pool-1-thread-1] DEBUG [AbstractAutowireCapableBeanFactory.java:435] Creating instance of bean &apos;com.qingzhou.core.util.SpringContextHolder#1&apos;
2013-08-30 10:34:38,214 [pool-1-thread-1] DEBUG [AbstractBeanFactory.java:246] Returning cached instance of singleton bean &apos;org.springframework.aop.support.DefaultBeanFactoryPointcutAdvisor#0&apos;
2013-08-30 10:34:38,214 [pool-1-thread-1] DEBUG [AbstractBeanFactory.java:246] Returning cached instance of singleton bean &apos;org.springframework.aop.support.DefaultBeanFactoryPointcutAdvisor#1&apos;
2013-08-30 10:34:38,214 [pool-1-thread-1] DEBUG [AbstractAutowireCapableBeanFactory.java:509] Eagerly caching bean &apos;com.qingzhou.core.util.SpringContextHolder#1&apos; to allow for resolving potential circular references
2013-08-30 10:34:38,215 [pool-1-thread-1] DEBUG [SpringContextHolder.java:80] 注入ApplicationContext到SpringContextHolder:org.springframework.context.support.GenericApplicationContext@145c859: startup date [Fri Aug 30 10:34:36 CST 2013]; root of context hierarchy
2013-08-30 10:34:38,215 [pool-1-thread-1] WARN  [SpringContextHolder.java:83] SpringContextHolder中的ApplicationContext被覆盖, 原有ApplicationContext为:org.springframework.context.support.GenericApplicationContext@145c859: startup date [Fri Aug 30 10:34:36 CST 2013]; root of context hierarchy
2013-08-30 10:34:38,215 [pool-1-thread-1] DEBUG [AbstractBeanFactory.java:246] Returning cached instance of singleton bean &apos;org.springframework.aop.support.DefaultBeanFactoryPointcutAdvisor#0&apos;
2013-08-30 10:34:38,215 [pool-1-thread-1] DEBUG [AbstractBeanFactory.java:246] Returning cached instance of singleton bean &apos;org.springframework.aop.support.DefaultBeanFactoryPointcutAdvisor#1&apos;
2013-08-30 10:34:38,215 [pool-1-thread-1] DEBUG [AbstractBeanFactory.java:246] Returning cached instance of singleton bean &apos;org.springframework.aop.support.DefaultBeanFactoryPointcutAdvisor#0&apos;
2013-08-30 10:34:38,215 [pool-1-thread-1] DEBUG [AbstractBeanFactory.java:246] Returning cached instance of singleton bean &apos;org.springframework.aop.support.DefaultBeanFactoryPointcutAdvisor#1&apos;
2013-08-30 10:34:38,216 [pool-1-thread-1] DEBUG [AbstractAutowireCapableBeanFactory.java:463] Finished creating instance of bean &apos;com.qingzhou.core.util.SpringContextHolder#1&apos;
2013-08-30 10:34:38,216 [pool-1-thread-1] DEBUG [AbstractBeanFactory.java:246] Returning cached instance of singleton bean &apos;aircraftDao&apos;
2013-08-30 10:34:38,216 [pool-1-thread-1] DEBUG [AbstractBeanFactory.java:246] Returning cached instance of singleton bean &apos;contractDao&apos;
2013-08-30 10:34:38,216 [pool-1-thread-1] DEBUG [AbstractBeanFactory.java:246] Returning cached instance of singleton bean &apos;loginStatusDao&apos;
2013-08-30 10:34:38,216 [pool-1-thread-1] DEBUG [AbstractBeanFactory.java:246] Returning cached instance of singleton bean &apos;projectPlanDao&apos;
2013-08-30 10:34:38,216 [pool-1-thread-1] DEBUG [AbstractBeanFactory.java:246] Returning cached instance of singleton bean &apos;restCommonDao&apos;
2013-08-30 10:34:38,216 [pool-1-thread-1] DEBUG [AbstractBeanFactory.java:246] Returning cached instance of singleton bean &apos;versionDao&apos;
2013-08-30 10:34:38,216 [pool-1-thread-1] DEBUG [AbstractBeanFactory.java:246] Returning cached instance of singleton bean &apos;org.springframework.context.annotation.ConfigurationClassPostProcessor.importAwareProcessor&apos;
2013-08-30 10:34:38,218 [pool-1-thread-1] DEBUG [AbstractApplicationContext.java:858] Unable to locate LifecycleProcessor with name &apos;lifecycleProcessor&apos;: using default [org.springframework.context.support.DefaultLifecycleProcessor@35dc95]
2013-08-30 10:34:38,218 [pool-1-thread-1] DEBUG [AbstractBeanFactory.java:246] Returning cached instance of singleton bean &apos;lifecycleProcessor&apos;
2013-08-30 10:34:38,218 [pool-1-thread-1] DEBUG [AbstractBeanFactory.java:246] Returning cached instance of singleton bean &apos;sqlSessionFactory&apos;
2013-08-30 10:34:38,220 [pool-1-thread-1] DEBUG [PropertySourcesPropertyResolver.java:70] Searching for key &apos;spring.liveBeansView.mbeanDomain&apos; in [systemProperties]
2013-08-30 10:34:38,220 [pool-1-thread-1] DEBUG [PropertySourcesPropertyResolver.java:70] Searching for key &apos;spring.liveBeansView.mbeanDomain&apos; in [systemEnvironment]
2013-08-30 10:34:38,220 [pool-1-thread-1] DEBUG [PropertySourcesPropertyResolver.java:93] Could not find key &apos;spring.liveBeansView.mbeanDomain&apos; in any property source. Returning [null]
2013-08-30 10:34:38,221 [pool-1-thread-1] DEBUG [CacheAwareContextLoaderDelegate.java:93] Storing ApplicationContext in cache under key [[MergedContextConfiguration@1542a75 testClass = ProjectPlanTest, locations = &apos;{classpath:spring.xml, classpath:spring.xml}&apos;, classes = &apos;{}&apos;, contextInitializerClasses = &apos;[]&apos;, activeProfiles = &apos;{}&apos;, contextLoader = &apos;org.springframework.test.context.support.DelegatingSmartContextLoader&apos;, parent = [null]]].
2013-08-30 10:34:38,224 [pool-1-thread-1] DEBUG [InjectionMetadata.java:85] Processing injected method of bean &apos;test.ProjectPlanTest&apos;: AutowiredFieldElement for protected org.springframework.context.ApplicationContext test.core.TestBase.applicationContext
2013-08-30 10:34:38,224 [pool-1-thread-1] DEBUG [AutowiredAnnotationBeanPostProcessor.java:433] Autowiring by type from bean name &apos;test.ProjectPlanTest&apos; to bean named &apos;org.springframework.context.support.GenericApplicationContext@145c859&apos;
2013-08-30 10:34:38,224 [pool-1-thread-1] DEBUG [AbstractBeanFactory.java:246] Returning cached instance of singleton bean &apos;org.springframework.aop.support.DefaultBeanFactoryPointcutAdvisor#0&apos;
2013-08-30 10:34:38,224 [pool-1-thread-1] DEBUG [AbstractBeanFactory.java:246] Returning cached instance of singleton bean &apos;org.springframework.aop.support.DefaultBeanFactoryPointcutAdvisor#1&apos;
2013-08-30 10:34:38,224 [pool-1-thread-1] DEBUG [AbstractBeanFactory.java:246] Returning cached instance of singleton bean &apos;org.springframework.aop.support.DefaultBeanFactoryPointcutAdvisor#0&apos;
2013-08-30 10:34:38,224 [pool-1-thread-1] DEBUG [AbstractBeanFactory.java:246] Returning cached instance of singleton bean &apos;org.springframework.aop.support.DefaultBeanFactoryPointcutAdvisor#1&apos;
2013-08-30 10:34:38,228 [pool-1-thread-1] DEBUG [AbstractBeanFactory.java:246] Returning cached instance of singleton bean &apos;projectPlanService&apos;
2013-08-30 10:34:38,240 [pool-1-thread-1] DEBUG [AbstractPlatformTransactionManager.java:366] Creating new transaction with name [com.qingzhou.app.client.service.ProjectPlanService.getProjectPlan]: PROPAGATION_REQUIRED,ISOLATION_DEFAULT,readOnly
2013-08-30 10:34:38,242 [pool-1-thread-1] DEBUG [DataSourceTransactionManager.java:205] Acquired Connection [jdbc:oracle:thin:@218.59.147.66:2013:MYTEST, UserName=SAAS, Oracle JDBC driver] for JDBC transaction
2013-08-30 10:34:38,246 [pool-1-thread-1] DEBUG [DataSourceUtils.java:153] Setting JDBC Connection [jdbc:oracle:thin:@218.59.147.66:2013:MYTEST, UserName=SAAS, Oracle JDBC driver] read-only
2013-08-30 10:34:38,246 [pool-1-thread-1] DEBUG [DataSourceTransactionManager.java:222] Switching JDBC Connection [jdbc:oracle:thin:@218.59.147.66:2013:MYTEST, UserName=SAAS, Oracle JDBC driver] to manual commit
2013-08-30 10:34:38,246 [pool-1-thread-1] DEBUG [AbstractPlatformTransactionManager.java:471] Participating in existing transaction
2013-08-30 10:34:38,262 [pool-1-thread-1] DEBUG [SqlSessionUtils.java:106] Creating a new SqlSession
2013-08-30 10:34:38,266 [pool-1-thread-1] DEBUG [SqlSessionUtils.java:122] Registering transaction synchronization for SqlSession [org.apache.ibatis.session.defaults.DefaultSqlSession@a30fd]
2013-08-30 10:34:38,323 [pool-1-thread-1] DEBUG [SpringManagedTransaction.java:85] JDBC Connection [jdbc:oracle:thin:@218.59.147.66:2013:MYTEST, UserName=SAAS, Oracle JDBC driver] will be managed by Spring
2013-08-30 10:34:38,324 [pool-1-thread-1] DEBUG [BaseJdbcLogger.java:132] ooo Using Connection [jdbc:oracle:thin:@218.59.147.66:2013:MYTEST, UserName=SAAS, Oracle JDBC driver]
2013-08-30 10:34:38,327 [pool-1-thread-1] DEBUG [BaseJdbcLogger.java:132] ==&gt;  Preparing: select to_char(SYSDATE,&apos;YYYY-MM-DD&apos;) from dual 
2013-08-30 10:34:38,379 [pool-1-thread-1] DEBUG [BaseJdbcLogger.java:132] ==&gt; Parameters: 
2013-08-30 10:34:38,399 [pool-1-thread-1] DEBUG [SqlSessionUtils.java:165] Releasing transactional SqlSession [org.apache.ibatis.session.defaults.DefaultSqlSession@a30fd]
2013-08-30 10:34:38,400 [pool-1-thread-1] DEBUG [SqlSessionUtils.java:99] Fetched SqlSession [org.apache.ibatis.session.defaults.DefaultSqlSession@a30fd] from current transaction
2013-08-30 10:34:38,410 [pool-1-thread-1] DEBUG [BaseJdbcLogger.java:132] ooo Using Connection [jdbc:oracle:thin:@218.59.147.66:2013:MYTEST, UserName=SAAS, Oracle JDBC driver]
2013-08-30 10:34:38,410 [pool-1-thread-1] DEBUG [BaseJdbcLogger.java:132] ==&gt;  Preparing: select t1.sche_id, t2.schedetail_id, t2.project_process_id, t2.project_process_name, t2.project_process_level, t2.project_process_order, t2.project_process_parent_id, to_char(t2.sche_start_project,&apos;MM-DD&apos;) as sche_start_project, to_char(t2.sche_end_project,&apos;MM-DD&apos;) as sche_end_project, t2.is_last_done, t2.schedetail_Flag, (select count(f.file_id) from t_saas_project_sche_file f where f.sche_detail_id = t2.schedetail_id and f.sche_id = t2.sche_id ) as photoCount from T_SAAS_PROJECT_SCHE_NEW t1, T_SAAS_PROJECT_SCHE_DETAIL t2 where t2.sche_id = t1.sche_id and t2.detail_flag = &apos;0&apos; and t1.reg_id=? and t2.project_process_level=? order by to_number(t2.project_process_order) 
2013-08-30 10:34:38,411 [pool-1-thread-1] DEBUG [BaseJdbcLogger.java:132] ==&gt; Parameters: 4028813040868084014086834f7d0001(String), 1(String)
2013-08-30 10:34:38,426 [pool-1-thread-1] DEBUG [SqlSessionUtils.java:165] Releasing transactional SqlSession [org.apache.ibatis.session.defaults.DefaultSqlSession@a30fd]
2013-08-30 10:34:38,427 [pool-1-thread-1] DEBUG [SqlSessionUtils.java:99] Fetched SqlSession [org.apache.ibatis.session.defaults.DefaultSqlSession@a30fd] from current transaction
2013-08-30 10:34:38,427 [pool-1-thread-1] DEBUG [BaseJdbcLogger.java:132] ooo Using Connection [jdbc:oracle:thin:@218.59.147.66:2013:MYTEST, UserName=SAAS, Oracle JDBC driver]
2013-08-30 10:34:38,427 [pool-1-thread-1] DEBUG [BaseJdbcLogger.java:132] ==&gt;  Preparing: select t1.sche_id, t2.schedetail_id, t2.project_process_id, t2.project_process_name, t2.project_process_level, t2.project_process_order, t2.project_process_parent_id, to_char(t2.sche_start_project,&apos;MM-DD&apos;) as sche_start_project, to_char(t2.sche_end_project,&apos;MM-DD&apos;) as sche_end_project, t2.is_last_done, t2.schedetail_Flag, (select count(f.file_id) from t_saas_project_sche_file f where f.sche_detail_id = t2.schedetail_id and f.sche_id = t2.sche_id ) as photoCount from T_SAAS_PROJECT_SCHE_NEW t1, T_SAAS_PROJECT_SCHE_DETAIL t2 where t2.sche_id = t1.sche_id and t2.detail_flag = &apos;0&apos; and t1.reg_id=? and t2.project_process_level=? order by to_number(t2.project_process_order) 
2013-08-30 10:34:38,428 [pool-1-thread-1] DEBUG [BaseJdbcLogger.java:132] ==&gt; Parameters: 4028813040868084014086834f7d0001(String), 2(String)
2013-08-30 10:34:38,446 [pool-1-thread-1] DEBUG [SqlSessionUtils.java:165] Releasing transactional SqlSession [org.apache.ibatis.session.defaults.DefaultSqlSession@a30fd]
2013-08-30 10:34:38,446 [pool-1-thread-1] DEBUG [SqlSessionUtils.java:99] Fetched SqlSession [org.apache.ibatis.session.defaults.DefaultSqlSession@a30fd] from current transaction
2013-08-30 10:34:38,446 [pool-1-thread-1] DEBUG [BaseJdbcLogger.java:132] ooo Using Connection [jdbc:oracle:thin:@218.59.147.66:2013:MYTEST, UserName=SAAS, Oracle JDBC driver]
2013-08-30 10:34:38,447 [pool-1-thread-1] DEBUG [BaseJdbcLogger.java:132] ==&gt;  Preparing: select to_date(?,&apos;YYYY-MM-DD&apos;)-max(t.sche_end_project) from T_SAAS_PROJECT_SCHE_DETAIL t where t.detail_flag=&apos;0&apos; and t.project_process_level=&apos;1&apos; and t.sche_id=? 
2013-08-30 10:34:38,447 [pool-1-thread-1] DEBUG [BaseJdbcLogger.java:132] ==&gt; Parameters: 2013-08-30(String), (String)
2013-08-30 10:34:38,452 [pool-1-thread-1] DEBUG [SqlSessionUtils.java:165] Releasing transactional SqlSession [org.apache.ibatis.session.defaults.DefaultSqlSession@a30fd]
2013-08-30 10:34:38,453 [pool-1-thread-1] DEBUG [AbstractPlatformTransactionManager.java:851] Participating transaction failed - marking existing transaction as rollback-only
2013-08-30 10:34:38,453 [pool-1-thread-1] DEBUG [DataSourceTransactionManager.java:294] Setting JDBC transaction [jdbc:oracle:thin:@218.59.147.66:2013:MYTEST, UserName=SAAS, Oracle JDBC driver] rollback-only
2013-08-30 10:34:38,453 [pool-1-thread-1] DEBUG [AbstractPlatformTransactionManager.java:844] Initiating transaction rollback
2013-08-30 10:34:38,453 [pool-1-thread-1] DEBUG [DataSourceTransactionManager.java:280] Rolling back JDBC transaction on Connection [jdbc:oracle:thin:@218.59.147.66:2013:MYTEST, UserName=SAAS, Oracle JDBC driver]
2013-08-30 10:34:38,455 [pool-1-thread-1] DEBUG [SqlSessionUtils.java:283] Transaction synchronization rolling back SqlSession [org.apache.ibatis.session.defaults.DefaultSqlSession@a30fd]
2013-08-30 10:34:38,455 [pool-1-thread-1] DEBUG [SqlSessionUtils.java:298] Transaction synchronization closing SqlSession [org.apache.ibatis.session.defaults.DefaultSqlSession@a30fd]
2013-08-30 10:34:38,455 [pool-1-thread-1] DEBUG [DataSourceUtils.java:222] Resetting read-only flag of JDBC Connection [jdbc:oracle:thin:@218.59.147.66:2013:MYTEST, UserName=SAAS, Oracle JDBC driver]
2013-08-30 10:34:38,455 [pool-1-thread-1] DEBUG [DataSourceTransactionManager.java:323] Releasing JDBC Connection [jdbc:oracle:thin:@218.59.147.66:2013:MYTEST, UserName=SAAS, Oracle JDBC driver] after transaction
2013-08-30 10:34:38,455 [pool-1-thread-1] DEBUG [DataSourceUtils.java:327] Returning JDBC Connection to DataSource
</system-out>
  </testcase>
</testsuite>